#
# There is insufficient memory for the Java Runtime Environment to continue.
# Native memory allocation (malloc) failed to allocate 1054096 bytes for Chunk::new
# Possible reasons:
#   The system is out of physical RAM or swap space
#   The process is running with CompressedOops enabled, and the Java Heap may be blocking the growth of the native heap
# Possible solutions:
#   Reduce memory load on the system
#   Increase physical memory or swap space
#   Check if swap backing store is full
#   Decrease Java heap size (-Xmx/-Xms)
#   Decrease number of Java threads
#   Decrease Java thread stack sizes (-Xss)
#   Set larger code cache with -XX:ReservedCodeCacheSize=
#   JVM is running with Zero Based Compressed Oops mode in which the Java heap is
#     placed in the first 32GB address space. The Java Heap base address is the
#     maximum limit for the native heap growth. Please use -XX:HeapBaseMinAddress
#     to set the Java Heap base and to place the Java Heap above 32GB virtual address.
# This output file may be truncated or incomplete.
#
#  Out of Memory Error (arena.cpp:189), pid=15092, tid=9044
#
# JRE version: Java(TM) SE Runtime Environment (17.0.12+8) (build 17.0.12+8-LTS-286)
# Java VM: Java HotSpot(TM) 64-Bit Server VM (17.0.12+8-LTS-286, mixed mode, sharing, tiered, compressed oops, compressed class ptrs, g1 gc, windows-amd64)
# No core dump will be written. Minidumps are not enabled by default on client versions of Windows
#

---------------  S U M M A R Y ------------

Command Line: -XX:MaxMetaspaceSize=2G -XX:+HeapDumpOnOutOfMemoryError --add-opens=java.base/java.util=ALL-UNNAMED --add-opens=java.base/java.lang=ALL-UNNAMED --add-opens=java.base/java.lang.invoke=ALL-UNNAMED --add-opens=java.prefs/java.util.prefs=ALL-UNNAMED --add-opens=java.base/java.nio.charset=ALL-UNNAMED --add-opens=java.base/java.net=ALL-UNNAMED --add-opens=java.base/java.util.concurrent.atomic=ALL-UNNAMED -Xmx4G -Dfile.encoding=utf8 -Duser.country=BR -Duser.language=pt -Duser.variant -javaagent:C:\Users\Lucas&Matheus\.gradle\wrapper\dists\gradle-8.3-all\6en3ugtfdg5xnpx44z4qbwgas\gradle-8.3\lib\agents\gradle-instrumentation-agent-8.3.jar org.gradle.launcher.daemon.bootstrap.GradleDaemon 8.3

Host: AMD Ryzen 5 5600G with Radeon Graphics         , 12 cores, 6G,  Windows 11 , 64 bit Build 26100 (10.0.26100.4441)
Time: Sat Jul  5 00:43:22 2025 Hora oficial do Brasil elapsed time: 2110.950846 seconds (0d 0h 35m 10s)

---------------  T H R E A D  ---------------

Current thread (0x000002357ed000d0):  JavaThread "C2 CompilerThread0" daemon [_thread_in_native, id=9044, stack(0x0000008db0b00000,0x0000008db0c00000)]


Current CompileTask:
C2:2110956 11107       4       org.jetbrains.org.objectweb.asm.ClassReader::accept (1380 bytes)

Stack: [0x0000008db0b00000,0x0000008db0c00000]
Native frames: (J=compiled Java code, j=interpreted, Vv=VM code, C=native code)
V  [jvm.dll+0x67a04a]
V  [jvm.dll+0x7da4ed]
V  [jvm.dll+0x7dbe33]
V  [jvm.dll+0x7dc4a3]
V  [jvm.dll+0x24508f]
V  [jvm.dll+0xab773]
V  [jvm.dll+0xabd3c]
V  [jvm.dll+0x361b9f]
V  [jvm.dll+0x32c431]
V  [jvm.dll+0x32b8ca]
V  [jvm.dll+0x21683f]
V  [jvm.dll+0x215c6f]
V  [jvm.dll+0x1a2960]
V  [jvm.dll+0x22610b]
V  [jvm.dll+0x2242ab]
V  [jvm.dll+0x79075c]
V  [jvm.dll+0x78abea]
V  [jvm.dll+0x678f35]
C  [ucrtbase.dll+0x37b0]
C  [KERNEL32.DLL+0x2e8d7]
C  [ntdll.dll+0x3c34c]


---------------  P R O C E S S  ---------------

Threads class SMR info:
_java_thread_list=0x000002354c5e98c0, length=48, elements={
0x0000023561ea3830, 0x000002357ece0c00, 0x000002357ece56f0, 0x000002357ecf8550,
0x000002357ecfae30, 0x000002357ecfb700, 0x000002357ecfbfd0, 0x000002357ed000d0,
0x000002357ed00a90, 0x000002357ed013a0, 0x000002357eccd100, 0x000002357f48c7e0,
0x000002354b85e3e0, 0x000002354c33ffe0, 0x000002354c45a500, 0x000002354c6a1150,
0x000002354c69e3c0, 0x000002354c69e8d0, 0x000002354c69fd10, 0x000002354c6a0220,
0x000002354bea9570, 0x000002354bea9060, 0x000002354bea9a80, 0x000002354beab3d0,
0x000002354beaa9b0, 0x000002354beabdf0, 0x000002354beacd20, 0x000002354beadc50,
0x000002354beaffc0, 0x000002354beaf5a0, 0x000002354beaeb80, 0x000002354beae160,
0x000002354beb09e0, 0x000002354c69f2f0, 0x000002354beaaec0, 0x000002354beac810,
0x000002354bead230, 0x000002354beaa4a0, 0x000002354beae670, 0x000002354beaf090,
0x000002354beb04d0, 0x000002354beafab0, 0x000002354c69f800, 0x000002354c6a0730,
0x000002354c6a1660, 0x000002354c69deb0, 0x000002354e43f810, 0x000002354e43e2d0
}

Java Threads: ( => current thread )
  0x0000023561ea3830 JavaThread "main" [_thread_blocked, id=12620, stack(0x0000008dafe00000,0x0000008daff00000)]
  0x000002357ece0c00 JavaThread "Reference Handler" daemon [_thread_blocked, id=6488, stack(0x0000008db0500000,0x0000008db0600000)]
  0x000002357ece56f0 JavaThread "Finalizer" daemon [_thread_blocked, id=16972, stack(0x0000008db0600000,0x0000008db0700000)]
  0x000002357ecf8550 JavaThread "Signal Dispatcher" daemon [_thread_blocked, id=13752, stack(0x0000008db0700000,0x0000008db0800000)]
  0x000002357ecfae30 JavaThread "Attach Listener" daemon [_thread_blocked, id=6460, stack(0x0000008db0800000,0x0000008db0900000)]
  0x000002357ecfb700 JavaThread "Service Thread" daemon [_thread_blocked, id=1236, stack(0x0000008db0900000,0x0000008db0a00000)]
  0x000002357ecfbfd0 JavaThread "Monitor Deflation Thread" daemon [_thread_blocked, id=14728, stack(0x0000008db0a00000,0x0000008db0b00000)]
=>0x000002357ed000d0 JavaThread "C2 CompilerThread0" daemon [_thread_in_native, id=9044, stack(0x0000008db0b00000,0x0000008db0c00000)]
  0x000002357ed00a90 JavaThread "C1 CompilerThread0" daemon [_thread_blocked, id=17120, stack(0x0000008db0c00000,0x0000008db0d00000)]
  0x000002357ed013a0 JavaThread "Sweeper thread" daemon [_thread_blocked, id=10440, stack(0x0000008db0d00000,0x0000008db0e00000)]
  0x000002357eccd100 JavaThread "Common-Cleaner" daemon [_thread_blocked, id=15036, stack(0x0000008db0e00000,0x0000008db0f00000)]
  0x000002357f48c7e0 JavaThread "Notification Thread" daemon [_thread_blocked, id=14280, stack(0x0000008db0f00000,0x0000008db1000000)]
  0x000002354b85e3e0 JavaThread "Daemon health stats" [_thread_blocked, id=15200, stack(0x0000008db1200000,0x0000008db1300000)]
  0x000002354c33ffe0 JavaThread "Incoming local TCP Connector on port 62434" [_thread_in_native, id=11768, stack(0x0000008db1700000,0x0000008db1800000)]
  0x000002354c45a500 JavaThread "Daemon periodic checks" [_thread_blocked, id=2632, stack(0x0000008db1800000,0x0000008db1900000)]
  0x000002354c6a1150 JavaThread "Cache worker for journal cache (C:\Users\Lucas&Matheus\.gradle\caches\journal-1)" [_thread_blocked, id=15636, stack(0x0000008db2400000,0x0000008db2500000)]
  0x000002354c69e3c0 JavaThread "File lock request listener" [_thread_in_native, id=7600, stack(0x0000008db2500000,0x0000008db2600000)]
  0x000002354c69e8d0 JavaThread "Cache worker for file hash cache (C:\Users\Lucas&Matheus\.gradle\caches\8.3\fileHashes)" [_thread_blocked, id=11880, stack(0x0000008db2800000,0x0000008db2900000)]
  0x000002354c69fd10 JavaThread "File watcher server" daemon [_thread_in_native, id=10800, stack(0x0000008db2a00000,0x0000008db2b00000)]
  0x000002354c6a0220 JavaThread "File watcher consumer" daemon [_thread_blocked, id=4496, stack(0x0000008db2b00000,0x0000008db2c00000)]
  0x000002354bea9570 JavaThread "jar transforms" [_thread_blocked, id=7732, stack(0x0000008db2700000,0x0000008db2800000)]
  0x000002354bea9060 JavaThread "jar transforms Thread 2" [_thread_blocked, id=16236, stack(0x0000008db2900000,0x0000008db2a00000)]
  0x000002354bea9a80 JavaThread "jar transforms Thread 3" [_thread_blocked, id=4104, stack(0x0000008db2c00000,0x0000008db2d00000)]
  0x000002354beab3d0 JavaThread "Cache worker for file content cache (C:\Users\Lucas&Matheus\.gradle\caches\8.3\fileContent)" [_thread_blocked, id=1668, stack(0x0000008db3300000,0x0000008db3400000)]
  0x000002354beaa9b0 JavaThread "Cache worker for execution history cache (C:\Users\Lucas&Matheus\.gradle\caches\8.3\executionHistory)" [_thread_blocked, id=14072, stack(0x0000008db3500000,0x0000008db3600000)]
  0x000002354beabdf0 JavaThread "jar transforms Thread 4" [_thread_blocked, id=13376, stack(0x0000008db2d00000,0x0000008db2e00000)]
  0x000002354beacd20 JavaThread "jar transforms Thread 5" [_thread_blocked, id=2576, stack(0x0000008db3600000,0x0000008db3700000)]
  0x000002354beadc50 JavaThread "jar transforms Thread 6" [_thread_blocked, id=12712, stack(0x0000008db3700000,0x0000008db3800000)]
  0x000002354beaffc0 JavaThread "jar transforms Thread 7" [_thread_blocked, id=16816, stack(0x0000008db3a00000,0x0000008db3b00000)]
  0x000002354beaf5a0 JavaThread "jar transforms Thread 8" [_thread_blocked, id=10600, stack(0x0000008db3900000,0x0000008db3a00000)]
  0x000002354beaeb80 JavaThread "jar transforms Thread 9" [_thread_blocked, id=9080, stack(0x0000008db3800000,0x0000008db3900000)]
  0x000002354beae160 JavaThread "jar transforms Thread 10" [_thread_blocked, id=3528, stack(0x0000008db3c00000,0x0000008db3d00000)]
  0x000002354beb09e0 JavaThread "jar transforms Thread 11" [_thread_blocked, id=12048, stack(0x0000008db3f00000,0x0000008db4000000)]
  0x000002354c69f2f0 JavaThread "jar transforms Thread 12" [_thread_blocked, id=4880, stack(0x0000008db4000000,0x0000008db4100000)]
  0x000002354beaaec0 JavaThread "Daemon Thread 11" [_thread_blocked, id=2492, stack(0x0000008dafb00000,0x0000008dafc00000)]
  0x000002354beac810 JavaThread "Handler for socket connection from /127.0.0.1:62434 to /127.0.0.1:65434" [_thread_in_native, id=7656, stack(0x0000008dafc00000,0x0000008dafd00000)]
  0x000002354bead230 JavaThread "Cancel handler" [_thread_blocked, id=13092, stack(0x0000008dafd00000,0x0000008dafe00000)]
  0x000002354beaa4a0 JavaThread "Daemon worker Thread 9" [_thread_in_Java, id=20112, stack(0x0000008db1100000,0x0000008db1200000)]
  0x000002354beae670 JavaThread "Asynchronous log dispatcher for DefaultDaemonConnection: socket connection from /127.0.0.1:62434 to /127.0.0.1:65434" [_thread_blocked, id=5764, stack(0x0000008db1900000,0x0000008db1a00000)]
  0x000002354beaf090 JavaThread "Stdin handler" [_thread_blocked, id=18340, stack(0x0000008db1a00000,0x0000008db1b00000)]
  0x000002354beb04d0 JavaThread "Daemon client event forwarder" [_thread_blocked, id=9736, stack(0x0000008db1b00000,0x0000008db1c00000)]
  0x000002354beafab0 JavaThread "Cache worker for checksums cache (C:\Users\Lucas&Matheus\Music\Projeto_Software\android\.gradle\8.3\checksums)" [_thread_blocked, id=18872, stack(0x0000008db1c00000,0x0000008db1d00000)]
  0x000002354c69f800 JavaThread "Cache worker for file hash cache (C:\Users\Lucas&Matheus\Music\Projeto_Software\android\.gradle\8.3\fileHashes)" [_thread_blocked, id=10192, stack(0x0000008db1d00000,0x0000008db1e00000)]
  0x000002354c6a0730 JavaThread "Cache worker for cache directory md-supplier (C:\Users\Lucas&Matheus\.gradle\caches\8.3\md-supplier)" [_thread_blocked, id=17000, stack(0x0000008db1e00000,0x0000008db1f00000)]
  0x000002354c6a1660 JavaThread "Cache worker for cache directory md-rule (C:\Users\Lucas&Matheus\.gradle\caches\8.3\md-rule)" [_thread_blocked, id=19180, stack(0x0000008db2600000,0x0000008db2700000)]
  0x000002354c69deb0 JavaThread "Cache worker for kotlin-dsl (C:\Users\Lucas&Matheus\.gradle\caches\8.3\kotlin-dsl)" [_thread_blocked, id=6184, stack(0x0000008db2e00000,0x0000008db2f00000)]
  0x000002354e43f810 JavaThread "C2 CompilerThread1" daemon [_thread_in_native, id=11020, stack(0x0000008db3100000,0x0000008db3200000)]
  0x000002354e43e2d0 JavaThread "C2 CompilerThread2" daemon [_thread_in_native, id=10976, stack(0x0000008db3200000,0x0000008db3300000)]

Other Threads:
  0x000002357ecd91a0 VMThread "VM Thread" [stack: 0x0000008db0400000,0x0000008db0500000] [id=15608]
  0x0000023561ea44c0 WatcherThread [stack: 0x0000008db1000000,0x0000008db1100000] [id=6376]
  0x0000023561f11ad0 GCTaskThread "GC Thread#0" [stack: 0x0000008daff00000,0x0000008db0000000] [id=6708]
  0x000002357fdeacb0 GCTaskThread "GC Thread#1" [stack: 0x0000008db1300000,0x0000008db1400000] [id=16792]
  0x000002357fd1b460 GCTaskThread "GC Thread#2" [stack: 0x0000008db1400000,0x0000008db1500000] [id=17292]
  0x000002354bf83c20 GCTaskThread "GC Thread#3" [stack: 0x0000008db1500000,0x0000008db1600000] [id=4152]
  0x000002354b805db0 GCTaskThread "GC Thread#4" [stack: 0x0000008db1600000,0x0000008db1700000] [id=9624]
  0x000002354c7a2850 GCTaskThread "GC Thread#5" [stack: 0x0000008db1f00000,0x0000008db2000000] [id=4028]
  0x000002354c68ffb0 GCTaskThread "GC Thread#6" [stack: 0x0000008db2000000,0x0000008db2100000] [id=9772]
  0x000002354c690270 GCTaskThread "GC Thread#7" [stack: 0x0000008db2100000,0x0000008db2200000] [id=11492]
  0x000002354c690530 GCTaskThread "GC Thread#8" [stack: 0x0000008db2200000,0x0000008db2300000] [id=15220]
  0x000002354c403fe0 GCTaskThread "GC Thread#9" [stack: 0x0000008db2300000,0x0000008db2400000] [id=14724]
  0x0000023561f22930 ConcurrentGCThread "G1 Main Marker" [stack: 0x0000008db0000000,0x0000008db0100000] [id=6660]
  0x0000023561f25de0 ConcurrentGCThread "G1 Conc#0" [stack: 0x0000008db0100000,0x0000008db0200000] [id=11968]
  0x000002354cc44920 ConcurrentGCThread "G1 Conc#1" [stack: 0x0000008db2f00000,0x0000008db3000000] [id=10968]
  0x000002354cc45420 ConcurrentGCThread "G1 Conc#2" [stack: 0x0000008db3000000,0x0000008db3100000] [id=7496]
  0x000002357eb94ad0 ConcurrentGCThread "G1 Refine#0" [stack: 0x0000008db0200000,0x0000008db0300000] [id=13240]
  0x000002354f0f31f0 ConcurrentGCThread "G1 Refine#1" [stack: 0x0000008db3d00000,0x0000008db3e00000] [id=8904]
  0x0000023561f67450 ConcurrentGCThread "G1 Service" [stack: 0x0000008db0300000,0x0000008db0400000] [id=2488]

Threads with active compile tasks:
C2 CompilerThread0  2112170 11107       4       org.jetbrains.org.objectweb.asm.ClassReader::accept (1380 bytes)
C2 CompilerThread1  2112170 11109       4       org.jetbrains.org.objectweb.asm.ClassReader::readMethod (1061 bytes)
C2 CompilerThread2  2112170 11125       4       org.gradle.kotlin.dsl.codegen.ApiTypeProvider$classNodeFor$1::invoke (5 bytes)

VM state: not at safepoint (normal execution)

VM Mutex/Monitor currently owned by a thread: None

Heap address: 0x0000000700000000, size: 4096 MB, Compressed Oops mode: Zero based, Oop shift amount: 3

CDS archive(s) mapped at: [0x0000023506000000-0x0000023506bd0000-0x0000023506bd0000), size 12386304, SharedBaseAddress: 0x0000023506000000, ArchiveRelocationMode: 1.
Compressed class space mapped at: 0x0000023507000000-0x0000023547000000, reserved size: 1073741824
Narrow klass base: 0x0000023506000000, Narrow klass shift: 0, Narrow klass range: 0x100000000

GC Precious Log:
 CPUs: 12 total, 12 available
 Memory: 6964M
 Large Page Support: Disabled
 NUMA Support: Disabled
 Compressed Oops: Enabled (Zero based)
 Heap Region Size: 2M
 Heap Min Capacity: 8M
 Heap Initial Capacity: 110M
 Heap Max Capacity: 4G
 Pre-touch: Disabled
 Parallel Workers: 10
 Concurrent Workers: 3
 Concurrent Refinement Workers: 10
 Periodic GC: Disabled

Heap:
 garbage-first heap   total 595968K, used 321460K [0x0000000700000000, 0x0000000800000000)
  region size 2048K, 122 young (249856K), 5 survivors (10240K)
 Metaspace       used 52698K, committed 53952K, reserved 1114112K
  class space    used 7117K, committed 7744K, reserved 1048576K

Heap Regions: E=young(eden), S=young(survivor), O=old, HS=humongous(starts), HC=humongous(continues), CS=collection set, F=free, OA=open archive, CA=closed archive, TAMS=top-at-mark-start (previous, next)
|   0|0x0000000700000000, 0x0000000700200000, 0x0000000700200000|100%|HS|  |TAMS 0x0000000700200000, 0x0000000700000000| Complete 
|   1|0x0000000700200000, 0x0000000700400000, 0x0000000700400000|100%|HC|  |TAMS 0x0000000700400000, 0x0000000700200000| Complete 
|   2|0x0000000700400000, 0x0000000700600000, 0x0000000700600000|100%| O|  |TAMS 0x0000000700600000, 0x0000000700400000| Untracked 
|   3|0x0000000700600000, 0x0000000700800000, 0x0000000700800000|100%| O|  |TAMS 0x0000000700800000, 0x0000000700600000| Untracked 
|   4|0x0000000700800000, 0x0000000700a00000, 0x0000000700a00000|100%| O|  |TAMS 0x0000000700a00000, 0x0000000700800000| Untracked 
|   5|0x0000000700a00000, 0x0000000700c00000, 0x0000000700c00000|100%| O|  |TAMS 0x0000000700c00000, 0x0000000700a00000| Untracked 
|   6|0x0000000700c00000, 0x0000000700e00000, 0x0000000700e00000|100%| O|  |TAMS 0x0000000700e00000, 0x0000000700c00000| Untracked 
|   7|0x0000000700e00000, 0x0000000701000000, 0x0000000701000000|100%| O|  |TAMS 0x0000000701000000, 0x0000000700e00000| Untracked 
|   8|0x0000000701000000, 0x0000000701200000, 0x0000000701200000|100%| O|  |TAMS 0x0000000701200000, 0x0000000701000000| Untracked 
|   9|0x0000000701200000, 0x0000000701400000, 0x0000000701400000|100%| O|  |TAMS 0x0000000701200000, 0x0000000701200000| Untracked 
|  10|0x0000000701400000, 0x0000000701600000, 0x0000000701600000|100%| O|  |TAMS 0x0000000701600000, 0x0000000701400000| Untracked 
|  11|0x0000000701600000, 0x0000000701800000, 0x0000000701800000|100%| O|  |TAMS 0x0000000701800000, 0x0000000701600000| Untracked 
|  12|0x0000000701800000, 0x0000000701a00000, 0x0000000701a00000|100%| O|  |TAMS 0x0000000701a00000, 0x0000000701800000| Untracked 
|  13|0x0000000701a00000, 0x0000000701c00000, 0x0000000701c00000|100%| O|  |TAMS 0x0000000701c00000, 0x0000000701a00000| Untracked 
|  14|0x0000000701c00000, 0x0000000701e00000, 0x0000000701e00000|100%| O|  |TAMS 0x0000000701e00000, 0x0000000701c00000| Untracked 
|  15|0x0000000701e00000, 0x0000000702000000, 0x0000000702000000|100%| O|  |TAMS 0x0000000702000000, 0x0000000701e00000| Untracked 
|  16|0x0000000702000000, 0x0000000702200000, 0x0000000702200000|100%| O|  |TAMS 0x0000000702200000, 0x0000000702000000| Untracked 
|  17|0x0000000702200000, 0x0000000702400000, 0x0000000702400000|100%| O|  |TAMS 0x0000000702400000, 0x0000000702200000| Untracked 
|  18|0x0000000702400000, 0x0000000702600000, 0x0000000702600000|100%| O|  |TAMS 0x0000000702600000, 0x0000000702400000| Untracked 
|  19|0x0000000702600000, 0x0000000702800000, 0x0000000702800000|100%| O|  |TAMS 0x0000000702800000, 0x0000000702600000| Untracked 
|  20|0x0000000702800000, 0x0000000702a00000, 0x0000000702a00000|100%| O|  |TAMS 0x0000000702a00000, 0x0000000702800000| Untracked 
|  21|0x0000000702a00000, 0x0000000702c00000, 0x0000000702c00000|100%| O|  |TAMS 0x0000000702c00000, 0x0000000702a00000| Untracked 
|  22|0x0000000702c00000, 0x0000000702e00000, 0x0000000702e00000|100%| O|  |TAMS 0x0000000702e00000, 0x0000000702c00000| Untracked 
|  23|0x0000000702e00000, 0x0000000703000000, 0x0000000703000000|100%| O|  |TAMS 0x0000000703000000, 0x0000000702e00000| Untracked 
|  24|0x0000000703000000, 0x0000000703200000, 0x0000000703200000|100%| O|  |TAMS 0x0000000703200000, 0x0000000703000000| Untracked 
|  25|0x0000000703200000, 0x0000000703400000, 0x0000000703400000|100%| O|  |TAMS 0x0000000703400000, 0x0000000703200000| Untracked 
|  26|0x0000000703400000, 0x0000000703600000, 0x0000000703600000|100%| O|  |TAMS 0x0000000703600000, 0x0000000703400000| Untracked 
|  27|0x0000000703600000, 0x0000000703800000, 0x0000000703800000|100%| O|  |TAMS 0x0000000703800000, 0x0000000703600000| Untracked 
|  28|0x0000000703800000, 0x0000000703a00000, 0x0000000703a00000|100%| O|  |TAMS 0x0000000703a00000, 0x0000000703800000| Untracked 
|  29|0x0000000703a00000, 0x0000000703c00000, 0x0000000703c00000|100%| O|  |TAMS 0x0000000703c00000, 0x0000000703a00000| Untracked 
|  30|0x0000000703c00000, 0x0000000703e00000, 0x0000000703e00000|100%| O|  |TAMS 0x0000000703e00000, 0x0000000703c00000| Untracked 
|  31|0x0000000703e00000, 0x0000000704000000, 0x0000000704000000|100%| O|  |TAMS 0x0000000704000000, 0x0000000703e00000| Untracked 
|  32|0x0000000704000000, 0x0000000704200000, 0x0000000704200000|100%| O|  |TAMS 0x0000000704200000, 0x0000000704000000| Untracked 
|  33|0x0000000704200000, 0x0000000704400000, 0x0000000704400000|100%| O|  |TAMS 0x0000000704400000, 0x0000000704200000| Untracked 
|  34|0x0000000704400000, 0x0000000704600000, 0x0000000704600000|100%| O|  |TAMS 0x00000007044a3c00, 0x0000000704400000| Untracked 
|  35|0x0000000704600000, 0x0000000704800000, 0x0000000704800000|100%| O|  |TAMS 0x0000000704600000, 0x0000000704600000| Untracked 
|  36|0x0000000704800000, 0x00000007048d5000, 0x0000000704a00000| 41%| O|  |TAMS 0x0000000704800000, 0x0000000704800000| Untracked 
|  37|0x0000000704a00000, 0x0000000704a00000, 0x0000000704c00000|  0%| F|  |TAMS 0x0000000704a00000, 0x0000000704a00000| Untracked 
|  38|0x0000000704c00000, 0x0000000704c00000, 0x0000000704e00000|  0%| F|  |TAMS 0x0000000704c00000, 0x0000000704c00000| Untracked 
|  39|0x0000000704e00000, 0x0000000704e00000, 0x0000000705000000|  0%| F|  |TAMS 0x0000000704e00000, 0x0000000704e00000| Untracked 
|  40|0x0000000705000000, 0x0000000705000000, 0x0000000705200000|  0%| F|  |TAMS 0x0000000705000000, 0x0000000705000000| Untracked 
|  41|0x0000000705200000, 0x0000000705200000, 0x0000000705400000|  0%| F|  |TAMS 0x0000000705200000, 0x0000000705200000| Untracked 
|  42|0x0000000705400000, 0x0000000705400000, 0x0000000705600000|  0%| F|  |TAMS 0x0000000705400000, 0x0000000705400000| Untracked 
|  43|0x0000000705600000, 0x0000000705600000, 0x0000000705800000|  0%| F|  |TAMS 0x0000000705600000, 0x0000000705600000| Untracked 
|  44|0x0000000705800000, 0x0000000705800000, 0x0000000705a00000|  0%| F|  |TAMS 0x0000000705800000, 0x0000000705800000| Untracked 
|  45|0x0000000705a00000, 0x0000000705a00000, 0x0000000705c00000|  0%| F|  |TAMS 0x0000000705a00000, 0x0000000705a00000| Untracked 
|  46|0x0000000705c00000, 0x0000000705c00000, 0x0000000705e00000|  0%| F|  |TAMS 0x0000000705c00000, 0x0000000705c00000| Untracked 
|  47|0x0000000705e00000, 0x0000000705e00000, 0x0000000706000000|  0%| F|  |TAMS 0x0000000705e00000, 0x0000000705e00000| Untracked 
|  48|0x0000000706000000, 0x0000000706000000, 0x0000000706200000|  0%| F|  |TAMS 0x0000000706000000, 0x0000000706000000| Untracked 
|  49|0x0000000706200000, 0x0000000706200000, 0x0000000706400000|  0%| F|  |TAMS 0x0000000706200000, 0x0000000706200000| Untracked 
|  50|0x0000000706400000, 0x0000000706400000, 0x0000000706600000|  0%| F|  |TAMS 0x0000000706400000, 0x0000000706400000| Untracked 
|  51|0x0000000706600000, 0x0000000706600000, 0x0000000706800000|  0%| F|  |TAMS 0x0000000706600000, 0x0000000706600000| Untracked 
|  52|0x0000000706800000, 0x0000000706800000, 0x0000000706a00000|  0%| F|  |TAMS 0x0000000706800000, 0x0000000706800000| Untracked 
|  53|0x0000000706a00000, 0x0000000706a00000, 0x0000000706c00000|  0%| F|  |TAMS 0x0000000706a00000, 0x0000000706a00000| Untracked 
|  54|0x0000000706c00000, 0x0000000706c00000, 0x0000000706e00000|  0%| F|  |TAMS 0x0000000706c00000, 0x0000000706c00000| Untracked 
|  55|0x0000000706e00000, 0x0000000706e00000, 0x0000000707000000|  0%| F|  |TAMS 0x0000000706e00000, 0x0000000706e00000| Untracked 
|  56|0x0000000707000000, 0x0000000707000000, 0x0000000707200000|  0%| F|  |TAMS 0x0000000707000000, 0x0000000707000000| Untracked 
|  57|0x0000000707200000, 0x0000000707200000, 0x0000000707400000|  0%| F|  |TAMS 0x0000000707200000, 0x0000000707200000| Untracked 
|  58|0x0000000707400000, 0x0000000707400000, 0x0000000707600000|  0%| F|  |TAMS 0x0000000707400000, 0x0000000707400000| Untracked 
|  59|0x0000000707600000, 0x0000000707600000, 0x0000000707800000|  0%| F|  |TAMS 0x0000000707600000, 0x0000000707600000| Untracked 
|  60|0x0000000707800000, 0x0000000707800000, 0x0000000707a00000|  0%| F|  |TAMS 0x0000000707800000, 0x0000000707800000| Untracked 
|  61|0x0000000707a00000, 0x0000000707a00000, 0x0000000707c00000|  0%| F|  |TAMS 0x0000000707a00000, 0x0000000707a00000| Untracked 
|  62|0x0000000707c00000, 0x0000000707c00000, 0x0000000707e00000|  0%| F|  |TAMS 0x0000000707c00000, 0x0000000707c00000| Untracked 
|  63|0x0000000707e00000, 0x0000000707e00000, 0x0000000708000000|  0%| F|  |TAMS 0x0000000707e00000, 0x0000000707e00000| Untracked 
|  64|0x0000000708000000, 0x0000000708000000, 0x0000000708200000|  0%| F|  |TAMS 0x0000000708000000, 0x0000000708000000| Untracked 
|  65|0x0000000708200000, 0x0000000708200000, 0x0000000708400000|  0%| F|  |TAMS 0x0000000708200000, 0x0000000708200000| Untracked 
|  66|0x0000000708400000, 0x0000000708400000, 0x0000000708600000|  0%| F|  |TAMS 0x0000000708400000, 0x0000000708400000| Untracked 
|  67|0x0000000708600000, 0x0000000708600000, 0x0000000708800000|  0%| F|  |TAMS 0x0000000708600000, 0x0000000708600000| Untracked 
|  68|0x0000000708800000, 0x0000000708800000, 0x0000000708a00000|  0%| F|  |TAMS 0x0000000708800000, 0x0000000708800000| Untracked 
|  69|0x0000000708a00000, 0x0000000708a00000, 0x0000000708c00000|  0%| F|  |TAMS 0x0000000708a00000, 0x0000000708a00000| Untracked 
|  70|0x0000000708c00000, 0x0000000708c00000, 0x0000000708e00000|  0%| F|  |TAMS 0x0000000708c00000, 0x0000000708c00000| Untracked 
|  71|0x0000000708e00000, 0x0000000708e00000, 0x0000000709000000|  0%| F|  |TAMS 0x0000000708e00000, 0x0000000708e00000| Untracked 
|  72|0x0000000709000000, 0x0000000709000000, 0x0000000709200000|  0%| F|  |TAMS 0x0000000709000000, 0x0000000709000000| Untracked 
|  73|0x0000000709200000, 0x0000000709200000, 0x0000000709400000|  0%| F|  |TAMS 0x0000000709200000, 0x0000000709200000| Untracked 
|  74|0x0000000709400000, 0x0000000709400000, 0x0000000709600000|  0%| F|  |TAMS 0x0000000709400000, 0x0000000709400000| Untracked 
|  75|0x0000000709600000, 0x0000000709600000, 0x0000000709800000|  0%| F|  |TAMS 0x0000000709600000, 0x0000000709600000| Untracked 
|  76|0x0000000709800000, 0x0000000709800000, 0x0000000709a00000|  0%| F|  |TAMS 0x0000000709800000, 0x0000000709800000| Untracked 
|  77|0x0000000709a00000, 0x0000000709a00000, 0x0000000709c00000|  0%| F|  |TAMS 0x0000000709a00000, 0x0000000709a00000| Untracked 
|  78|0x0000000709c00000, 0x0000000709c00000, 0x0000000709e00000|  0%| F|  |TAMS 0x0000000709c00000, 0x0000000709c00000| Untracked 
|  79|0x0000000709e00000, 0x0000000709e00000, 0x000000070a000000|  0%| F|  |TAMS 0x0000000709e00000, 0x0000000709e00000| Untracked 
|  80|0x000000070a000000, 0x000000070a000000, 0x000000070a200000|  0%| F|  |TAMS 0x000000070a000000, 0x000000070a000000| Untracked 
|  81|0x000000070a200000, 0x000000070a200000, 0x000000070a400000|  0%| F|  |TAMS 0x000000070a200000, 0x000000070a200000| Untracked 
|  82|0x000000070a400000, 0x000000070a400000, 0x000000070a600000|  0%| F|  |TAMS 0x000000070a400000, 0x000000070a400000| Untracked 
|  83|0x000000070a600000, 0x000000070a600000, 0x000000070a800000|  0%| F|  |TAMS 0x000000070a600000, 0x000000070a600000| Untracked 
|  84|0x000000070a800000, 0x000000070a800000, 0x000000070aa00000|  0%| F|  |TAMS 0x000000070a800000, 0x000000070a800000| Untracked 
|  85|0x000000070aa00000, 0x000000070aa00000, 0x000000070ac00000|  0%| F|  |TAMS 0x000000070aa00000, 0x000000070aa00000| Untracked 
|  86|0x000000070ac00000, 0x000000070ac00000, 0x000000070ae00000|  0%| F|  |TAMS 0x000000070ac00000, 0x000000070ac00000| Untracked 
|  87|0x000000070ae00000, 0x000000070ae00000, 0x000000070b000000|  0%| F|  |TAMS 0x000000070ae00000, 0x000000070ae00000| Untracked 
|  88|0x000000070b000000, 0x000000070b000000, 0x000000070b200000|  0%| F|  |TAMS 0x000000070b000000, 0x000000070b000000| Untracked 
|  89|0x000000070b200000, 0x000000070b200000, 0x000000070b400000|  0%| F|  |TAMS 0x000000070b200000, 0x000000070b200000| Untracked 
|  90|0x000000070b400000, 0x000000070b400000, 0x000000070b600000|  0%| F|  |TAMS 0x000000070b400000, 0x000000070b400000| Untracked 
|  91|0x000000070b600000, 0x000000070b600000, 0x000000070b800000|  0%| F|  |TAMS 0x000000070b600000, 0x000000070b600000| Untracked 
|  92|0x000000070b800000, 0x000000070b800000, 0x000000070ba00000|  0%| F|  |TAMS 0x000000070b800000, 0x000000070b800000| Untracked 
|  93|0x000000070ba00000, 0x000000070ba00000, 0x000000070bc00000|  0%| F|  |TAMS 0x000000070ba00000, 0x000000070ba00000| Untracked 
|  94|0x000000070bc00000, 0x000000070bc00000, 0x000000070be00000|  0%| F|  |TAMS 0x000000070bc00000, 0x000000070bc00000| Untracked 
|  95|0x000000070be00000, 0x000000070be00000, 0x000000070c000000|  0%| F|  |TAMS 0x000000070be00000, 0x000000070be00000| Untracked 
|  96|0x000000070c000000, 0x000000070c000000, 0x000000070c200000|  0%| F|  |TAMS 0x000000070c000000, 0x000000070c000000| Untracked 
|  97|0x000000070c200000, 0x000000070c200000, 0x000000070c400000|  0%| F|  |TAMS 0x000000070c200000, 0x000000070c200000| Untracked 
|  98|0x000000070c400000, 0x000000070c400000, 0x000000070c600000|  0%| F|  |TAMS 0x000000070c400000, 0x000000070c400000| Untracked 
|  99|0x000000070c600000, 0x000000070c600000, 0x000000070c800000|  0%| F|  |TAMS 0x000000070c600000, 0x000000070c600000| Untracked 
| 100|0x000000070c800000, 0x000000070c800000, 0x000000070ca00000|  0%| F|  |TAMS 0x000000070c800000, 0x000000070c800000| Untracked 
| 101|0x000000070ca00000, 0x000000070ca00000, 0x000000070cc00000|  0%| F|  |TAMS 0x000000070ca00000, 0x000000070ca00000| Untracked 
| 102|0x000000070cc00000, 0x000000070cc00000, 0x000000070ce00000|  0%| F|  |TAMS 0x000000070cc00000, 0x000000070cc00000| Untracked 
| 103|0x000000070ce00000, 0x000000070ce00000, 0x000000070d000000|  0%| F|  |TAMS 0x000000070ce00000, 0x000000070ce00000| Untracked 
| 104|0x000000070d000000, 0x000000070d000000, 0x000000070d200000|  0%| F|  |TAMS 0x000000070d000000, 0x000000070d000000| Untracked 
| 105|0x000000070d200000, 0x000000070d200000, 0x000000070d400000|  0%| F|  |TAMS 0x000000070d200000, 0x000000070d200000| Untracked 
| 106|0x000000070d400000, 0x000000070d400000, 0x000000070d600000|  0%| F|  |TAMS 0x000000070d400000, 0x000000070d400000| Untracked 
| 107|0x000000070d600000, 0x000000070d600000, 0x000000070d800000|  0%| F|  |TAMS 0x000000070d600000, 0x000000070d600000| Untracked 
| 108|0x000000070d800000, 0x000000070d800000, 0x000000070da00000|  0%| F|  |TAMS 0x000000070d800000, 0x000000070d800000| Untracked 
| 109|0x000000070da00000, 0x000000070da00000, 0x000000070dc00000|  0%| F|  |TAMS 0x000000070da00000, 0x000000070da00000| Untracked 
| 110|0x000000070dc00000, 0x000000070dc00000, 0x000000070de00000|  0%| F|  |TAMS 0x000000070dc00000, 0x000000070dc00000| Untracked 
| 111|0x000000070de00000, 0x000000070de00000, 0x000000070e000000|  0%| F|  |TAMS 0x000000070de00000, 0x000000070de00000| Untracked 
| 112|0x000000070e000000, 0x000000070e000000, 0x000000070e200000|  0%| F|  |TAMS 0x000000070e000000, 0x000000070e000000| Untracked 
| 113|0x000000070e200000, 0x000000070e200000, 0x000000070e400000|  0%| F|  |TAMS 0x000000070e200000, 0x000000070e200000| Untracked 
| 114|0x000000070e400000, 0x000000070e400000, 0x000000070e600000|  0%| F|  |TAMS 0x000000070e400000, 0x000000070e400000| Untracked 
| 115|0x000000070e600000, 0x000000070e600000, 0x000000070e800000|  0%| F|  |TAMS 0x000000070e600000, 0x000000070e600000| Untracked 
| 116|0x000000070e800000, 0x000000070e800000, 0x000000070ea00000|  0%| F|  |TAMS 0x000000070e800000, 0x000000070e800000| Untracked 
| 117|0x000000070ea00000, 0x000000070eb18070, 0x000000070ec00000| 54%| S|CS|TAMS 0x000000070ea00000, 0x000000070ea00000| Complete 
| 118|0x000000070ec00000, 0x000000070ee00000, 0x000000070ee00000|100%| S|CS|TAMS 0x000000070ec00000, 0x000000070ec00000| Complete 
| 119|0x000000070ee00000, 0x000000070f000000, 0x000000070f000000|100%| S|CS|TAMS 0x000000070ee00000, 0x000000070ee00000| Complete 
| 120|0x000000070f000000, 0x000000070f200000, 0x000000070f200000|100%| S|CS|TAMS 0x000000070f000000, 0x000000070f000000| Complete 
| 121|0x000000070f200000, 0x000000070f400000, 0x000000070f400000|100%| S|CS|TAMS 0x000000070f200000, 0x000000070f200000| Complete 
| 122|0x000000070f400000, 0x000000070f400000, 0x000000070f600000|  0%| F|  |TAMS 0x000000070f400000, 0x000000070f400000| Untracked 
| 123|0x000000070f600000, 0x000000070f600000, 0x000000070f800000|  0%| F|  |TAMS 0x000000070f600000, 0x000000070f600000| Untracked 
| 124|0x000000070f800000, 0x000000070f800000, 0x000000070fa00000|  0%| F|  |TAMS 0x000000070f800000, 0x000000070f800000| Untracked 
| 125|0x000000070fa00000, 0x000000070fa00000, 0x000000070fc00000|  0%| F|  |TAMS 0x000000070fa00000, 0x000000070fa00000| Untracked 
| 126|0x000000070fc00000, 0x000000070fc00000, 0x000000070fe00000|  0%| F|  |TAMS 0x000000070fc00000, 0x000000070fc00000| Untracked 
| 127|0x000000070fe00000, 0x000000070fe00000, 0x0000000710000000|  0%| F|  |TAMS 0x000000070fe00000, 0x000000070fe00000| Untracked 
| 128|0x0000000710000000, 0x0000000710000000, 0x0000000710200000|  0%| F|  |TAMS 0x0000000710000000, 0x0000000710000000| Untracked 
| 129|0x0000000710200000, 0x0000000710200000, 0x0000000710400000|  0%| F|  |TAMS 0x0000000710200000, 0x0000000710200000| Untracked 
| 130|0x0000000710400000, 0x0000000710400000, 0x0000000710600000|  0%| F|  |TAMS 0x0000000710400000, 0x0000000710400000| Untracked 
| 131|0x0000000710600000, 0x0000000710600000, 0x0000000710800000|  0%| F|  |TAMS 0x0000000710600000, 0x0000000710600000| Untracked 
| 132|0x0000000710800000, 0x0000000710800000, 0x0000000710a00000|  0%| F|  |TAMS 0x0000000710800000, 0x0000000710800000| Untracked 
| 133|0x0000000710a00000, 0x0000000710a00000, 0x0000000710c00000|  0%| F|  |TAMS 0x0000000710a00000, 0x0000000710a00000| Untracked 
| 134|0x0000000710c00000, 0x0000000710c00000, 0x0000000710e00000|  0%| F|  |TAMS 0x0000000710c00000, 0x0000000710c00000| Untracked 
| 135|0x0000000710e00000, 0x0000000710e00000, 0x0000000711000000|  0%| F|  |TAMS 0x0000000710e00000, 0x0000000710e00000| Untracked 
| 136|0x0000000711000000, 0x0000000711000000, 0x0000000711200000|  0%| F|  |TAMS 0x0000000711000000, 0x0000000711000000| Untracked 
| 137|0x0000000711200000, 0x0000000711200000, 0x0000000711400000|  0%| F|  |TAMS 0x0000000711200000, 0x0000000711200000| Untracked 
| 138|0x0000000711400000, 0x0000000711400000, 0x0000000711600000|  0%| F|  |TAMS 0x0000000711400000, 0x0000000711400000| Untracked 
| 139|0x0000000711600000, 0x0000000711600000, 0x0000000711800000|  0%| F|  |TAMS 0x0000000711600000, 0x0000000711600000| Untracked 
| 140|0x0000000711800000, 0x0000000711800000, 0x0000000711a00000|  0%| F|  |TAMS 0x0000000711800000, 0x0000000711800000| Untracked 
| 141|0x0000000711a00000, 0x0000000711a00000, 0x0000000711c00000|  0%| F|  |TAMS 0x0000000711a00000, 0x0000000711a00000| Untracked 
| 142|0x0000000711c00000, 0x0000000711c00000, 0x0000000711e00000|  0%| F|  |TAMS 0x0000000711c00000, 0x0000000711c00000| Untracked 
| 143|0x0000000711e00000, 0x0000000711e00000, 0x0000000712000000|  0%| F|  |TAMS 0x0000000711e00000, 0x0000000711e00000| Untracked 
| 144|0x0000000712000000, 0x0000000712000000, 0x0000000712200000|  0%| F|  |TAMS 0x0000000712000000, 0x0000000712000000| Untracked 
| 145|0x0000000712200000, 0x0000000712200000, 0x0000000712400000|  0%| F|  |TAMS 0x0000000712200000, 0x0000000712200000| Untracked 
| 146|0x0000000712400000, 0x0000000712400000, 0x0000000712600000|  0%| F|  |TAMS 0x0000000712400000, 0x0000000712400000| Untracked 
| 147|0x0000000712600000, 0x0000000712600000, 0x0000000712800000|  0%| F|  |TAMS 0x0000000712600000, 0x0000000712600000| Untracked 
| 148|0x0000000712800000, 0x0000000712800000, 0x0000000712a00000|  0%| F|  |TAMS 0x0000000712800000, 0x0000000712800000| Untracked 
| 149|0x0000000712a00000, 0x0000000712a00000, 0x0000000712c00000|  0%| F|  |TAMS 0x0000000712a00000, 0x0000000712a00000| Untracked 
| 150|0x0000000712c00000, 0x0000000712c00000, 0x0000000712e00000|  0%| F|  |TAMS 0x0000000712c00000, 0x0000000712c00000| Untracked 
| 151|0x0000000712e00000, 0x0000000712e00000, 0x0000000713000000|  0%| F|  |TAMS 0x0000000712e00000, 0x0000000712e00000| Untracked 
| 152|0x0000000713000000, 0x0000000713000000, 0x0000000713200000|  0%| F|  |TAMS 0x0000000713000000, 0x0000000713000000| Untracked 
| 153|0x0000000713200000, 0x0000000713200000, 0x0000000713400000|  0%| F|  |TAMS 0x0000000713200000, 0x0000000713200000| Untracked 
| 154|0x0000000713400000, 0x0000000713400000, 0x0000000713600000|  0%| F|  |TAMS 0x0000000713400000, 0x0000000713400000| Untracked 
| 155|0x0000000713600000, 0x0000000713600000, 0x0000000713800000|  0%| F|  |TAMS 0x0000000713600000, 0x0000000713600000| Untracked 
| 156|0x0000000713800000, 0x0000000713800000, 0x0000000713a00000|  0%| F|  |TAMS 0x0000000713800000, 0x0000000713800000| Untracked 
| 157|0x0000000713a00000, 0x0000000713a00000, 0x0000000713c00000|  0%| F|  |TAMS 0x0000000713a00000, 0x0000000713a00000| Untracked 
| 158|0x0000000713c00000, 0x0000000713c00000, 0x0000000713e00000|  0%| F|  |TAMS 0x0000000713c00000, 0x0000000713c00000| Untracked 
| 159|0x0000000713e00000, 0x0000000713e00000, 0x0000000714000000|  0%| F|  |TAMS 0x0000000713e00000, 0x0000000713e00000| Untracked 
| 160|0x0000000714000000, 0x0000000714000000, 0x0000000714200000|  0%| F|  |TAMS 0x0000000714000000, 0x0000000714000000| Untracked 
| 161|0x0000000714200000, 0x0000000714200000, 0x0000000714400000|  0%| F|  |TAMS 0x0000000714200000, 0x0000000714200000| Untracked 
| 162|0x0000000714400000, 0x0000000714400000, 0x0000000714600000|  0%| F|  |TAMS 0x0000000714400000, 0x0000000714400000| Untracked 
| 163|0x0000000714600000, 0x0000000714600000, 0x0000000714800000|  0%| F|  |TAMS 0x0000000714600000, 0x0000000714600000| Untracked 
| 164|0x0000000714800000, 0x0000000714800000, 0x0000000714a00000|  0%| F|  |TAMS 0x0000000714800000, 0x0000000714800000| Untracked 
| 165|0x0000000714a00000, 0x0000000714a00000, 0x0000000714c00000|  0%| F|  |TAMS 0x0000000714a00000, 0x0000000714a00000| Untracked 
| 166|0x0000000714c00000, 0x0000000714c00000, 0x0000000714e00000|  0%| F|  |TAMS 0x0000000714c00000, 0x0000000714c00000| Untracked 
| 167|0x0000000714e00000, 0x0000000714e00000, 0x0000000715000000|  0%| F|  |TAMS 0x0000000714e00000, 0x0000000714e00000| Untracked 
| 168|0x0000000715000000, 0x0000000715000000, 0x0000000715200000|  0%| F|  |TAMS 0x0000000715000000, 0x0000000715000000| Untracked 
| 169|0x0000000715200000, 0x0000000715200000, 0x0000000715400000|  0%| F|  |TAMS 0x0000000715200000, 0x0000000715200000| Untracked 
| 170|0x0000000715400000, 0x0000000715400000, 0x0000000715600000|  0%| F|  |TAMS 0x0000000715400000, 0x0000000715400000| Untracked 
| 171|0x0000000715600000, 0x0000000715600000, 0x0000000715800000|  0%| F|  |TAMS 0x0000000715600000, 0x0000000715600000| Untracked 
| 172|0x0000000715800000, 0x0000000715800000, 0x0000000715a00000|  0%| F|  |TAMS 0x0000000715800000, 0x0000000715800000| Untracked 
| 173|0x0000000715a00000, 0x0000000715b00800, 0x0000000715c00000| 50%| E|  |TAMS 0x0000000715a00000, 0x0000000715a00000| Complete 
| 174|0x0000000715c00000, 0x0000000715e00000, 0x0000000715e00000|100%| E|CS|TAMS 0x0000000715c00000, 0x0000000715c00000| Complete 
| 175|0x0000000715e00000, 0x0000000716000000, 0x0000000716000000|100%| E|CS|TAMS 0x0000000715e00000, 0x0000000715e00000| Complete 
| 176|0x0000000716000000, 0x0000000716200000, 0x0000000716200000|100%| E|CS|TAMS 0x0000000716000000, 0x0000000716000000| Complete 
| 177|0x0000000716200000, 0x0000000716400000, 0x0000000716400000|100%| E|CS|TAMS 0x0000000716200000, 0x0000000716200000| Complete 
| 178|0x0000000716400000, 0x0000000716600000, 0x0000000716600000|100%| E|CS|TAMS 0x0000000716400000, 0x0000000716400000| Complete 
| 179|0x0000000716600000, 0x0000000716800000, 0x0000000716800000|100%| E|CS|TAMS 0x0000000716600000, 0x0000000716600000| Complete 
| 180|0x0000000716800000, 0x0000000716a00000, 0x0000000716a00000|100%| E|CS|TAMS 0x0000000716800000, 0x0000000716800000| Complete 
| 181|0x0000000716a00000, 0x0000000716c00000, 0x0000000716c00000|100%| E|CS|TAMS 0x0000000716a00000, 0x0000000716a00000| Complete 
| 182|0x0000000716c00000, 0x0000000716e00000, 0x0000000716e00000|100%| E|CS|TAMS 0x0000000716c00000, 0x0000000716c00000| Complete 
| 183|0x0000000716e00000, 0x0000000717000000, 0x0000000717000000|100%| E|CS|TAMS 0x0000000716e00000, 0x0000000716e00000| Complete 
| 184|0x0000000717000000, 0x0000000717200000, 0x0000000717200000|100%| E|CS|TAMS 0x0000000717000000, 0x0000000717000000| Complete 
| 185|0x0000000717200000, 0x0000000717400000, 0x0000000717400000|100%| E|CS|TAMS 0x0000000717200000, 0x0000000717200000| Complete 
| 186|0x0000000717400000, 0x0000000717600000, 0x0000000717600000|100%| E|CS|TAMS 0x0000000717400000, 0x0000000717400000| Complete 
| 187|0x0000000717600000, 0x0000000717800000, 0x0000000717800000|100%| E|CS|TAMS 0x0000000717600000, 0x0000000717600000| Complete 
| 188|0x0000000717800000, 0x0000000717a00000, 0x0000000717a00000|100%| E|CS|TAMS 0x0000000717800000, 0x0000000717800000| Complete 
| 189|0x0000000717a00000, 0x0000000717c00000, 0x0000000717c00000|100%| E|CS|TAMS 0x0000000717a00000, 0x0000000717a00000| Complete 
| 190|0x0000000717c00000, 0x0000000717e00000, 0x0000000717e00000|100%| E|CS|TAMS 0x0000000717c00000, 0x0000000717c00000| Complete 
| 191|0x0000000717e00000, 0x0000000718000000, 0x0000000718000000|100%| E|CS|TAMS 0x0000000717e00000, 0x0000000717e00000| Complete 
| 192|0x0000000718000000, 0x0000000718200000, 0x0000000718200000|100%| E|CS|TAMS 0x0000000718000000, 0x0000000718000000| Complete 
| 193|0x0000000718200000, 0x0000000718400000, 0x0000000718400000|100%| E|CS|TAMS 0x0000000718200000, 0x0000000718200000| Complete 
| 194|0x0000000718400000, 0x0000000718600000, 0x0000000718600000|100%| E|CS|TAMS 0x0000000718400000, 0x0000000718400000| Complete 
| 195|0x0000000718600000, 0x0000000718800000, 0x0000000718800000|100%| E|CS|TAMS 0x0000000718600000, 0x0000000718600000| Complete 
| 196|0x0000000718800000, 0x0000000718a00000, 0x0000000718a00000|100%| E|CS|TAMS 0x0000000718800000, 0x0000000718800000| Complete 
| 197|0x0000000718a00000, 0x0000000718c00000, 0x0000000718c00000|100%| E|CS|TAMS 0x0000000718a00000, 0x0000000718a00000| Complete 
| 198|0x0000000718c00000, 0x0000000718e00000, 0x0000000718e00000|100%| E|CS|TAMS 0x0000000718c00000, 0x0000000718c00000| Complete 
| 199|0x0000000718e00000, 0x0000000719000000, 0x0000000719000000|100%| E|CS|TAMS 0x0000000718e00000, 0x0000000718e00000| Complete 
| 200|0x0000000719000000, 0x0000000719200000, 0x0000000719200000|100%| E|CS|TAMS 0x0000000719000000, 0x0000000719000000| Complete 
| 201|0x0000000719200000, 0x0000000719400000, 0x0000000719400000|100%| E|CS|TAMS 0x0000000719200000, 0x0000000719200000| Complete 
| 202|0x0000000719400000, 0x0000000719600000, 0x0000000719600000|100%| E|CS|TAMS 0x0000000719400000, 0x0000000719400000| Complete 
| 203|0x0000000719600000, 0x0000000719800000, 0x0000000719800000|100%| E|CS|TAMS 0x0000000719600000, 0x0000000719600000| Complete 
| 204|0x0000000719800000, 0x0000000719a00000, 0x0000000719a00000|100%| E|CS|TAMS 0x0000000719800000, 0x0000000719800000| Complete 
| 205|0x0000000719a00000, 0x0000000719c00000, 0x0000000719c00000|100%| E|CS|TAMS 0x0000000719a00000, 0x0000000719a00000| Complete 
| 206|0x0000000719c00000, 0x0000000719e00000, 0x0000000719e00000|100%| E|CS|TAMS 0x0000000719c00000, 0x0000000719c00000| Complete 
| 207|0x0000000719e00000, 0x000000071a000000, 0x000000071a000000|100%| E|CS|TAMS 0x0000000719e00000, 0x0000000719e00000| Complete 
| 208|0x000000071a000000, 0x000000071a200000, 0x000000071a200000|100%| E|CS|TAMS 0x000000071a000000, 0x000000071a000000| Complete 
| 209|0x000000071a200000, 0x000000071a400000, 0x000000071a400000|100%| E|CS|TAMS 0x000000071a200000, 0x000000071a200000| Complete 
| 210|0x000000071a400000, 0x000000071a600000, 0x000000071a600000|100%| E|CS|TAMS 0x000000071a400000, 0x000000071a400000| Complete 
| 211|0x000000071a600000, 0x000000071a800000, 0x000000071a800000|100%| E|CS|TAMS 0x000000071a600000, 0x000000071a600000| Complete 
| 212|0x000000071a800000, 0x000000071aa00000, 0x000000071aa00000|100%| E|CS|TAMS 0x000000071a800000, 0x000000071a800000| Complete 
| 213|0x000000071aa00000, 0x000000071ac00000, 0x000000071ac00000|100%| E|CS|TAMS 0x000000071aa00000, 0x000000071aa00000| Complete 
| 214|0x000000071ac00000, 0x000000071ae00000, 0x000000071ae00000|100%| E|CS|TAMS 0x000000071ac00000, 0x000000071ac00000| Complete 
| 215|0x000000071ae00000, 0x000000071b000000, 0x000000071b000000|100%| E|CS|TAMS 0x000000071ae00000, 0x000000071ae00000| Complete 
| 216|0x000000071b000000, 0x000000071b200000, 0x000000071b200000|100%| E|CS|TAMS 0x000000071b000000, 0x000000071b000000| Complete 
| 217|0x000000071b200000, 0x000000071b400000, 0x000000071b400000|100%| E|CS|TAMS 0x000000071b200000, 0x000000071b200000| Complete 
| 218|0x000000071b400000, 0x000000071b600000, 0x000000071b600000|100%| E|CS|TAMS 0x000000071b400000, 0x000000071b400000| Complete 
| 219|0x000000071b600000, 0x000000071b800000, 0x000000071b800000|100%| E|CS|TAMS 0x000000071b600000, 0x000000071b600000| Complete 
| 220|0x000000071b800000, 0x000000071ba00000, 0x000000071ba00000|100%| E|CS|TAMS 0x000000071b800000, 0x000000071b800000| Complete 
| 221|0x000000071ba00000, 0x000000071bc00000, 0x000000071bc00000|100%| E|CS|TAMS 0x000000071ba00000, 0x000000071ba00000| Complete 
| 222|0x000000071bc00000, 0x000000071be00000, 0x000000071be00000|100%| E|CS|TAMS 0x000000071bc00000, 0x000000071bc00000| Complete 
| 223|0x000000071be00000, 0x000000071c000000, 0x000000071c000000|100%| E|CS|TAMS 0x000000071be00000, 0x000000071be00000| Complete 
| 224|0x000000071c000000, 0x000000071c200000, 0x000000071c200000|100%| E|CS|TAMS 0x000000071c000000, 0x000000071c000000| Complete 
| 225|0x000000071c200000, 0x000000071c400000, 0x000000071c400000|100%| E|CS|TAMS 0x000000071c200000, 0x000000071c200000| Complete 
| 226|0x000000071c400000, 0x000000071c600000, 0x000000071c600000|100%| E|CS|TAMS 0x000000071c400000, 0x000000071c400000| Complete 
| 227|0x000000071c600000, 0x000000071c800000, 0x000000071c800000|100%| E|CS|TAMS 0x000000071c600000, 0x000000071c600000| Complete 
| 228|0x000000071c800000, 0x000000071ca00000, 0x000000071ca00000|100%| E|CS|TAMS 0x000000071c800000, 0x000000071c800000| Complete 
| 229|0x000000071ca00000, 0x000000071cc00000, 0x000000071cc00000|100%| E|CS|TAMS 0x000000071ca00000, 0x000000071ca00000| Complete 
| 230|0x000000071cc00000, 0x000000071ce00000, 0x000000071ce00000|100%| E|CS|TAMS 0x000000071cc00000, 0x000000071cc00000| Complete 
| 231|0x000000071ce00000, 0x000000071d000000, 0x000000071d000000|100%| E|CS|TAMS 0x000000071ce00000, 0x000000071ce00000| Complete 
| 232|0x000000071d000000, 0x000000071d200000, 0x000000071d200000|100%| E|CS|TAMS 0x000000071d000000, 0x000000071d000000| Complete 
| 233|0x000000071d200000, 0x000000071d400000, 0x000000071d400000|100%| E|CS|TAMS 0x000000071d200000, 0x000000071d200000| Complete 
| 234|0x000000071d400000, 0x000000071d600000, 0x000000071d600000|100%| E|CS|TAMS 0x000000071d400000, 0x000000071d400000| Complete 
| 235|0x000000071d600000, 0x000000071d800000, 0x000000071d800000|100%| E|CS|TAMS 0x000000071d600000, 0x000000071d600000| Complete 
| 236|0x000000071d800000, 0x000000071da00000, 0x000000071da00000|100%| E|CS|TAMS 0x000000071d800000, 0x000000071d800000| Complete 
| 237|0x000000071da00000, 0x000000071dc00000, 0x000000071dc00000|100%| E|CS|TAMS 0x000000071da00000, 0x000000071da00000| Complete 
| 238|0x000000071dc00000, 0x000000071de00000, 0x000000071de00000|100%| E|CS|TAMS 0x000000071dc00000, 0x000000071dc00000| Complete 
| 239|0x000000071de00000, 0x000000071e000000, 0x000000071e000000|100%| E|CS|TAMS 0x000000071de00000, 0x000000071de00000| Complete 
| 240|0x000000071e000000, 0x000000071e200000, 0x000000071e200000|100%| E|CS|TAMS 0x000000071e000000, 0x000000071e000000| Complete 
| 241|0x000000071e200000, 0x000000071e400000, 0x000000071e400000|100%| E|CS|TAMS 0x000000071e200000, 0x000000071e200000| Complete 
| 242|0x000000071e400000, 0x000000071e600000, 0x000000071e600000|100%| E|CS|TAMS 0x000000071e400000, 0x000000071e400000| Complete 
| 243|0x000000071e600000, 0x000000071e800000, 0x000000071e800000|100%| E|CS|TAMS 0x000000071e600000, 0x000000071e600000| Complete 
| 244|0x000000071e800000, 0x000000071ea00000, 0x000000071ea00000|100%| E|CS|TAMS 0x000000071e800000, 0x000000071e800000| Complete 
| 245|0x000000071ea00000, 0x000000071ec00000, 0x000000071ec00000|100%| E|CS|TAMS 0x000000071ea00000, 0x000000071ea00000| Complete 
| 246|0x000000071ec00000, 0x000000071ee00000, 0x000000071ee00000|100%| E|CS|TAMS 0x000000071ec00000, 0x000000071ec00000| Complete 
| 247|0x000000071ee00000, 0x000000071f000000, 0x000000071f000000|100%| E|CS|TAMS 0x000000071ee00000, 0x000000071ee00000| Complete 
| 248|0x000000071f000000, 0x000000071f200000, 0x000000071f200000|100%| E|CS|TAMS 0x000000071f000000, 0x000000071f000000| Complete 
| 249|0x000000071f200000, 0x000000071f400000, 0x000000071f400000|100%| E|CS|TAMS 0x000000071f200000, 0x000000071f200000| Complete 
| 250|0x000000071f400000, 0x000000071f600000, 0x000000071f600000|100%| E|CS|TAMS 0x000000071f400000, 0x000000071f400000| Complete 
| 251|0x000000071f600000, 0x000000071f800000, 0x000000071f800000|100%| E|CS|TAMS 0x000000071f600000, 0x000000071f600000| Complete 
| 252|0x000000071f800000, 0x000000071fa00000, 0x000000071fa00000|100%| E|CS|TAMS 0x000000071f800000, 0x000000071f800000| Complete 
| 253|0x000000071fa00000, 0x000000071fc00000, 0x000000071fc00000|100%| E|CS|TAMS 0x000000071fa00000, 0x000000071fa00000| Complete 
| 254|0x000000071fc00000, 0x000000071fe00000, 0x000000071fe00000|100%| E|CS|TAMS 0x000000071fc00000, 0x000000071fc00000| Complete 
| 255|0x000000071fe00000, 0x0000000720000000, 0x0000000720000000|100%| E|CS|TAMS 0x000000071fe00000, 0x000000071fe00000| Complete 
| 256|0x0000000720000000, 0x0000000720200000, 0x0000000720200000|100%| E|CS|TAMS 0x0000000720000000, 0x0000000720000000| Complete 
| 257|0x0000000720200000, 0x0000000720400000, 0x0000000720400000|100%| E|CS|TAMS 0x0000000720200000, 0x0000000720200000| Complete 
| 258|0x0000000720400000, 0x0000000720600000, 0x0000000720600000|100%| E|CS|TAMS 0x0000000720400000, 0x0000000720400000| Complete 
| 259|0x0000000720600000, 0x0000000720800000, 0x0000000720800000|100%| E|CS|TAMS 0x0000000720600000, 0x0000000720600000| Complete 
| 260|0x0000000720800000, 0x0000000720a00000, 0x0000000720a00000|100%| E|CS|TAMS 0x0000000720800000, 0x0000000720800000| Complete 
| 261|0x0000000720a00000, 0x0000000720c00000, 0x0000000720c00000|100%| E|CS|TAMS 0x0000000720a00000, 0x0000000720a00000| Complete 
| 262|0x0000000720c00000, 0x0000000720e00000, 0x0000000720e00000|100%| E|CS|TAMS 0x0000000720c00000, 0x0000000720c00000| Complete 
| 263|0x0000000720e00000, 0x0000000721000000, 0x0000000721000000|100%| E|CS|TAMS 0x0000000720e00000, 0x0000000720e00000| Complete 
| 264|0x0000000721000000, 0x0000000721200000, 0x0000000721200000|100%| E|CS|TAMS 0x0000000721000000, 0x0000000721000000| Complete 
| 265|0x0000000721200000, 0x0000000721400000, 0x0000000721400000|100%| E|CS|TAMS 0x0000000721200000, 0x0000000721200000| Complete 
| 266|0x0000000721400000, 0x0000000721600000, 0x0000000721600000|100%| E|CS|TAMS 0x0000000721400000, 0x0000000721400000| Complete 
| 267|0x0000000721600000, 0x0000000721800000, 0x0000000721800000|100%| E|CS|TAMS 0x0000000721600000, 0x0000000721600000| Complete 
| 268|0x0000000721800000, 0x0000000721a00000, 0x0000000721a00000|100%| E|CS|TAMS 0x0000000721800000, 0x0000000721800000| Complete 
| 269|0x0000000721a00000, 0x0000000721c00000, 0x0000000721c00000|100%| E|CS|TAMS 0x0000000721a00000, 0x0000000721a00000| Complete 
| 270|0x0000000721c00000, 0x0000000721e00000, 0x0000000721e00000|100%| E|CS|TAMS 0x0000000721c00000, 0x0000000721c00000| Complete 
| 271|0x0000000721e00000, 0x0000000722000000, 0x0000000722000000|100%| E|CS|TAMS 0x0000000721e00000, 0x0000000721e00000| Complete 
| 272|0x0000000722000000, 0x0000000722200000, 0x0000000722200000|100%| E|CS|TAMS 0x0000000722000000, 0x0000000722000000| Complete 
| 273|0x0000000722200000, 0x0000000722400000, 0x0000000722400000|100%| E|CS|TAMS 0x0000000722200000, 0x0000000722200000| Complete 
| 274|0x0000000722400000, 0x0000000722600000, 0x0000000722600000|100%| E|CS|TAMS 0x0000000722400000, 0x0000000722400000| Complete 
| 275|0x0000000722600000, 0x0000000722800000, 0x0000000722800000|100%| E|CS|TAMS 0x0000000722600000, 0x0000000722600000| Complete 
| 276|0x0000000722800000, 0x0000000722a00000, 0x0000000722a00000|100%| E|CS|TAMS 0x0000000722800000, 0x0000000722800000| Complete 
| 277|0x0000000722a00000, 0x0000000722c00000, 0x0000000722c00000|100%| E|CS|TAMS 0x0000000722a00000, 0x0000000722a00000| Complete 
| 278|0x0000000722c00000, 0x0000000722e00000, 0x0000000722e00000|100%| E|CS|TAMS 0x0000000722c00000, 0x0000000722c00000| Complete 
| 279|0x0000000722e00000, 0x0000000723000000, 0x0000000723000000|100%| E|CS|TAMS 0x0000000722e00000, 0x0000000722e00000| Complete 
| 280|0x0000000723000000, 0x0000000723200000, 0x0000000723200000|100%| E|CS|TAMS 0x0000000723000000, 0x0000000723000000| Complete 
| 281|0x0000000723200000, 0x0000000723400000, 0x0000000723400000|100%| E|CS|TAMS 0x0000000723200000, 0x0000000723200000| Complete 
| 282|0x0000000723400000, 0x0000000723600000, 0x0000000723600000|100%| E|CS|TAMS 0x0000000723400000, 0x0000000723400000| Complete 
| 283|0x0000000723600000, 0x0000000723800000, 0x0000000723800000|100%| E|CS|TAMS 0x0000000723600000, 0x0000000723600000| Complete 
| 284|0x0000000723800000, 0x0000000723a00000, 0x0000000723a00000|100%| E|CS|TAMS 0x0000000723800000, 0x0000000723800000| Complete 
| 285|0x0000000723a00000, 0x0000000723c00000, 0x0000000723c00000|100%| E|CS|TAMS 0x0000000723a00000, 0x0000000723a00000| Complete 
| 286|0x0000000723c00000, 0x0000000723e00000, 0x0000000723e00000|100%| E|CS|TAMS 0x0000000723c00000, 0x0000000723c00000| Complete 
| 287|0x0000000723e00000, 0x0000000724000000, 0x0000000724000000|100%| E|CS|TAMS 0x0000000723e00000, 0x0000000723e00000| Complete 
| 288|0x0000000724000000, 0x0000000724200000, 0x0000000724200000|100%| E|CS|TAMS 0x0000000724000000, 0x0000000724000000| Complete 
| 289|0x0000000724200000, 0x0000000724400000, 0x0000000724400000|100%| E|CS|TAMS 0x0000000724200000, 0x0000000724200000| Complete 
| 290|0x0000000724400000, 0x0000000724600000, 0x0000000724600000|100%| E|CS|TAMS 0x0000000724400000, 0x0000000724400000| Complete 

Card table byte_map: [0x00000235794b0000,0x0000023579cb0000] _byte_map_base: 0x0000023575cb0000

Marking Bits (Prev, Next): (CMBitMap*) 0x0000023561f12000, (CMBitMap*) 0x0000023561f12040
 Prev Bits: [0x000002357a4b0000, 0x000002357e4b0000)
 Next Bits: [0x0000023500000000, 0x0000023504000000)

Polling page: 0x0000023560240000

Metaspace:

Usage:
  Non-class:     44.51 MB used.
      Class:      6.95 MB used.
       Both:     51.46 MB used.

Virtual space:
  Non-class space:       64.00 MB reserved,      45.12 MB ( 71%) committed,  1 nodes.
      Class space:        1.00 GB reserved,       7.56 MB ( <1%) committed,  1 nodes.
             Both:        1.06 GB reserved,      52.69 MB (  5%) committed. 

Chunk freelists:
   Non-Class:  2.64 MB
       Class:  8.42 MB
        Both:  11.06 MB

MaxMetaspaceSize: 2.00 GB
CompressedClassSpaceSize: 1.00 GB
Initial GC threshold: 21.00 MB
Current GC threshold: 84.00 MB
CDS: on
MetaspaceReclaimPolicy: balanced
 - commit_granule_bytes: 65536.
 - commit_granule_words: 8192.
 - virtual_space_node_default_size: 8388608.
 - enlarge_chunks_in_place: 1.
 - new_chunks_are_fully_committed: 0.
 - uncommit_free_chunks: 1.
 - use_allocation_guard: 0.
 - handle_deallocations: 1.


Internal statistics:

num_allocs_failed_limit: 6.
num_arena_births: 1742.
num_arena_deaths: 10.
num_vsnodes_births: 2.
num_vsnodes_deaths: 0.
num_space_committed: 843.
num_space_uncommitted: 0.
num_chunks_returned_to_freelist: 31.
num_chunks_taken_from_freelist: 4205.
num_chunk_merges: 6.
num_chunk_splits: 2466.
num_chunks_enlarged: 1246.
num_inconsistent_stats: 0.

CodeHeap 'non-profiled nmethods': size=120000Kb used=8624Kb max_used=8624Kb free=111375Kb
 bounds [0x0000023571230000, 0x0000023571aa0000, 0x0000023578760000]
CodeHeap 'profiled nmethods': size=120000Kb used=18134Kb max_used=18806Kb free=101865Kb
 bounds [0x0000023569760000, 0x000002356a9c0000, 0x0000023570c90000]
CodeHeap 'non-nmethods': size=5760Kb used=2329Kb max_used=2399Kb free=3430Kb
 bounds [0x0000023570c90000, 0x0000023570f00000, 0x0000023571230000]
 total_blobs=9904 nmethods=9057 adapters=756
 compilation: enabled
              stopped_count=0, restarted_count=0
 full_count=0

Compilation events (20 events):
Event: 2109.738 Thread 0x000002357ed000d0 nmethod 11083 0x0000023571a81810 code [0x0000023571a81a60, 0x0000023571a82c28]
Event: 2109.738 Thread 0x000002357ed000d0 11089       4       kotlin.text.StringsKt__StringsKt::lastIndexOf (48 bytes)
Event: 2109.739 Thread 0x000002357ed000d0 nmethod 11089 0x0000023571a83410 code [0x0000023571a835a0, 0x0000023571a83758]
Event: 2109.739 Thread 0x000002357ed000d0 11077       4       kotlin.sequences.SequencesKt___SequencesKt::flatMap (31 bytes)
Event: 2109.740 Thread 0x000002357ed000d0 nmethod 11077 0x0000023571a83990 code [0x0000023571a83b20, 0x0000023571a83c18]
Event: 2109.756 Thread 0x000002357ed000d0 11101       4       org.gradle.kotlin.dsl.support.ClassBytesRepositoryKt::nestedClassNameFor (122 bytes)
Event: 2109.776 Thread 0x000002357ed00a90 11105       3       org.jetbrains.org.objectweb.asm.ClassReader::readMethod (1061 bytes)
Event: 2109.778 Thread 0x000002357ed000d0 nmethod 11101 0x0000023571a83d10 code [0x0000023571a83f20, 0x0000023571a858f8]
Event: 2109.778 Thread 0x000002357ed000d0 11102       4       kotlin.sequences.GeneratorSequence$iterator$1::hasNext (25 bytes)
Event: 2109.778 Thread 0x000002357ed00a90 nmethod 11105 0x000002356a81aa90 code [0x000002356a81b1e0, 0x000002356a81f8b8]
Event: 2109.780 Thread 0x000002357ed000d0 nmethod 11102 0x0000023571a86990 code [0x0000023571a86b40, 0x0000023571a86e18]
Event: 2109.780 Thread 0x000002357ed000d0 11103       4       kotlin.sequences.GeneratorSequence$iterator$1::calcNext (65 bytes)
Event: 2109.782 Thread 0x000002357ed000d0 nmethod 11103 0x0000023571a87110 code [0x0000023571a872c0, 0x0000023571a87578]
Event: 2109.782 Thread 0x000002357ed000d0 11104       4       kotlin.jvm.internal.FunctionReference::<init> (37 bytes)
Event: 2109.784 Thread 0x000002357ed000d0 nmethod 11104 0x0000023571a87810 code [0x0000023571a87980, 0x0000023571a87dd8]
Event: 2109.822 Thread 0x000002357ed00a90 11106       3       org.gradle.kotlin.dsl.codegen.MappedApiFunctionParameter::<init> (51 bytes)
Event: 2109.822 Thread 0x000002357ed00a90 nmethod 11106 0x0000023569d2f990 code [0x0000023569d2fca0, 0x0000023569d30d78]
Event: 2109.843 Thread 0x000002357ed000d0 11107       4       org.jetbrains.org.objectweb.asm.ClassReader::accept (1380 bytes)
Event: 2109.862 Thread 0x000002357ed00a90 11108       1       org.gradle.kotlin.dsl.codegen.BaseSignatureVisitor::getTypeParameters (5 bytes)
Event: 2109.862 Thread 0x000002357ed00a90 nmethod 11108 0x0000023571a87e90 code [0x0000023571a88020, 0x0000023571a880f8]

GC Heap History (20 events):
Event: 2101.184 GC heap before
{Heap before GC invocations=57 (full 0):
 garbage-first heap   total 411648K, used 313975K [0x0000000700000000, 0x0000000800000000)
  region size 2048K, 120 young (245760K), 7 survivors (14336K)
 Metaspace       used 50508K, committed 51776K, reserved 1114112K
  class space    used 6994K, committed 7616K, reserved 1048576K
}
Event: 2101.199 GC heap after
{Heap after GC invocations=58 (full 0):
 garbage-first heap   total 411648K, used 84360K [0x0000000700000000, 0x0000000800000000)
  region size 2048K, 8 young (16384K), 8 survivors (16384K)
 Metaspace       used 50508K, committed 51776K, reserved 1114112K
  class space    used 6994K, committed 7616K, reserved 1048576K
}
Event: 2101.778 GC heap before
{Heap before GC invocations=58 (full 0):
 garbage-first heap   total 411648K, used 313736K [0x0000000700000000, 0x0000000800000000)
  region size 2048K, 120 young (245760K), 8 survivors (16384K)
 Metaspace       used 50511K, committed 51776K, reserved 1114112K
  class space    used 6994K, committed 7616K, reserved 1048576K
}
Event: 2101.802 GC heap after
{Heap after GC invocations=59 (full 0):
 garbage-first heap   total 495616K, used 85975K [0x0000000700000000, 0x0000000800000000)
  region size 2048K, 9 young (18432K), 9 survivors (18432K)
 Metaspace       used 50511K, committed 51776K, reserved 1114112K
  class space    used 6994K, committed 7616K, reserved 1048576K
}
Event: 2102.391 GC heap before
{Heap before GC invocations=59 (full 0):
 garbage-first heap   total 495616K, used 364503K [0x0000000700000000, 0x0000000800000000)
  region size 2048K, 145 young (296960K), 9 survivors (18432K)
 Metaspace       used 50511K, committed 51776K, reserved 1114112K
  class space    used 6994K, committed 7616K, reserved 1048576K
}
Event: 2102.416 GC heap after
{Heap after GC invocations=60 (full 0):
 garbage-first heap   total 495616K, used 86925K [0x0000000700000000, 0x0000000800000000)
  region size 2048K, 9 young (18432K), 9 survivors (18432K)
 Metaspace       used 50511K, committed 51776K, reserved 1114112K
  class space    used 6994K, committed 7616K, reserved 1048576K
}
Event: 2103.180 GC heap before
{Heap before GC invocations=60 (full 0):
 garbage-first heap   total 495616K, used 365453K [0x0000000700000000, 0x0000000800000000)
  region size 2048K, 145 young (296960K), 9 survivors (18432K)
 Metaspace       used 50511K, committed 51776K, reserved 1114112K
  class space    used 6994K, committed 7616K, reserved 1048576K
}
Event: 2103.189 GC heap after
{Heap after GC invocations=61 (full 0):
 garbage-first heap   total 495616K, used 88408K [0x0000000700000000, 0x0000000800000000)
  region size 2048K, 9 young (18432K), 9 survivors (18432K)
 Metaspace       used 50511K, committed 51776K, reserved 1114112K
  class space    used 6994K, committed 7616K, reserved 1048576K
}
Event: 2103.673 GC heap before
{Heap before GC invocations=61 (full 0):
 garbage-first heap   total 495616K, used 366936K [0x0000000700000000, 0x0000000800000000)
  region size 2048K, 145 young (296960K), 9 survivors (18432K)
 Metaspace       used 50514K, committed 51776K, reserved 1114112K
  class space    used 6994K, committed 7616K, reserved 1048576K
}
Event: 2103.681 GC heap after
{Heap after GC invocations=62 (full 0):
 garbage-first heap   total 495616K, used 89700K [0x0000000700000000, 0x0000000800000000)
  region size 2048K, 10 young (20480K), 10 survivors (20480K)
 Metaspace       used 50514K, committed 51776K, reserved 1114112K
  class space    used 6994K, committed 7616K, reserved 1048576K
}
Event: 2104.071 GC heap before
{Heap before GC invocations=62 (full 0):
 garbage-first heap   total 495616K, used 366180K [0x0000000700000000, 0x0000000800000000)
  region size 2048K, 145 young (296960K), 10 survivors (20480K)
 Metaspace       used 50519K, committed 51776K, reserved 1114112K
  class space    used 6994K, committed 7616K, reserved 1048576K
}
Event: 2104.078 GC heap after
{Heap after GC invocations=63 (full 0):
 garbage-first heap   total 495616K, used 90638K [0x0000000700000000, 0x0000000800000000)
  region size 2048K, 10 young (20480K), 10 survivors (20480K)
 Metaspace       used 50519K, committed 51776K, reserved 1114112K
  class space    used 6994K, committed 7616K, reserved 1048576K
}
Event: 2104.497 GC heap before
{Heap before GC invocations=63 (full 0):
 garbage-first heap   total 495616K, used 367118K [0x0000000700000000, 0x0000000800000000)
  region size 2048K, 145 young (296960K), 10 survivors (20480K)
 Metaspace       used 50519K, committed 51776K, reserved 1114112K
  class space    used 6994K, committed 7616K, reserved 1048576K
}
Event: 2104.506 GC heap after
{Heap after GC invocations=64 (full 0):
 garbage-first heap   total 495616K, used 92099K [0x0000000700000000, 0x0000000800000000)
  region size 2048K, 10 young (20480K), 10 survivors (20480K)
 Metaspace       used 50519K, committed 51776K, reserved 1114112K
  class space    used 6994K, committed 7616K, reserved 1048576K
}
Event: 2105.142 GC heap before
{Heap before GC invocations=64 (full 0):
 garbage-first heap   total 495616K, used 368579K [0x0000000700000000, 0x0000000800000000)
  region size 2048K, 145 young (296960K), 10 survivors (20480K)
 Metaspace       used 50519K, committed 51776K, reserved 1114112K
  class space    used 6994K, committed 7616K, reserved 1048576K
}
Event: 2105.155 GC heap after
{Heap after GC invocations=65 (full 0):
 garbage-first heap   total 595968K, used 94009K [0x0000000700000000, 0x0000000800000000)
  region size 2048K, 11 young (22528K), 11 survivors (22528K)
 Metaspace       used 50519K, committed 51776K, reserved 1114112K
  class space    used 6994K, committed 7616K, reserved 1048576K
}
Event: 2108.663 GC heap before
{Heap before GC invocations=65 (full 0):
 garbage-first heap   total 595968K, used 427833K [0x0000000700000000, 0x0000000800000000)
  region size 2048K, 174 young (356352K), 11 survivors (22528K)
 Metaspace       used 52527K, committed 53760K, reserved 1114112K
  class space    used 7112K, committed 7680K, reserved 1048576K
}
Event: 2108.677 GC heap after
{Heap after GC invocations=66 (full 0):
 garbage-first heap   total 595968K, used 81826K [0x0000000700000000, 0x0000000800000000)
  region size 2048K, 4 young (8192K), 4 survivors (8192K)
 Metaspace       used 52527K, committed 53760K, reserved 1114112K
  class space    used 7112K, committed 7680K, reserved 1048576K
}
Event: 2109.347 GC heap before
{Heap before GC invocations=66 (full 0):
 garbage-first heap   total 595968K, used 429986K [0x0000000700000000, 0x0000000800000000)
  region size 2048K, 174 young (356352K), 4 survivors (8192K)
 Metaspace       used 52676K, committed 53952K, reserved 1114112K
  class space    used 7117K, committed 7744K, reserved 1048576K
}
Event: 2109.351 GC heap after
{Heap after GC invocations=67 (full 0):
 garbage-first heap   total 595968K, used 82930K [0x0000000700000000, 0x0000000800000000)
  region size 2048K, 5 young (10240K), 5 survivors (10240K)
 Metaspace       used 52676K, committed 53952K, reserved 1114112K
  class space    used 7117K, committed 7744K, reserved 1048576K
}

Deoptimization events (20 events):
Event: 2108.908 Thread 0x000002354beaa4a0 Uncommon trap: trap_request=0xffffffde fr.pc=0x0000023571a2662c relative=0x00000000000003ec
Event: 2108.908 Thread 0x000002354beaa4a0 Uncommon trap: reason=class_check action=maybe_recompile pc=0x0000023571a2662c method=org.gradle.api.internal.file.pattern.FixedStepPathMatcher.matches([Ljava/lang/String;I)Z @ 30 c2
Event: 2108.908 Thread 0x000002354beaa4a0 DEOPT PACKING pc=0x0000023571a2662c sp=0x0000008db11f5bd0
Event: 2108.908 Thread 0x000002354beaa4a0 DEOPT UNPACKING pc=0x0000023570ce23a3 sp=0x0000008db11f5b58 mode 2
Event: 2108.978 Thread 0x000002354beaa4a0 Uncommon trap: trap_request=0xffffff45 fr.pc=0x00000235718df9ec relative=0x0000000000002fcc
Event: 2108.978 Thread 0x000002354beaa4a0 Uncommon trap: reason=unstable_if action=reinterpret pc=0x00000235718df9ec method=org.jetbrains.org.objectweb.asm.ClassReader.readMethod(Lorg/jetbrains/org/objectweb/asm/ClassVisitor;Lorg/jetbrains/org/objectweb/asm/Context;I)I @ 378 c2
Event: 2108.978 Thread 0x000002354beaa4a0 DEOPT PACKING pc=0x00000235718df9ec sp=0x0000008db11f58c0
Event: 2108.978 Thread 0x000002354beaa4a0 DEOPT UNPACKING pc=0x0000023570ce23a3 sp=0x0000008db11f5858 mode 2
Event: 2109.200 Thread 0x000002354beaa4a0 Uncommon trap: trap_request=0xffffff45 fr.pc=0x00000235718cfb24 relative=0x00000000000041c4
Event: 2109.200 Thread 0x000002354beaa4a0 Uncommon trap: reason=unstable_if action=reinterpret pc=0x00000235718cfb24 method=org.jetbrains.org.objectweb.asm.ClassReader.accept(Lorg/jetbrains/org/objectweb/asm/ClassVisitor;[Lorg/jetbrains/org/objectweb/asm/Attribute;I)V @ 485 c2
Event: 2109.200 Thread 0x000002354beaa4a0 DEOPT PACKING pc=0x00000235718cfb24 sp=0x0000008db11f59f0
Event: 2109.200 Thread 0x000002354beaa4a0 DEOPT UNPACKING pc=0x0000023570ce23a3 sp=0x0000008db11f59a8 mode 2
Event: 2109.550 Thread 0x000002354beaa4a0 Uncommon trap: trap_request=0xffffff45 fr.pc=0x0000023571a69704 relative=0x00000000000032c4
Event: 2109.550 Thread 0x000002354beaa4a0 Uncommon trap: reason=unstable_if action=reinterpret pc=0x0000023571a69704 method=org.jetbrains.org.objectweb.asm.signature.SignatureReader.parseType(Ljava/lang/String;ILorg/jetbrains/org/objectweb/asm/signature/SignatureVisitor;)I @ 14 c2
Event: 2109.550 Thread 0x000002354beaa4a0 DEOPT PACKING pc=0x0000023571a69704 sp=0x0000008db11f5650
Event: 2109.550 Thread 0x000002354beaa4a0 DEOPT UNPACKING pc=0x0000023570ce23a3 sp=0x0000008db11f5650 mode 2
Event: 2109.761 Thread 0x000002354beaa4a0 Uncommon trap: trap_request=0xffffff45 fr.pc=0x0000023571a606e0 relative=0x0000000000003000
Event: 2109.761 Thread 0x000002354beaa4a0 Uncommon trap: reason=unstable_if action=reinterpret pc=0x0000023571a606e0 method=org.jetbrains.org.objectweb.asm.ClassReader.readMethod(Lorg/jetbrains/org/objectweb/asm/ClassVisitor;Lorg/jetbrains/org/objectweb/asm/Context;I)I @ 316 c2
Event: 2109.761 Thread 0x000002354beaa4a0 DEOPT PACKING pc=0x0000023571a606e0 sp=0x0000008db11f5730
Event: 2109.761 Thread 0x000002354beaa4a0 DEOPT UNPACKING pc=0x0000023570ce23a3 sp=0x0000008db11f56d8 mode 2

Classes unloaded (20 events):
Event: 20.099 Thread 0x000002357ecd91a0 Unloading class 0x00000235075b1000 'ProtobufPatchPlugin$_apply_closure1$_closure2$_closure3$_closure4'
Event: 20.099 Thread 0x000002357ecd91a0 Unloading class 0x00000235075b0a98 'ProtobufPatchPlugin$_apply_closure1$_closure2$_closure3'
Event: 20.099 Thread 0x000002357ecd91a0 Unloading class 0x00000235075b06b0 'ProtobufPatchPlugin$_apply_closure1$_closure2'
Event: 20.099 Thread 0x000002357ecd91a0 Unloading class 0x00000235075b02c8 'ProtobufPatchPlugin$_apply_closure1'
Event: 20.099 Thread 0x000002357ecd91a0 Unloading class 0x00000235075b0000 'ProtobufPatchPlugin'
Event: 133.079 Thread 0x000002357ecd91a0 Unloading class 0x00000235075d27d0 '_BuildScript_$_run_closure2'
Event: 133.079 Thread 0x000002357ecd91a0 Unloading class 0x00000235075d23e8 '_BuildScript_$_run_closure1$_closure4'
Event: 133.079 Thread 0x000002357ecd91a0 Unloading class 0x00000235075d2000 '_BuildScript_$_run_closure1$_closure3$_closure5'
Event: 133.079 Thread 0x000002357ecd91a0 Unloading class 0x00000235075d1918 '_BuildScript_$_run_closure1$_closure3'
Event: 133.079 Thread 0x000002357ecd91a0 Unloading class 0x00000235075d1530 '_BuildScript_$_run_closure1'
Event: 133.079 Thread 0x000002357ecd91a0 Unloading class 0x00000235075d1000 '_BuildScript_'
Event: 133.079 Thread 0x000002357ecd91a0 Unloading class 0x00000235075c9800 '_BuildScript_'
Event: 133.079 Thread 0x000002357ecd91a0 Unloading class 0x00000235075c3000 '_BuildScript_$_run_closure1$_closure2'
Event: 133.079 Thread 0x000002357ecd91a0 Unloading class 0x00000235075c2400 '_BuildScript_$_run_closure1'
Event: 133.079 Thread 0x000002357ecd91a0 Unloading class 0x00000235075c2800 '_BuildScript_'
Event: 537.895 Thread 0x000002357ecd91a0 Unloading class 0x0000023507621000 '_BuildScript_$_run_closure1$_closure2'
Event: 537.895 Thread 0x000002357ecd91a0 Unloading class 0x0000023507620a98 '_BuildScript_$_run_closure1'
Event: 537.895 Thread 0x000002357ecd91a0 Unloading class 0x0000023507620568 '_BuildScript_'
Event: 537.895 Thread 0x000002357ecd91a0 Unloading class 0x00000235076202b0 'GradleAnnotationProcessorPatchPlugin$AnnotationProcessorModelBuilder'
Event: 537.895 Thread 0x000002357ecd91a0 Unloading class 0x0000023507620000 'GradleAnnotationProcessorPatchPlugin'

Classes redefined (0 events):
No events

Internal exceptions (20 events):
Event: 2086.517 Thread 0x000002354beaa4a0 Exception <a 'sun/nio/fs/WindowsException'{0x0000000706ee4570}> (0x0000000706ee4570) 
thrown [s\open\src\hotspot\share\prims\jni.cpp, line 516]
Event: 2086.544 Thread 0x000002354beaa4a0 Implicit null exception at 0x000002357154d39b to 0x000002357154e128
Event: 2087.103 Thread 0x000002354beaa4a0 Exception <a 'java/lang/NoSuchMethodError'{0x0000000706c0d620}: 'java.lang.Object java.lang.invoke.Invokers$Holder.invoker(java.lang.Object, java.lang.Object, java.lang.Object, java.lang.Object, java.lang.Object, java.lang.Object, java.lang.Object, java.lang.Object, java.lang.Object)'> (0x0000000706c0d620) 
thrown [s\open\src\hotspot\share\interpreter\linkResolver.cpp, line 759]
Event: 2088.304 Thread 0x000002354beaa4a0 Exception <a 'java/lang/NoSuchMethodError'{0x0000000706cd1440}: 'java.lang.Object java.lang.invoke.Invokers$Holder.invoker(java.lang.Object, java.lang.Object, java.lang.Object, java.lang.Object)'> (0x0000000706cd1440) 
thrown [s\open\src\hotspot\share\interpreter\linkResolver.cpp, line 759]
Event: 2088.696 Thread 0x000002354beaa4a0 Exception <a 'java/lang/NoSuchMethodError'{0x0000000706d8da58}: 'java.lang.Object java.lang.invoke.DelegatingMethodHandle$Holder.reinvoke_L(java.lang.Object, java.lang.Object, java.lang.Object, java.lang.Object, java.lang.Object, java.lang.Object, java.lang.Object, java.lang.Object, java.lang.Object, java.lang.Object, java.lang.Object, java.lang.Object, java.lang.Object, java.lang.Object, java.lang.Object, java.lang.Object, java.lang.Object, java.lang.Object, java.lang.Object, java.lang.Object, java.lang.O
Event: 2088.713 Thread 0x000002354beaa4a0 Exception <a 'java/lang/NoSuchMethodError'{0x0000000706d99978}: 'java.lang.Object java.lang.invoke.Invokers$Holder.invoker(java.lang.Object, java.lang.Object, java.lang.Object, java.lang.Object, java.lang.Object, java.lang.Object, java.lang.Object, java.lang.Object, java.lang.Object, java.lang.Object, java.lang.Object, java.lang.Object, java.lang.Object, java.lang.Object, java.lang.Object, java.lang.Object, java.lang.Object, java.lang.Object, java.lang.Object, java.lang.Object, java.lang.Object, java.lang.
Event: 2088.719 Thread 0x000002354beaa4a0 Exception <a 'java/lang/NoSuchMethodError'{0x0000000706da0d10}: 'java.lang.Object java.lang.invoke.DelegatingMethodHandle$Holder.delegate(java.lang.Object, java.lang.Object, java.lang.Object, java.lang.Object, java.lang.Object, java.lang.Object, java.lang.Object, java.lang.Object, java.lang.Object, java.lang.Object, java.lang.Object, java.lang.Object, java.lang.Object, java.lang.Object, java.lang.Object, java.lang.Object, java.lang.Object, java.lang.Object, java.lang.Object, java.lang.Object, java.lang.Obj
Event: 2088.957 Thread 0x000002354beaa4a0 Exception <a 'java/lang/NoSuchMethodError'{0x0000000706a1d410}: 'java.lang.Object java.lang.invoke.DirectMethodHandle$Holder.invokeStatic(java.lang.Object, java.lang.Object, java.lang.Object, java.lang.Object, java.lang.Object, java.lang.Object, java.lang.Object, java.lang.Object, java.lang.Object, java.lang.Object, java.lang.Object, java.lang.Object, java.lang.Object, java.lang.Object, java.lang.Object, java.lang.Object, java.lang.Object)'> (0x0000000706a1d410) 
thrown [s\open\src\hotspot\share\interprete
Event: 2088.965 Thread 0x000002354beaa4a0 Exception <a 'java/lang/NoSuchMethodError'{0x0000000706a46078}: 'java.lang.Object java.lang.invoke.DirectMethodHandle$Holder.invokeStatic(java.lang.Object, java.lang.Object, java.lang.Object, java.lang.Object, java.lang.Object, java.lang.Object, java.lang.Object, java.lang.Object, java.lang.Object, java.lang.Object, java.lang.Object, java.lang.Object, java.lang.Object, java.lang.Object, java.lang.Object, java.lang.Object, java.lang.Object, java.lang.Object)'> (0x0000000706a46078) 
thrown [s\open\src\hotspo
Event: 2088.979 Thread 0x000002354beaa4a0 Exception <a 'java/lang/NoSuchMethodError'{0x0000000706a72e88}: 'java.lang.Object java.lang.invoke.DirectMethodHandle$Holder.invokeStatic(java.lang.Object, java.lang.Object, java.lang.Object, java.lang.Object, java.lang.Object, java.lang.Object, java.lang.Object, java.lang.Object, java.lang.Object, java.lang.Object, java.lang.Object, java.lang.Object, java.lang.Object, java.lang.Object, java.lang.Object, java.lang.Object, java.lang.Object, java.lang.Object, java.lang.Object)'> (0x0000000706a72e88) 
thrown 
Event: 2088.993 Thread 0x000002354beaa4a0 Exception <a 'java/lang/NoSuchMethodError'{0x0000000706a9f5c0}: 'java.lang.Object java.lang.invoke.DirectMethodHandle$Holder.invokeStatic(java.lang.Object, java.lang.Object, java.lang.Object, java.lang.Object, java.lang.Object, java.lang.Object, java.lang.Object, java.lang.Object, java.lang.Object, java.lang.Object, java.lang.Object, java.lang.Object, java.lang.Object, java.lang.Object, java.lang.Object, java.lang.Object, java.lang.Object, java.lang.Object, java.lang.Object, java.lang.Object)'> (0x00000007
Event: 2089.017 Thread 0x000002354beaa4a0 Exception <a 'java/lang/NoSuchMethodError'{0x0000000706acca58}: 'java.lang.Object java.lang.invoke.DirectMethodHandle$Holder.invokeStatic(java.lang.Object, java.lang.Object, java.lang.Object, java.lang.Object, java.lang.Object, java.lang.Object, java.lang.Object, java.lang.Object, java.lang.Object, java.lang.Object, java.lang.Object, java.lang.Object, java.lang.Object, java.lang.Object, java.lang.Object, java.lang.Object, java.lang.Object, java.lang.Object, java.lang.Object, java.lang.Object, java.lang.Obj
Event: 2089.049 Thread 0x000002354beaa4a0 Exception <a 'java/lang/NoSuchMethodError'{0x0000000706afa9c8}: 'java.lang.Object java.lang.invoke.DirectMethodHandle$Holder.invokeStatic(java.lang.Object, java.lang.Object, java.lang.Object, java.lang.Object, java.lang.Object, java.lang.Object, java.lang.Object, java.lang.Object, java.lang.Object, java.lang.Object, java.lang.Object, java.lang.Object, java.lang.Object, java.lang.Object, java.lang.Object, java.lang.Object, java.lang.Object, java.lang.Object, java.lang.Object, java.lang.Object, java.lang.Obj
Event: 2089.078 Thread 0x000002354beaa4a0 Exception <a 'java/lang/NoSuchMethodError'{0x0000000706b28078}: 'java.lang.Object java.lang.invoke.DirectMethodHandle$Holder.invokeStatic(java.lang.Object, java.lang.Object, java.lang.Object, java.lang.Object, java.lang.Object, java.lang.Object, java.lang.Object, java.lang.Object, java.lang.Object, java.lang.Object, java.lang.Object, java.lang.Object, java.lang.Object, java.lang.Object, java.lang.Object, java.lang.Object, java.lang.Object, java.lang.Object, java.lang.Object, java.lang.Object, java.lang.Obj
Event: 2089.114 Thread 0x000002354beaa4a0 Exception <a 'java/lang/NoSuchMethodError'{0x0000000706b5a898}: 'java.lang.Object java.lang.invoke.DirectMethodHandle$Holder.invokeStatic(java.lang.Object, java.lang.Object, java.lang.Object, java.lang.Object, java.lang.Object, java.lang.Object, java.lang.Object, java.lang.Object, java.lang.Object, java.lang.Object, java.lang.Object, java.lang.Object, java.lang.Object, java.lang.Object, java.lang.Object, java.lang.Object, java.lang.Object, java.lang.Object, java.lang.Object, java.lang.Object, java.lang.Obj
Event: 2089.133 Thread 0x000002354beaa4a0 Exception <a 'java/lang/NoSuchMethodError'{0x0000000706b8d2d0}: 'java.lang.Object java.lang.invoke.DirectMethodHandle$Holder.invokeStatic(java.lang.Object, java.lang.Object, java.lang.Object, java.lang.Object, java.lang.Object, java.lang.Object, java.lang.Object, java.lang.Object, java.lang.Object, java.lang.Object, java.lang.Object, java.lang.Object, java.lang.Object, java.lang.Object, java.lang.Object, java.lang.Object, java.lang.Object, java.lang.Object, java.lang.Object, java.lang.Object, java.lang.Obj
Event: 2090.503 Thread 0x000002354beaa4a0 Exception <a 'sun/nio/fs/WindowsException'{0x0000000705ccdc98}> (0x0000000705ccdc98) 
thrown [s\open\src\hotspot\share\prims\jni.cpp, line 516]
Event: 2099.475 Thread 0x000002354beaa4a0 Implicit null exception at 0x0000023571993faf to 0x00000235719943ec
Event: 2105.527 Thread 0x000002354beaa4a0 Exception <a 'sun/nio/fs/WindowsException'{0x0000000713dc7ad0}> (0x0000000713dc7ad0) 
thrown [s\open\src\hotspot\share\prims\jni.cpp, line 516]
Event: 2105.537 Thread 0x000002354beaa4a0 Exception <a 'sun/nio/fs/WindowsException'{0x0000000713dc7c68}> (0x0000000713dc7c68) 
thrown [s\open\src\hotspot\share\prims\jni.cpp, line 516]

VM Operations (20 events):
Event: 2104.497 Executing VM operation: G1CollectForAllocation
Event: 2104.506 Executing VM operation: G1CollectForAllocation done
Event: 2105.132 Executing VM operation: G1CollectForAllocation
Event: 2105.155 Executing VM operation: G1CollectForAllocation done
Event: 2106.164 Executing VM operation: Cleanup
Event: 2106.165 Executing VM operation: Cleanup done
Event: 2108.176 Executing VM operation: Cleanup
Event: 2108.176 Executing VM operation: Cleanup done
Event: 2108.469 Executing VM operation: HandshakeAllThreads
Event: 2108.470 Executing VM operation: HandshakeAllThreads done
Event: 2108.476 Executing VM operation: HandshakeAllThreads
Event: 2108.477 Executing VM operation: HandshakeAllThreads done
Event: 2108.663 Executing VM operation: G1CollectForAllocation
Event: 2108.677 Executing VM operation: G1CollectForAllocation done
Event: 2108.945 Executing VM operation: HandshakeAllThreads
Event: 2108.945 Executing VM operation: HandshakeAllThreads done
Event: 2109.347 Executing VM operation: G1CollectForAllocation
Event: 2109.351 Executing VM operation: G1CollectForAllocation done
Event: 2110.359 Executing VM operation: Cleanup
Event: 2110.359 Executing VM operation: Cleanup done

Events (20 events):
Event: 2102.191 Thread 0x000002357ed013a0 flushing nmethod 0x000002356a970790
Event: 2102.191 Thread 0x000002357ed013a0 flushing nmethod 0x000002356a982b90
Event: 2102.601 Thread 0x000002354e43c2f0 Thread exited: 0x000002354e43c2f0
Event: 2105.402 Thread 0x000002354e43c840 Thread added: 0x000002354e43c840
Event: 2105.402 Thread 0x000002354e43c2f0 Thread added: 0x000002354e43c2f0
Event: 2105.708 loading class java/io/DeleteOnExitHook
Event: 2105.749 loading class java/io/DeleteOnExitHook done
Event: 2105.749 loading class java/io/DeleteOnExitHook$1
Event: 2105.763 loading class java/io/DeleteOnExitHook$1 done
Event: 2106.060 Thread 0x000002354e43c2f0 Thread exited: 0x000002354e43c2f0
Event: 2107.471 Thread 0x000002354e43c840 Thread exited: 0x000002354e43c840
Event: 2108.505 Thread 0x000002354e43e2d0 Thread added: 0x000002354e43e2d0
Event: 2108.509 Thread 0x000002354e43e820 Thread added: 0x000002354e43e820
Event: 2108.953 Thread 0x000002357ed013a0 flushing nmethod 0x000002356a313a10
Event: 2108.955 Thread 0x000002357ed013a0 flushing nmethod 0x000002356a887890
Event: 2108.955 Thread 0x000002357ed013a0 flushing nmethod 0x000002356a891310
Event: 2108.955 Thread 0x000002357ed013a0 flushing nmethod 0x000002356a893f90
Event: 2108.955 Thread 0x000002357ed013a0 flushing nmethod 0x000002356a8a1f10
Event: 2108.984 Thread 0x000002354e43e820 Thread exited: 0x000002354e43e820
Event: 2109.370 Thread 0x000002354e43e2d0 Thread exited: 0x000002354e43e2d0


Dynamic libraries:
0x00007ff7e90f0000 - 0x00007ff7e9100000 	C:\Program Files\Java\jdk-17\bin\java.exe
0x00007ff982b00000 - 0x00007ff982d68000 	C:\Windows\SYSTEM32\ntdll.dll
0x00007ff980970000 - 0x00007ff980a39000 	C:\Windows\System32\KERNEL32.DLL
0x00007ff97fe20000 - 0x00007ff98020d000 	C:\Windows\System32\KERNELBASE.dll
0x00007ff980510000 - 0x00007ff98065b000 	C:\Windows\System32\ucrtbase.dll
0x00007ff957100000 - 0x00007ff95711b000 	C:\Program Files\Java\jdk-17\bin\VCRUNTIME140.dll
0x00007ff9570e0000 - 0x00007ff9570f9000 	C:\Program Files\Java\jdk-17\bin\jli.dll
0x00007ff9812f0000 - 0x00007ff9813a4000 	C:\Windows\System32\ADVAPI32.dll
0x00007ff982840000 - 0x00007ff9828e9000 	C:\Windows\System32\msvcrt.dll
0x00007ff9813f0000 - 0x00007ff981496000 	C:\Windows\System32\sechost.dll
0x00007ff9829a0000 - 0x00007ff982ab8000 	C:\Windows\System32\RPCRT4.dll
0x00007ff9821c0000 - 0x00007ff98238c000 	C:\Windows\System32\USER32.dll
0x00007ff980420000 - 0x00007ff980447000 	C:\Windows\System32\win32u.dll
0x00007ff982810000 - 0x00007ff98283b000 	C:\Windows\System32\GDI32.dll
0x00007ff97fc30000 - 0x00007ff97fd67000 	C:\Windows\System32\gdi32full.dll
0x00007ff97fd70000 - 0x00007ff97fe13000 	C:\Windows\System32\msvcp_win.dll
0x00007ff96aec0000 - 0x00007ff96b15a000 	C:\Windows\WinSxS\amd64_microsoft.windows.common-controls_6595b64144ccf1df_6.0.26100.4441_none_3e0ab07ce3324174\COMCTL32.dll
0x00007ff9764e0000 - 0x00007ff9764eb000 	C:\Windows\SYSTEM32\VERSION.dll
0x00007ff9813b0000 - 0x00007ff9813df000 	C:\Windows\System32\IMM32.DLL
0x00007ff9641d0000 - 0x00007ff9641dc000 	C:\Program Files\Java\jdk-17\bin\vcruntime140_1.dll
0x00007ff918020000 - 0x00007ff9180ae000 	C:\Program Files\Java\jdk-17\bin\msvcp140.dll
0x00007ff8dab10000 - 0x00007ff8db6f0000 	C:\Program Files\Java\jdk-17\bin\server\jvm.dll
0x00007ff980880000 - 0x00007ff980888000 	C:\Windows\System32\PSAPI.DLL
0x00007ff970780000 - 0x00007ff9707b5000 	C:\Windows\SYSTEM32\WINMM.dll
0x00007ff96b450000 - 0x00007ff96b45a000 	C:\Windows\SYSTEM32\WSOCK32.dll
0x00007ff980b50000 - 0x00007ff980bc4000 	C:\Windows\System32\WS2_32.dll
0x00007ff97e9e0000 - 0x00007ff97e9fb000 	C:\Windows\SYSTEM32\kernel.appcore.dll
0x00007ff963c90000 - 0x00007ff963c9a000 	C:\Program Files\Java\jdk-17\bin\jimage.dll
0x00007ff979920000 - 0x00007ff979b61000 	C:\Windows\SYSTEM32\DBGHELP.DLL
0x00007ff982410000 - 0x00007ff982796000 	C:\Windows\System32\combase.dll
0x00007ff982040000 - 0x00007ff982120000 	C:\Windows\System32\OLEAUT32.dll
0x00007ff969730000 - 0x00007ff969773000 	C:\Windows\SYSTEM32\dbgcore.DLL
0x00007ff9807e0000 - 0x00007ff980879000 	C:\Windows\System32\bcryptPrimitives.dll
0x00007ff962f30000 - 0x00007ff962f3e000 	C:\Program Files\Java\jdk-17\bin\instrument.dll
0x00007ff9568c0000 - 0x00007ff9568e5000 	C:\Program Files\Java\jdk-17\bin\java.dll
0x00007ff917f40000 - 0x00007ff918017000 	C:\Program Files\Java\jdk-17\bin\jsvml.dll
0x00007ff9814a0000 - 0x00007ff981bee000 	C:\Windows\System32\SHELL32.dll
0x00007ff980210000 - 0x00007ff980384000 	C:\Windows\System32\wintypes.dll
0x00007ff97d8b0000 - 0x00007ff97e10f000 	C:\Windows\SYSTEM32\windows.storage.dll
0x00007ff980a40000 - 0x00007ff980b35000 	C:\Windows\System32\SHCORE.dll
0x00007ff9827a0000 - 0x00007ff98280a000 	C:\Windows\System32\shlwapi.dll
0x00007ff97fb40000 - 0x00007ff97fb6f000 	C:\Windows\SYSTEM32\profapi.dll
0x00007ff956830000 - 0x00007ff956848000 	C:\Program Files\Java\jdk-17\bin\zip.dll
0x00007ff954ac0000 - 0x00007ff954ad9000 	C:\Program Files\Java\jdk-17\bin\net.dll
0x00007ff979c90000 - 0x00007ff979dae000 	C:\Windows\SYSTEM32\WINHTTP.dll
0x00007ff97ef60000 - 0x00007ff97efca000 	C:\Windows\system32\mswsock.dll
0x00007ff953bc0000 - 0x00007ff953bd6000 	C:\Program Files\Java\jdk-17\bin\nio.dll
0x00007ff979590000 - 0x00007ff9795a0000 	C:\Program Files\Java\jdk-17\bin\verify.dll
0x00007ff945d10000 - 0x00007ff945d37000 	C:\Users\Lucas&Matheus\.gradle\native\68d5fa5c4cc2d200863cafc0d521ce42e7d3e7ee720ec0a83991735586a16f82\windows-amd64\native-platform.dll
0x00007ff917bf0000 - 0x00007ff917d34000 	C:\Users\Lucas&Matheus\.gradle\native\e376f236ea51e6404a007f0833ffe2c6e607c4080706a723a18a27aeea778392\windows-amd64\native-platform-file-events.dll
0x00007ff95f920000 - 0x00007ff95f92a000 	C:\Program Files\Java\jdk-17\bin\management.dll
0x00007ff95f8c0000 - 0x00007ff95f8cb000 	C:\Program Files\Java\jdk-17\bin\management_ext.dll
0x00007ff97f210000 - 0x00007ff97f22b000 	C:\Windows\SYSTEM32\CRYPTSP.dll
0x00007ff97e940000 - 0x00007ff97e97a000 	C:\Windows\system32\rsaenh.dll
0x00007ff97f000000 - 0x00007ff97f02b000 	C:\Windows\SYSTEM32\USERENV.dll
0x00007ff97fb10000 - 0x00007ff97fb36000 	C:\Windows\SYSTEM32\bcrypt.dll
0x00007ff97f230000 - 0x00007ff97f23c000 	C:\Windows\SYSTEM32\CRYPTBASE.dll
0x00007ff97e410000 - 0x00007ff97e443000 	C:\Windows\SYSTEM32\IPHLPAPI.DLL
0x00007ff9811d0000 - 0x00007ff9811da000 	C:\Windows\System32\NSI.dll
0x00007ff97ab20000 - 0x00007ff97ab3f000 	C:\Windows\SYSTEM32\dhcpcsvc6.DLL
0x00007ff97a770000 - 0x00007ff97a795000 	C:\Windows\SYSTEM32\dhcpcsvc.DLL
0x00007ff97e4a0000 - 0x00007ff97e5c6000 	C:\Windows\SYSTEM32\DNSAPI.dll
0x00007ff9568b0000 - 0x00007ff9568be000 	C:\Program Files\Java\jdk-17\bin\sunmscapi.dll
0x00007ff980660000 - 0x00007ff9807d7000 	C:\Windows\System32\CRYPT32.dll
0x00007ff97f430000 - 0x00007ff97f460000 	C:\Windows\SYSTEM32\ncrypt.dll
0x00007ff97f3e0000 - 0x00007ff97f41f000 	C:\Windows\SYSTEM32\NTASN1.dll
0x00007ff9162f0000 - 0x00007ff9162f8000 	C:\Windows\system32\wshunix.dll

dbghelp: loaded successfully - version: 4.0.5 - missing functions: none
symbol engine: initialized successfully - sym options: 0x614 - pdb path: .;C:\Program Files\Java\jdk-17\bin;C:\Windows\SYSTEM32;C:\Windows\WinSxS\amd64_microsoft.windows.common-controls_6595b64144ccf1df_6.0.26100.4441_none_3e0ab07ce3324174;C:\Program Files\Java\jdk-17\bin\server;C:\Users\Lucas&Matheus\.gradle\native\68d5fa5c4cc2d200863cafc0d521ce42e7d3e7ee720ec0a83991735586a16f82\windows-amd64;C:\Users\Lucas&Matheus\.gradle\native\e376f236ea51e6404a007f0833ffe2c6e607c4080706a723a18a27aeea778392\windows-amd64

VM Arguments:
jvm_args: -XX:MaxMetaspaceSize=2G -XX:+HeapDumpOnOutOfMemoryError --add-opens=java.base/java.util=ALL-UNNAMED --add-opens=java.base/java.lang=ALL-UNNAMED --add-opens=java.base/java.lang.invoke=ALL-UNNAMED --add-opens=java.prefs/java.util.prefs=ALL-UNNAMED --add-opens=java.base/java.nio.charset=ALL-UNNAMED --add-opens=java.base/java.net=ALL-UNNAMED --add-opens=java.base/java.util.concurrent.atomic=ALL-UNNAMED -Xmx4G -Dfile.encoding=utf8 -Duser.country=BR -Duser.language=pt -Duser.variant -javaagent:C:\Users\Lucas&Matheus\.gradle\wrapper\dists\gradle-8.3-all\6en3ugtfdg5xnpx44z4qbwgas\gradle-8.3\lib\agents\gradle-instrumentation-agent-8.3.jar 
java_command: org.gradle.launcher.daemon.bootstrap.GradleDaemon 8.3
java_class_path (initial): C:\Users\Lucas&Matheus\.gradle\wrapper\dists\gradle-8.3-all\6en3ugtfdg5xnpx44z4qbwgas\gradle-8.3\lib\gradle-launcher-8.3.jar
Launcher Type: SUN_STANDARD

[Global flags]
     intx CICompilerCount                          = 4                                         {product} {ergonomic}
     uint ConcGCThreads                            = 3                                         {product} {ergonomic}
     uint G1ConcRefinementThreads                  = 10                                        {product} {ergonomic}
   size_t G1HeapRegionSize                         = 2097152                                   {product} {ergonomic}
    uintx GCDrainStackTargetSize                   = 64                                        {product} {ergonomic}
     bool HeapDumpOnOutOfMemoryError               = true                                   {manageable} {command line}
   size_t InitialHeapSize                          = 115343360                                 {product} {ergonomic}
   size_t MarkStackSize                            = 4194304                                   {product} {ergonomic}
   size_t MaxHeapSize                              = 4294967296                                {product} {command line}
   size_t MaxMetaspaceSize                         = 2147483648                                {product} {command line}
   size_t MaxNewSize                               = 2575302656                                {product} {ergonomic}
   size_t MinHeapDeltaBytes                        = 2097152                                   {product} {ergonomic}
   size_t MinHeapSize                              = 8388608                                   {product} {ergonomic}
    uintx NonNMethodCodeHeapSize                   = 5839372                                {pd product} {ergonomic}
    uintx NonProfiledCodeHeapSize                  = 122909434                              {pd product} {ergonomic}
    uintx ProfiledCodeHeapSize                     = 122909434                              {pd product} {ergonomic}
    uintx ReservedCodeCacheSize                    = 251658240                              {pd product} {ergonomic}
     bool SegmentedCodeCache                       = true                                      {product} {ergonomic}
   size_t SoftMaxHeapSize                          = 4294967296                             {manageable} {ergonomic}
     bool UseCompressedClassPointers               = true                           {product lp64_product} {ergonomic}
     bool UseCompressedOops                        = true                           {product lp64_product} {ergonomic}
     bool UseG1GC                                  = true                                      {product} {ergonomic}
     bool UseLargePagesIndividualAllocation        = false                                  {pd product} {ergonomic}

Logging:
Log output configuration:
 #0: stdout all=warning uptime,level,tags
 #1: stderr all=off uptime,level,tags

Environment Variables:
JAVA_HOME=C:\Program Files\OpenJDK\jdk-22.0.2
PATH=C:\Program Files\Common Files\Oracle\Java\javapath;C:\Windows\system32;C:\Windows;C:\Windows\System32\Wbem;C:\Windows\System32\WindowsPowerShell\v1.0\;C:\Windows\System32\OpenSSH\;C:\ProgramData\chocolatey\bin;C:\Program Files\OpenJDK\jdk-22.0.2\bin;C:\Program Files\Git\cmd;C:\Windows\system32;C:\Windows;C:\Windows\System32\Wbem;C:\Windows\System32\WindowsPowerShell\v1.0\;C:\Windows\System32\OpenSSH\;C:\Program Files\MySQL\MySQL Shell 8.0\bin\;C:\Users\Lucas&Matheus\AppData\Local\Microsoft\WindowsApps;C:\Users\Lucas&Matheus\AppData\Local\Programs\Microsoft VS Code\bin
USERNAME=Lucas
OS=Windows_NT
PROCESSOR_IDENTIFIER=AMD64 Family 25 Model 80 Stepping 0, AuthenticAMD



---------------  S Y S T E M  ---------------

OS:
 Windows 11 , 64 bit Build 26100 (10.0.26100.4441)
OS uptime: 0 days 1:25 hours

CPU: total 12 (initial active 12) (12 cores per cpu, 2 threads per core) family 25 model 80 stepping 0 microcode 0xa50000c, cx8, cmov, fxsr, ht, mmx, 3dnowpref, sse, sse2, sse3, ssse3, sse4a, sse4.1, sse4.2, popcnt, lzcnt, tsc, tscinvbit, avx, avx2, aes, erms, clmul, bmi1, bmi2, adx, sha, fma, vzeroupper, clflush, clflushopt

Memory: 4k page, system-wide physical 6964M (983M free)
TotalPageFile size 28468M (AvailPageFile size 7M)
current process WorkingSet (physical memory assigned to process): 619M, peak: 622M
current process commit charge ("private bytes"): 848M, peak: 855M

vm_info: Java HotSpot(TM) 64-Bit Server VM (17.0.12+8-LTS-286) for windows-amd64 JRE (17.0.12+8-LTS-286), built on Jun  5 2024 06:46:59 by "mach5one" with MS VC++ 17.6 (VS2022)

END.
