#
# There is insufficient memory for the Java Runtime Environment to continue.
# Native memory allocation (malloc) failed to allocate 421136 bytes. Error detail: Chunk::new
# Possible reasons:
#   The system is out of physical RAM or swap space
#   This process is running with CompressedOops enabled, and the Java Heap may be blocking the growth of the native heap
# Possible solutions:
#   Reduce memory load on the system
#   Increase physical memory or swap space
#   Check if swap backing store is full
#   Decrease Java heap size (-Xmx/-Xms)
#   Decrease number of Java threads
#   Decrease Java thread stack sizes (-Xss)
#   Set larger code cache with -XX:ReservedCodeCacheSize=
#   JVM is running with Zero Based Compressed Oops mode in which the Java heap is
#     placed in the first 32GB address space. The Java Heap base address is the
#     maximum limit for the native heap growth. Please use -XX:HeapBaseMinAddress
#     to set the Java Heap base and to place the Java Heap above 32GB virtual address.
# This output file may be truncated or incomplete.
#
#  Out of Memory Error (arena.cpp:168), pid=17472, tid=18276
#
# JRE version: OpenJDK Runtime Environment Temurin-21.0.7+6 (21.0.7+6) (build 21.0.7+6-LTS)
# Java VM: OpenJDK 64-Bit Server VM Temurin-21.0.7+6 (21.0.7+6-LTS, mixed mode, sharing, tiered, compressed oops, compressed class ptrs, parallel gc, windows-amd64)
# No core dump will be written. Minidumps are not enabled by default on client versions of Windows
#

---------------  S U M M A R Y ------------

Command Line: --add-modules=ALL-SYSTEM --add-opens=java.base/java.util=ALL-UNNAMED --add-opens=java.base/java.lang=ALL-UNNAMED --add-opens=java.base/sun.nio.fs=ALL-UNNAMED -Declipse.application=org.eclipse.jdt.ls.core.id1 -Dosgi.bundles.defaultStartLevel=4 -Declipse.product=org.eclipse.jdt.ls.core.product -Djava.import.generatesMetadataFilesAtProjectRoot=false -DDetectVMInstallationsJob.disabled=true -Dfile.encoding=utf8 -XX:+UseParallelGC -XX:GCTimeRatio=4 -XX:AdaptiveSizePolicyWeight=90 -Dsun.zip.disableMemoryMapping=true -Xmx4G -Xms100m -Xlog:disable -javaagent:c:\Users\Lucas&Matheus\.vscode\extensions\redhat.java-1.43.1-win32-x64\lombok\lombok-1.18.39-4050.jar -XX:+HeapDumpOnOutOfMemoryError -XX:HeapDumpPath=c:\Users\Lucas&Matheus\AppData\Roaming\Code\User\workspaceStorage\43840fc305b14c407294d896764d075f\redhat.java -Daether.dependencyCollector.impl=bf c:\Users\Lucas&Matheus\.vscode\extensions\redhat.java-1.43.1-win32-x64\server\plugins\org.eclipse.equinox.launcher_1.7.0.v20250519-0528.jar -configuration c:\Users\Lucas&Matheus\AppData\Roaming\Code\User\globalStorage\redhat.java\1.43.1\config_win -data c:\Users\Lucas&Matheus\AppData\Roaming\Code\User\workspaceStorage\43840fc305b14c407294d896764d075f\redhat.java\jdt_ws --pipe=\\.\pipe\lsp-dc3f18d171550a90af70a6f02574fd95-sock

Host: AMD Ryzen 5 5600G with Radeon Graphics         , 12 cores, 6G,  Windows 11 , 64 bit Build 26100 (10.0.26100.4441)
Time: Sat Jul  5 00:43:24 2025 Hora oficial do Brasil elapsed time: 422.065125 seconds (0d 0h 7m 2s)

---------------  T H R E A D  ---------------

Current thread (0x00000162a1ca1080):  JavaThread "C2 CompilerThread0" daemon [_thread_in_native, id=18276, stack(0x000000165b800000,0x000000165b900000) (1024K)]


Current CompileTask:
C2:422066 12573       4       com.esotericsoftware.kryo.io.Input::require (220 bytes)

Stack: [0x000000165b800000,0x000000165b900000]
Native frames: (J=compiled Java code, j=interpreted, Vv=VM code, C=native code)
V  [jvm.dll+0x6ce119]
V  [jvm.dll+0x8a84a1]
V  [jvm.dll+0x8aa9ce]
V  [jvm.dll+0x8ab0b3]
V  [jvm.dll+0x27f8a6]
V  [jvm.dll+0xc507d]
V  [jvm.dll+0xc55b3]
V  [jvm.dll+0x3b68f2]
V  [jvm.dll+0x382aa5]
V  [jvm.dll+0x381f0a]
V  [jvm.dll+0x247af0]
V  [jvm.dll+0x2470cf]
V  [jvm.dll+0x1c760e]
V  [jvm.dll+0x25695a]
V  [jvm.dll+0x254efa]
V  [jvm.dll+0x3f03f6]
V  [jvm.dll+0x851f6b]
V  [jvm.dll+0x6cc7dd]
C  [ucrtbase.dll+0x37b0]
C  [KERNEL32.DLL+0x2e8d7]
C  [ntdll.dll+0x3c34c]


---------------  P R O C E S S  ---------------

Threads class SMR info:
_java_thread_list=0x0000016295e50e20, length=135, elements={
0x00000162a1beb9e0, 0x00000162bcfee040, 0x00000162a1c97f60, 0x00000162a1c99190,
0x00000162a1c9c790, 0x00000162a1c9d440, 0x00000162a1c9dfc0, 0x00000162a1ca1080,
0x00000162a1ca7150, 0x00000162a1c5a5b0, 0x00000162ff7a2b50, 0x0000016280ad0130,
0x00000162809af5d0, 0x0000016285179db0, 0x00000162851776d0, 0x0000016285325ca0,
0x000001628524deb0, 0x0000016280bc7e50, 0x0000016285537fb0, 0x0000016285759910,
0x000001628575a630, 0x00000162852b5a00, 0x00000162852b4650, 0x00000162852b6090,
0x00000162852b4ce0, 0x00000162852b5370, 0x00000162852b6720, 0x00000162852b6db0,
0x00000162852b7440, 0x00000162852b3fc0, 0x00000162852b9510, 0x00000162852ba8c0,
0x00000162852b9ba0, 0x00000162852b87f0, 0x00000162852b7ad0, 0x00000162852ba230,
0x00000162852b8e80, 0x00000162852baf50, 0x00000162852bb5e0, 0x00000162852b8160,
0x0000016286b82f50, 0x0000016286b835e0, 0x0000016286b80e80, 0x0000016286b83c70,
0x0000016286b82230, 0x0000016286b81510, 0x0000016286b828c0, 0x0000016286b81ba0,
0x0000016286b863d0, 0x0000016286b84300, 0x0000016286b84990, 0x0000016286b856b0,
0x0000016286b86a60, 0x0000016286b85020, 0x0000016286b85d40, 0x0000016286b884a0,
0x0000016286b870f0, 0x0000016286b87e10, 0x0000016286b87780, 0x0000016286af5fa0,
0x0000016286af4bf0, 0x0000016286af5280, 0x0000016286af8700, 0x0000016286af6630,
0x0000016286af6cc0, 0x0000016286af7350, 0x0000016286af79e0, 0x0000016286af8070,
0x0000016286af8d90, 0x0000016286af5910, 0x0000016286afae60, 0x0000016286afa140,
0x0000016286afa7d0, 0x0000016286afb4f0, 0x0000016289b3d0c0, 0x0000016289b3bd10,
0x0000016289b3feb0, 0x0000016289b3f190, 0x0000016289b41260, 0x0000016289b418f0,
0x0000016289b41f80, 0x0000016289b42ca0, 0x0000016286fc3030, 0x0000016286af9420,
0x00000162960e5b80, 0x00000162960e6f30, 0x00000162960e4e60, 0x00000162960e47d0,
0x00000162960e68a0, 0x00000162960e9000, 0x00000162960e7c50, 0x00000162960ea3b0,
0x00000162960e82e0, 0x00000162960eaa40, 0x00000162960ebdf0, 0x00000162960e8970,
0x00000162960e9690, 0x0000016294237f60, 0x0000016294239310, 0x0000016294238c80,
0x00000162942385f0, 0x0000016294235e90, 0x0000016294236520, 0x000001629423a030,
0x0000016294236bb0, 0x000001629423a6c0, 0x000001629423c100, 0x000001629423ce20,
0x000001629423ad50, 0x000001629423d4b0, 0x0000016286fc3d50, 0x0000016286fc43e0,
0x0000016286fc0f60, 0x0000016286fc1c80, 0x0000016286fc36c0, 0x0000016286fc2310,
0x0000016289b3f820, 0x0000016289b3dde0, 0x0000016289b3c3a0, 0x0000016289b3ca30,
0x000001629423b3e0, 0x000001629423ba70, 0x0000016285759fa0, 0x000001628575acc0,
0x00000162960e54f0, 0x000001629423c790, 0x00000162964eb720, 0x00000162964ea370,
0x00000162964ecad0, 0x00000162964ed160, 0x00000162964ebdb0, 0x00000162964eaa00,
0x00000162964ec440, 0x00000162964eb090, 0x00000162964ed7f0
}

Java Threads: ( => current thread )
  0x00000162a1beb9e0 JavaThread "main"                              [_thread_blocked, id=17712, stack(0x000000165ae00000,0x000000165af00000) (1024K)]
  0x00000162bcfee040 JavaThread "Reference Handler"          daemon [_thread_blocked, id=1636, stack(0x000000165b200000,0x000000165b300000) (1024K)]
  0x00000162a1c97f60 JavaThread "Finalizer"                  daemon [_thread_blocked, id=19012, stack(0x000000165b300000,0x000000165b400000) (1024K)]
  0x00000162a1c99190 JavaThread "Signal Dispatcher"          daemon [_thread_blocked, id=18824, stack(0x000000165b400000,0x000000165b500000) (1024K)]
  0x00000162a1c9c790 JavaThread "Attach Listener"            daemon [_thread_blocked, id=5796, stack(0x000000165b500000,0x000000165b600000) (1024K)]
  0x00000162a1c9d440 JavaThread "Service Thread"             daemon [_thread_blocked, id=20184, stack(0x000000165b600000,0x000000165b700000) (1024K)]
  0x00000162a1c9dfc0 JavaThread "Monitor Deflation Thread"   daemon [_thread_blocked, id=11948, stack(0x000000165b700000,0x000000165b800000) (1024K)]
=>0x00000162a1ca1080 JavaThread "C2 CompilerThread0"         daemon [_thread_in_native, id=18276, stack(0x000000165b800000,0x000000165b900000) (1024K)]
  0x00000162a1ca7150 JavaThread "C1 CompilerThread0"         daemon [_thread_blocked, id=4856, stack(0x000000165b900000,0x000000165ba00000) (1024K)]
  0x00000162a1c5a5b0 JavaThread "Common-Cleaner"             daemon [_thread_blocked, id=18656, stack(0x000000165ba00000,0x000000165bb00000) (1024K)]
  0x00000162ff7a2b50 JavaThread "Notification Thread"        daemon [_thread_blocked, id=6692, stack(0x000000165bb00000,0x000000165bc00000) (1024K)]
  0x0000016280ad0130 JavaThread "Active Thread: Equinox Container: 8fe38e26-b197-40a7-b414-056f38b1deeb"        [_thread_blocked, id=9228, stack(0x000000165bc00000,0x000000165bd00000) (1024K)]
  0x00000162809af5d0 JavaThread "Refresh Thread: Equinox Container: 8fe38e26-b197-40a7-b414-056f38b1deeb" daemon [_thread_blocked, id=12140, stack(0x000000165c400000,0x000000165c500000) (1024K)]
  0x0000016285179db0 JavaThread "Framework Event Dispatcher: Equinox Container: 8fe38e26-b197-40a7-b414-056f38b1deeb" daemon [_thread_blocked, id=10252, stack(0x000000165c500000,0x000000165c600000) (1024K)]
  0x00000162851776d0 JavaThread "Start Level: Equinox Container: 8fe38e26-b197-40a7-b414-056f38b1deeb" daemon [_thread_blocked, id=17896, stack(0x000000165c600000,0x000000165c700000) (1024K)]
  0x0000016285325ca0 JavaThread "Bundle File Closer"         daemon [_thread_blocked, id=16956, stack(0x000000165c900000,0x000000165ca00000) (1024K)]
  0x000001628524deb0 JavaThread "SCR Component Actor"        daemon [_thread_blocked, id=5648, stack(0x000000165cb00000,0x000000165cc00000) (1024K)]
  0x0000016280bc7e50 JavaThread "Worker-JM"                         [_thread_blocked, id=18220, stack(0x000000165cd00000,0x000000165ce00000) (1024K)]
  0x0000016285537fb0 JavaThread "JNA Cleaner"                daemon [_thread_blocked, id=15288, stack(0x000000165ca00000,0x000000165cb00000) (1024K)]
  0x0000016285759910 JavaThread "Java indexing"              daemon [_thread_blocked, id=17984, stack(0x000000165d100000,0x000000165d200000) (1024K)]
  0x000001628575a630 JavaThread "Worker-2"                          [_thread_blocked, id=6520, stack(0x000000165d200000,0x000000165d300000) (1024K)]
  0x00000162852b5a00 JavaThread "Worker-3: Synchronize Gradle projects with workspace"        [_thread_blocked, id=18132, stack(0x000000165d500000,0x000000165d600000) (1024K)]
  0x00000162852b4650 JavaThread "Worker-4: Synchronize Gradle projects with workspace"        [_thread_blocked, id=19900, stack(0x000000165d600000,0x000000165d700000) (1024K)]
  0x00000162852b6090 JavaThread "Worker-5: Synchronize Gradle projects with workspace"        [_thread_blocked, id=17588, stack(0x000000165d700000,0x000000165d800000) (1024K)]
  0x00000162852b4ce0 JavaThread "Thread-2"                   daemon [_thread_in_native, id=17632, stack(0x000000165d800000,0x000000165d900000) (1024K)]
  0x00000162852b5370 JavaThread "Thread-3"                   daemon [_thread_in_native, id=3180, stack(0x000000165d900000,0x000000165da00000) (1024K)]
  0x00000162852b6720 JavaThread "Thread-4"                   daemon [_thread_in_native, id=11964, stack(0x000000165da00000,0x000000165db00000) (1024K)]
  0x00000162852b6db0 JavaThread "Thread-5"                   daemon [_thread_in_native, id=6776, stack(0x000000165db00000,0x000000165dc00000) (1024K)]
  0x00000162852b7440 JavaThread "Thread-6"                   daemon [_thread_in_native, id=18192, stack(0x000000165dc00000,0x000000165dd00000) (1024K)]
  0x00000162852b3fc0 JavaThread "Thread-7"                   daemon [_thread_in_native, id=17496, stack(0x000000165dd00000,0x000000165de00000) (1024K)]
  0x00000162852b9510 JavaThread "Thread-8"                   daemon [_thread_in_native, id=2736, stack(0x000000165de00000,0x000000165df00000) (1024K)]
  0x00000162852ba8c0 JavaThread "Thread-9"                   daemon [_thread_in_native, id=4008, stack(0x000000165df00000,0x000000165e000000) (1024K)]
  0x00000162852b9ba0 JavaThread "Thread-10"                  daemon [_thread_in_native, id=14036, stack(0x000000165e000000,0x000000165e100000) (1024K)]
  0x00000162852b87f0 JavaThread "Thread-11"                  daemon [_thread_in_native, id=19832, stack(0x000000165e100000,0x000000165e200000) (1024K)]
  0x00000162852b7ad0 JavaThread "Thread-12"                  daemon [_thread_in_native, id=15620, stack(0x000000165e200000,0x000000165e300000) (1024K)]
  0x00000162852ba230 JavaThread "Thread-13"                  daemon [_thread_in_native, id=20460, stack(0x000000165e300000,0x000000165e400000) (1024K)]
  0x00000162852b8e80 JavaThread "Thread-14"                  daemon [_thread_in_native, id=4868, stack(0x000000165e400000,0x000000165e500000) (1024K)]
  0x00000162852baf50 JavaThread "pool-2-thread-1"                   [_thread_blocked, id=6524, stack(0x000000165e500000,0x000000165e600000) (1024K)]
  0x00000162852bb5e0 JavaThread "Worker-6: Synchronize Gradle projects with workspace"        [_thread_blocked, id=5824, stack(0x000000165e600000,0x000000165e700000) (1024K)]
  0x00000162852b8160 JavaThread "Worker-7: Synchronize Gradle projects with workspace"        [_thread_blocked, id=7440, stack(0x000000165e700000,0x000000165e800000) (1024K)]
  0x0000016286b82f50 JavaThread "Worker-8: Synchronize Gradle projects with workspace"        [_thread_blocked, id=15260, stack(0x000000165e800000,0x000000165e900000) (1024K)]
  0x0000016286b835e0 JavaThread "Timer-0"                           [_thread_blocked, id=5524, stack(0x000000165e900000,0x000000165ea00000) (1024K)]
  0x0000016286b80e80 JavaThread "Timer-1"                           [_thread_blocked, id=6364, stack(0x000000165ea00000,0x000000165eb00000) (1024K)]
  0x0000016286b83c70 JavaThread "Timer-2"                           [_thread_blocked, id=6548, stack(0x000000165eb00000,0x000000165ec00000) (1024K)]
  0x0000016286b82230 JavaThread "Timer-3"                           [_thread_blocked, id=7952, stack(0x000000165ec00000,0x000000165ed00000) (1024K)]
  0x0000016286b81510 JavaThread "Worker-9: Synchronize Gradle projects with workspace"        [_thread_blocked, id=16688, stack(0x000000165ed00000,0x000000165ee00000) (1024K)]
  0x0000016286b828c0 JavaThread "Timer-4"                           [_thread_blocked, id=4500, stack(0x000000165ee00000,0x000000165ef00000) (1024K)]
  0x0000016286b81ba0 JavaThread "Worker-10: Synchronize Gradle projects with workspace"        [_thread_blocked, id=12248, stack(0x000000165ef00000,0x000000165f000000) (1024K)]
  0x0000016286b863d0 JavaThread "Timer-5"                           [_thread_blocked, id=12644, stack(0x000000165f000000,0x000000165f100000) (1024K)]
  0x0000016286b84300 JavaThread "Worker-11: Synchronize Gradle projects with workspace"        [_thread_blocked, id=19784, stack(0x000000165f100000,0x000000165f200000) (1024K)]
  0x0000016286b84990 JavaThread "Timer-6"                           [_thread_blocked, id=16776, stack(0x000000165f200000,0x000000165f300000) (1024K)]
  0x0000016286b856b0 JavaThread "Worker-12: Synchronize Gradle projects with workspace"        [_thread_blocked, id=2024, stack(0x000000165f300000,0x000000165f400000) (1024K)]
  0x0000016286b86a60 JavaThread "Timer-7"                           [_thread_blocked, id=4968, stack(0x000000165f400000,0x000000165f500000) (1024K)]
  0x0000016286b85020 JavaThread "Worker-13: Synchronize Gradle projects with workspace"        [_thread_blocked, id=12804, stack(0x000000165f500000,0x000000165f600000) (1024K)]
  0x0000016286b85d40 JavaThread "Timer-8"                           [_thread_blocked, id=10232, stack(0x000000165f600000,0x000000165f700000) (1024K)]
  0x0000016286b884a0 JavaThread "Timer-9"                           [_thread_blocked, id=16396, stack(0x000000165f700000,0x000000165f800000) (1024K)]
  0x0000016286b870f0 JavaThread "Timer-17"                          [_thread_blocked, id=13408, stack(0x000000165f800000,0x000000165f900000) (1024K)]
  0x0000016286b87e10 JavaThread "Timer-11"                          [_thread_blocked, id=9484, stack(0x000000165f900000,0x000000165fa00000) (1024K)]
  0x0000016286b87780 JavaThread "Timer-12"                          [_thread_blocked, id=9436, stack(0x000000165fa00000,0x000000165fb00000) (1024K)]
  0x0000016286af5fa0 JavaThread "Timer-13"                          [_thread_blocked, id=19092, stack(0x000000165fb00000,0x000000165fc00000) (1024K)]
  0x0000016286af4bf0 JavaThread "Timer-14"                          [_thread_blocked, id=4048, stack(0x000000165fc00000,0x000000165fd00000) (1024K)]
  0x0000016286af5280 JavaThread "Timer-15"                          [_thread_blocked, id=9344, stack(0x000000165fd00000,0x000000165fe00000) (1024K)]
  0x0000016286af8700 JavaThread "Timer-16"                          [_thread_blocked, id=17032, stack(0x000000165fe00000,0x000000165ff00000) (1024K)]
  0x0000016286af6630 JavaThread "Timer-10"                          [_thread_blocked, id=6172, stack(0x000000165ff00000,0x0000001660000000) (1024K)]
  0x0000016286af6cc0 JavaThread "WorkspaceEventsHandler"            [_thread_blocked, id=7204, stack(0x0000001660000000,0x0000001660100000) (1024K)]
  0x0000016286af7350 JavaThread "pool-1-thread-1"                   [_thread_blocked, id=5712, stack(0x0000001660100000,0x0000001660200000) (1024K)]
  0x0000016286af79e0 JavaThread "Timer-18"                          [_thread_blocked, id=17676, stack(0x0000001660200000,0x0000001660300000) (1024K)]
  0x0000016286af8070 JavaThread "Worker-14: Synchronize Gradle projects with workspace"        [_thread_blocked, id=9188, stack(0x0000001660300000,0x0000001660400000) (1024K)]
  0x0000016286af8d90 JavaThread "Timer-19"                          [_thread_blocked, id=12212, stack(0x0000001660400000,0x0000001660500000) (1024K)]
  0x0000016286af5910 JavaThread "Worker-15: Compacting resource model"        [_thread_blocked, id=3832, stack(0x0000001660500000,0x0000001660600000) (1024K)]
  0x0000016286afae60 JavaThread "Timer-20"                          [_thread_blocked, id=19160, stack(0x0000001660600000,0x0000001660700000) (1024K)]
  0x0000016286afa140 JavaThread "Timer-22"                          [_thread_blocked, id=19052, stack(0x0000001660700000,0x0000001660800000) (1024K)]
  0x0000016286afa7d0 JavaThread "Timer-23"                          [_thread_blocked, id=13984, stack(0x0000001660800000,0x0000001660900000) (1024K)]
  0x0000016286afb4f0 JavaThread "Timer-21"                          [_thread_blocked, id=11224, stack(0x0000001660900000,0x0000001660a00000) (1024K)]
  0x0000016289b3d0c0 JavaThread "Worker-16: Initialize Workspace"        [_thread_blocked, id=19320, stack(0x0000001661700000,0x0000001661800000) (1024K)]
  0x0000016289b3bd10 JavaThread "Timer-24"                          [_thread_blocked, id=2384, stack(0x0000001661b00000,0x0000001661c00000) (1024K)]
  0x0000016289b3feb0 JavaThread "Timer-25"                          [_thread_blocked, id=7736, stack(0x0000001661000000,0x0000001661100000) (1024K)]
  0x0000016289b3f190 JavaThread "Timer-26"                          [_thread_blocked, id=7384, stack(0x0000001661400000,0x0000001661500000) (1024K)]
  0x0000016289b41260 JavaThread "Timer-27"                          [_thread_blocked, id=14972, stack(0x0000001660a00000,0x0000001660b00000) (1024K)]
  0x0000016289b418f0 JavaThread "Timer-28"                          [_thread_blocked, id=14372, stack(0x0000001660b00000,0x0000001660c00000) (1024K)]
  0x0000016289b41f80 JavaThread "Timer-29"                          [_thread_blocked, id=7172, stack(0x0000001661c00000,0x0000001661d00000) (1024K)]
  0x0000016289b42ca0 JavaThread "Timer-30"                          [_thread_blocked, id=10416, stack(0x0000001660d00000,0x0000001660e00000) (1024K)]
  0x0000016286fc3030 JavaThread "Timer-31"                          [_thread_blocked, id=11536, stack(0x0000001660e00000,0x0000001660f00000) (1024K)]
  0x0000016286af9420 JavaThread "Timer-32"                          [_thread_blocked, id=6536, stack(0x0000001660f00000,0x0000001661000000) (1024K)]
  0x00000162960e5b80 JavaThread "Timer-33"                          [_thread_blocked, id=4372, stack(0x000000165ce00000,0x000000165cf00000) (1024K)]
  0x00000162960e6f30 JavaThread "Timer-34"                          [_thread_blocked, id=18800, stack(0x0000001661200000,0x0000001661300000) (1024K)]
  0x00000162960e4e60 JavaThread "Timer-35"                          [_thread_blocked, id=8732, stack(0x0000001660c00000,0x0000001660d00000) (1024K)]
  0x00000162960e47d0 JavaThread "Timer-36"                          [_thread_blocked, id=7336, stack(0x0000001661300000,0x0000001661400000) (1024K)]
  0x00000162960e68a0 JavaThread "Timer-37"                          [_thread_blocked, id=10664, stack(0x000000165cc00000,0x000000165cd00000) (1024K)]
  0x00000162960e9000 JavaThread "Timer-38"                          [_thread_blocked, id=9180, stack(0x0000001661600000,0x0000001661700000) (1024K)]
  0x00000162960e7c50 JavaThread "Timer-39"                          [_thread_blocked, id=20128, stack(0x0000001662200000,0x0000001662300000) (1024K)]
  0x00000162960ea3b0 JavaThread "Timer-40"                          [_thread_blocked, id=9580, stack(0x0000001662300000,0x0000001662400000) (1024K)]
  0x00000162960e82e0 JavaThread "Timer-41"                          [_thread_blocked, id=12832, stack(0x0000001662400000,0x0000001662500000) (1024K)]
  0x00000162960eaa40 JavaThread "Timer-42"                          [_thread_blocked, id=20340, stack(0x0000001662600000,0x0000001662700000) (1024K)]
  0x00000162960ebdf0 JavaThread "Timer-43"                          [_thread_blocked, id=6068, stack(0x0000001662800000,0x0000001662900000) (1024K)]
  0x00000162960e8970 JavaThread "Timer-44"                          [_thread_blocked, id=13716, stack(0x0000001662900000,0x0000001662a00000) (1024K)]
  0x00000162960e9690 JavaThread "Timer-45"                          [_thread_blocked, id=10208, stack(0x0000001662a00000,0x0000001662b00000) (1024K)]
  0x0000016294237f60 JavaThread "Timer-46"                          [_thread_blocked, id=3300, stack(0x000000165ad00000,0x000000165ae00000) (1024K)]
  0x0000016294239310 JavaThread "Timer-47"                          [_thread_blocked, id=17132, stack(0x0000001661100000,0x0000001661200000) (1024K)]
  0x0000016294238c80 JavaThread "Timer-48"                          [_thread_blocked, id=3296, stack(0x0000001661500000,0x0000001661600000) (1024K)]
  0x00000162942385f0 JavaThread "Timer-49"                          [_thread_blocked, id=3764, stack(0x0000001661800000,0x0000001661900000) (1024K)]
  0x0000016294235e90 JavaThread "Timer-50"                          [_thread_blocked, id=17148, stack(0x0000001661900000,0x0000001661a00000) (1024K)]
  0x0000016294236520 JavaThread "Timer-51"                          [_thread_blocked, id=7820, stack(0x000000165ac00000,0x000000165ad00000) (1024K)]
  0x000001629423a030 JavaThread "Timer-52"                          [_thread_blocked, id=2460, stack(0x0000001661a00000,0x0000001661b00000) (1024K)]
  0x0000016294236bb0 JavaThread "Timer-53"                          [_thread_blocked, id=12120, stack(0x0000001661f00000,0x0000001662000000) (1024K)]
  0x000001629423a6c0 JavaThread "Timer-54"                          [_thread_blocked, id=4960, stack(0x0000001662000000,0x0000001662100000) (1024K)]
  0x000001629423c100 JavaThread "Timer-55"                          [_thread_blocked, id=16008, stack(0x0000001662500000,0x0000001662600000) (1024K)]
  0x000001629423ce20 JavaThread "Timer-56"                          [_thread_blocked, id=13048, stack(0x0000001662100000,0x0000001662200000) (1024K)]
  0x000001629423ad50 JavaThread "Timer-57"                          [_thread_blocked, id=2892, stack(0x0000001662b00000,0x0000001662c00000) (1024K)]
  0x000001629423d4b0 JavaThread "Timer-58"                          [_thread_blocked, id=9912, stack(0x0000001662c00000,0x0000001662d00000) (1024K)]
  0x0000016286fc3d50 JavaThread "Timer-59"                          [_thread_blocked, id=19168, stack(0x0000001662d00000,0x0000001662e00000) (1024K)]
  0x0000016286fc43e0 JavaThread "Timer-60"                          [_thread_blocked, id=16708, stack(0x0000001662e00000,0x0000001662f00000) (1024K)]
  0x0000016286fc0f60 JavaThread "Timer-61"                          [_thread_blocked, id=9496, stack(0x000000165cf00000,0x000000165d000000) (1024K)]
  0x0000016286fc1c80 JavaThread "Timer-62"                          [_thread_blocked, id=19444, stack(0x000000165d000000,0x000000165d100000) (1024K)]
  0x0000016286fc36c0 JavaThread "Timer-63"                          [_thread_blocked, id=12344, stack(0x000000165d300000,0x000000165d400000) (1024K)]
  0x0000016286fc2310 JavaThread "Timer-64"                          [_thread_blocked, id=19612, stack(0x000000165d400000,0x000000165d500000) (1024K)]
  0x0000016289b3f820 JavaThread "Timer-65"                          [_thread_blocked, id=19504, stack(0x0000001661d00000,0x0000001661e00000) (1024K)]
  0x0000016289b3dde0 JavaThread "Timer-66"                          [_thread_blocked, id=12332, stack(0x0000001662f00000,0x0000001663000000) (1024K)]
  0x0000016289b3c3a0 JavaThread "Timer-67"                          [_thread_blocked, id=17952, stack(0x0000001663000000,0x0000001663100000) (1024K)]
  0x0000016289b3ca30 JavaThread "Timer-68"                          [_thread_blocked, id=376, stack(0x0000001663100000,0x0000001663200000) (1024K)]
  0x000001629423b3e0 JavaThread "Timer-69"                          [_thread_blocked, id=15236, stack(0x0000001663200000,0x0000001663300000) (1024K)]
  0x000001629423ba70 JavaThread "Timer-70"                          [_thread_blocked, id=12988, stack(0x0000001663400000,0x0000001663500000) (1024K)]
  0x0000016285759fa0 JavaThread "Timer-71"                          [_thread_blocked, id=17756, stack(0x0000001663300000,0x0000001663400000) (1024K)]
  0x000001628575acc0 JavaThread "Timer-72"                          [_thread_blocked, id=19756, stack(0x0000001663500000,0x0000001663600000) (1024K)]
  0x00000162960e54f0 JavaThread "Timer-73"                          [_thread_blocked, id=11788, stack(0x0000001663700000,0x0000001663800000) (1024K)]
  0x000001629423c790 JavaThread "Timer-74"                          [_thread_blocked, id=14252, stack(0x0000001663800000,0x0000001663900000) (1024K)]
  0x00000162964eb720 JavaThread "Timer-75"                          [_thread_blocked, id=14096, stack(0x0000001663900000,0x0000001663a00000) (1024K)]
  0x00000162964ea370 JavaThread "Timer-76"                          [_thread_blocked, id=21148, stack(0x0000001663a00000,0x0000001663b00000) (1024K)]
  0x00000162964ecad0 JavaThread "Timer-77"                          [_thread_blocked, id=12824, stack(0x0000001663b00000,0x0000001663c00000) (1024K)]
  0x00000162964ed160 JavaThread "Timer-78"                          [_thread_blocked, id=13244, stack(0x0000001663c00000,0x0000001663d00000) (1024K)]
  0x00000162964ebdb0 JavaThread "Timer-79"                          [_thread_blocked, id=21488, stack(0x0000001663d00000,0x0000001663e00000) (1024K)]
  0x00000162964eaa00 JavaThread "Timer-80"                          [_thread_blocked, id=14824, stack(0x0000001663f00000,0x0000001664000000) (1024K)]
  0x00000162964ec440 JavaThread "Connection worker"                 [_thread_in_Java, id=10796, stack(0x0000001664000000,0x0000001664100000) (1024K)]
  0x00000162964eb090 JavaThread "pool-11-thread-1"                  [_thread_blocked, id=248, stack(0x0000001663e00000,0x0000001663f00000) (1024K)]
  0x00000162964ed7f0 JavaThread "Thread-166"                 daemon [_thread_blocked, id=19064, stack(0x0000001661e00000,0x0000001661f00000) (1024K)]
Total: 135

Other Threads:
  0x00000162bcfd23c0 VMThread "VM Thread"                           [id=17948, stack(0x000000165b100000,0x000000165b200000) (1024K)]
  0x00000162bcecca00 WatcherThread "VM Periodic Task Thread"        [id=16332, stack(0x000000165b000000,0x000000165b100000) (1024K)]
  0x00000162a1c09f20 WorkerThread "GC Thread#0"                     [id=14696, stack(0x000000165af00000,0x000000165b000000) (1024K)]
  0x0000016280af2c70 WorkerThread "GC Thread#1"                     [id=14484, stack(0x000000165bd00000,0x000000165be00000) (1024K)]
  0x0000016280779880 WorkerThread "GC Thread#2"                     [id=14576, stack(0x000000165be00000,0x000000165bf00000) (1024K)]
  0x000001628517a850 WorkerThread "GC Thread#3"                     [id=3628, stack(0x000000165bf00000,0x000000165c000000) (1024K)]
  0x000001628517abf0 WorkerThread "GC Thread#4"                     [id=15028, stack(0x000000165c000000,0x000000165c100000) (1024K)]
  0x0000016280ada270 WorkerThread "GC Thread#5"                     [id=19524, stack(0x000000165c100000,0x000000165c200000) (1024K)]
  0x0000016280ada610 WorkerThread "GC Thread#6"                     [id=2984, stack(0x000000165c200000,0x000000165c300000) (1024K)]
  0x000001628503ae90 WorkerThread "GC Thread#7"                     [id=14344, stack(0x000000165c300000,0x000000165c400000) (1024K)]
  0x0000016280c20f10 WorkerThread "GC Thread#8"                     [id=10228, stack(0x000000165c700000,0x000000165c800000) (1024K)]
  0x000001628505c620 WorkerThread "GC Thread#9"                     [id=18760, stack(0x000000165c800000,0x000000165c900000) (1024K)]
Total: 12

Threads with active compile tasks:
C2 CompilerThread0  422368 12573       4       com.esotericsoftware.kryo.io.Input::require (220 bytes)
Total: 1

VM state: not at safepoint (normal execution)

VM Mutex/Monitor currently owned by a thread: None

Heap address: 0x0000000700000000, size: 4096 MB, Compressed Oops mode: Zero based, Oop shift amount: 3

CDS archive(s) mapped at: [0x00000162bd000000-0x00000162bdba0000-0x00000162bdba0000), size 12189696, SharedBaseAddress: 0x00000162bd000000, ArchiveRelocationMode: 1.
Compressed class space mapped at: 0x00000162be000000-0x00000162fe000000, reserved size: 1073741824
Narrow klass base: 0x00000162bd000000, Narrow klass shift: 0, Narrow klass range: 0x100000000

GC Precious Log:
 CardTable entry size: 512
 CPUs: 12 total, 12 available
 Memory: 6964M
 Large Page Support: Disabled
 NUMA Support: Disabled
 Compressed Oops: Enabled (Zero based)
 Alignments: Space 512K, Generation 512K, Heap 2M
 Heap Min Capacity: 100M
 Heap Initial Capacity: 100M
 Heap Max Capacity: 4G
 Pre-touch: Disabled
 Parallel Workers: 10

Heap:
 PSYoungGen      total 5120K, used 2829K [0x00000007aab00000, 0x00000007ab100000, 0x0000000800000000)
  eden space 4608K, 52% used [0x00000007aab00000,0x00000007aad58248,0x00000007aaf80000)
  from space 512K, 83% used [0x00000007ab080000,0x00000007ab0eb260,0x00000007ab100000)
  to   space 512K, 0% used [0x00000007ab000000,0x00000007ab000000,0x00000007ab080000)
 ParOldGen       total 1947648K, used 1947569K [0x0000000700000000, 0x0000000776e00000, 0x00000007aab00000)
  object space 1947648K, 99% used [0x0000000700000000,0x0000000776dec700,0x0000000776e00000)
 Metaspace       used 90341K, committed 92224K, reserved 1179648K
  class space    used 11727K, committed 12608K, reserved 1048576K

Card table byte_map: [0x00000162b3de0000,0x00000162b45f0000] _byte_map_base: 0x00000162b05e0000

Marking Bits: (ParMarkBitMap*) 0x00007ff91db631f0
 Begin Bits: [0x00000162b45f0000, 0x00000162b85f0000)
 End Bits:   [0x00000162b85f0000, 0x00000162bc5f0000)

Polling page: 0x000001629f9f0000

Metaspace:

Usage:
  Non-class:     76.77 MB used.
      Class:     11.45 MB used.
       Both:     88.22 MB used.

Virtual space:
  Non-class space:      128.00 MB reserved,      77.75 MB ( 61%) committed,  2 nodes.
      Class space:        1.00 GB reserved,      12.31 MB (  1%) committed,  1 nodes.
             Both:        1.12 GB reserved,      90.06 MB (  8%) committed. 

Chunk freelists:
   Non-Class:  1.91 MB
       Class:  3.75 MB
        Both:  5.65 MB

MaxMetaspaceSize: unlimited
CompressedClassSpaceSize: 1.00 GB
Initial GC threshold: 21.00 MB
Current GC threshold: 97.31 MB
CDS: on
 - commit_granule_bytes: 65536.
 - commit_granule_words: 8192.
 - virtual_space_node_default_size: 8388608.
 - enlarge_chunks_in_place: 1.
 - use_allocation_guard: 0.


Internal statistics:

num_allocs_failed_limit: 11.
num_arena_births: 1850.
num_arena_deaths: 14.
num_vsnodes_births: 3.
num_vsnodes_deaths: 0.
num_space_committed: 1441.
num_space_uncommitted: 0.
num_chunks_returned_to_freelist: 25.
num_chunks_taken_from_freelist: 6101.
num_chunk_merges: 12.
num_chunk_splits: 3839.
num_chunks_enlarged: 2272.
num_inconsistent_stats: 0.

CodeHeap 'non-profiled nmethods': size=120000Kb used=11878Kb max_used=11878Kb free=108121Kb
 bounds [0x00000162ac8b0000, 0x00000162ad450000, 0x00000162b3de0000]
CodeHeap 'profiled nmethods': size=120000Kb used=24225Kb max_used=24225Kb free=95774Kb
 bounds [0x00000162a4de0000, 0x00000162a6590000, 0x00000162ac310000]
CodeHeap 'non-nmethods': size=5760Kb used=1410Kb max_used=1516Kb free=4349Kb
 bounds [0x00000162ac310000, 0x00000162ac580000, 0x00000162ac8b0000]
 total_blobs=12551 nmethods=11829 adapters=627
 compilation: enabled
              stopped_count=0, restarted_count=0
 full_count=0

Compilation events (20 events):
Event: 411.103 Thread 0x00000162a1ca7150 12562   !   3       java.util.Formatter$FormatSpecifier::index (53 bytes)
Event: 411.138 Thread 0x00000162a1ca7150 nmethod 12562 0x00000162a6584c10 code [0x00000162a6584e00, 0x00000162a6585100]
Event: 411.139 Thread 0x00000162a1ca7150 12563       3       java.util.Formatter$Flags::parse (63 bytes)
Event: 411.202 Thread 0x00000162a1ca7150 nmethod 12563 0x00000162a6585310 code [0x00000162a6585560, 0x00000162a6585e00]
Event: 413.746 Thread 0x00000162a1ca1080 12567 % !   4       java.util.TimerThread::mainLoop @ 0 (232 bytes)
Event: 414.469 Thread 0x00000162a1ca1080 nmethod 12567% 0x00000162ad443f90 code [0x00000162ad444220, 0x00000162ad445000]
Event: 416.884 Thread 0x00000162a1ca1080 12568       4       sun.nio.ch.WEPollSelectorImpl::processEvents (152 bytes)
Event: 416.900 Thread 0x00000162a1ca1080 nmethod 12568 0x00000162ad445a90 code [0x00000162ad445d40, 0x00000162ad446b60]
Event: 416.900 Thread 0x00000162a1ca1080 12569       4       sun.nio.ch.WEPoll::getDescriptor (34 bytes)
Event: 416.901 Thread 0x00000162a1ca1080 nmethod 12569 0x00000162ad447790 code [0x00000162ad447900, 0x00000162ad447970]
Event: 416.901 Thread 0x00000162a1ca1080 12570       4       sun.nio.ch.WEPoll::getEvents (13 bytes)
Event: 416.902 Thread 0x00000162a1ca1080 nmethod 12570 0x00000162ad447a90 code [0x00000162ad447c00, 0x00000162ad447c70]
Event: 416.902 Thread 0x00000162a1ca1080 12571       4       sun.nio.ch.WEPollSelectorImpl::toReadyOps (58 bytes)
Event: 416.902 Thread 0x00000162a1ca1080 nmethod 12571 0x00000162ad447d90 code [0x00000162ad447f20, 0x00000162ad448010]
Event: 416.946 Thread 0x00000162a1ca1080 12572   !   4       java.util.TimerThread::mainLoop (232 bytes)
Event: 416.961 Thread 0x00000162a1ca1080 nmethod 12572 0x00000162ad448110 code [0x00000162ad448380, 0x00000162ad449070]
Event: 419.878 Thread 0x00000162a1ca1080 12573       4       com.esotericsoftware.kryo.io.Input::require (220 bytes)
Event: 420.230 Thread 0x00000162a1ca7150 12574       3       org.gradle.tooling.internal.consumer.parameters.BuildProgressListenerAdapter::toFailures (56 bytes)
Event: 420.396 Thread 0x00000162a1ca7150 nmethod 12574 0x00000162a6586290 code [0x00000162a6586500, 0x00000162a6587080]
Event: 420.845 Thread 0x00000162a1ca7150 12577       3       org.gradle.internal.logging.serializer.SpanSerializer::read (6 bytes)

GC Heap History (20 events):
Event: 407.094 GC heap before
{Heap before GC invocations=2730 (full 3):
 PSYoungGen      total 5120K, used 4832K [0x00000007aab00000, 0x00000007ab100000, 0x0000000800000000)
  eden space 4608K, 100% used [0x00000007aab00000,0x00000007aaf80000,0x00000007aaf80000)
  from space 512K, 43% used [0x00000007ab080000,0x00000007ab0b8000,0x00000007ab100000)
  to   space 512K, 0% used [0x00000007ab000000,0x00000007ab000000,0x00000007ab080000)
 ParOldGen       total 1947648K, used 1947353K [0x0000000700000000, 0x0000000776e00000, 0x00000007aab00000)
  object space 1947648K, 99% used [0x0000000700000000,0x0000000776db6700,0x0000000776e00000)
 Metaspace       used 90336K, committed 92224K, reserved 1179648K
  class space    used 11727K, committed 12608K, reserved 1048576K
}
Event: 407.100 GC heap after
{Heap after GC invocations=2730 (full 3):
 PSYoungGen      total 5120K, used 256K [0x00000007aab00000, 0x00000007ab100000, 0x0000000800000000)
  eden space 4608K, 0% used [0x00000007aab00000,0x00000007aab00000,0x00000007aaf80000)
  from space 512K, 50% used [0x00000007ab000000,0x00000007ab040000,0x00000007ab080000)
  to   space 512K, 0% used [0x00000007ab080000,0x00000007ab080000,0x00000007ab100000)
 ParOldGen       total 1947648K, used 1947409K [0x0000000700000000, 0x0000000776e00000, 0x00000007aab00000)
  object space 1947648K, 99% used [0x0000000700000000,0x0000000776dc4700,0x0000000776e00000)
 Metaspace       used 90336K, committed 92224K, reserved 1179648K
  class space    used 11727K, committed 12608K, reserved 1048576K
}
Event: 407.192 GC heap before
{Heap before GC invocations=2731 (full 3):
 PSYoungGen      total 5120K, used 4864K [0x00000007aab00000, 0x00000007ab100000, 0x0000000800000000)
  eden space 4608K, 100% used [0x00000007aab00000,0x00000007aaf80000,0x00000007aaf80000)
  from space 512K, 50% used [0x00000007ab000000,0x00000007ab040000,0x00000007ab080000)
  to   space 512K, 0% used [0x00000007ab080000,0x00000007ab080000,0x00000007ab100000)
 ParOldGen       total 1947648K, used 1947409K [0x0000000700000000, 0x0000000776e00000, 0x00000007aab00000)
  object space 1947648K, 99% used [0x0000000700000000,0x0000000776dc4700,0x0000000776e00000)
 Metaspace       used 90336K, committed 92224K, reserved 1179648K
  class space    used 11727K, committed 12608K, reserved 1048576K
}
Event: 407.195 GC heap after
{Heap after GC invocations=2731 (full 3):
 PSYoungGen      total 5120K, used 224K [0x00000007aab00000, 0x00000007ab100000, 0x0000000800000000)
  eden space 4608K, 0% used [0x00000007aab00000,0x00000007aab00000,0x00000007aaf80000)
  from space 512K, 43% used [0x00000007ab080000,0x00000007ab0b8000,0x00000007ab100000)
  to   space 512K, 0% used [0x00000007ab000000,0x00000007ab000000,0x00000007ab080000)
 ParOldGen       total 1947648K, used 1947433K [0x0000000700000000, 0x0000000776e00000, 0x00000007aab00000)
  object space 1947648K, 99% used [0x0000000700000000,0x0000000776dca700,0x0000000776e00000)
 Metaspace       used 90336K, committed 92224K, reserved 1179648K
  class space    used 11727K, committed 12608K, reserved 1048576K
}
Event: 407.291 GC heap before
{Heap before GC invocations=2732 (full 3):
 PSYoungGen      total 5120K, used 4832K [0x00000007aab00000, 0x00000007ab100000, 0x0000000800000000)
  eden space 4608K, 100% used [0x00000007aab00000,0x00000007aaf80000,0x00000007aaf80000)
  from space 512K, 43% used [0x00000007ab080000,0x00000007ab0b8000,0x00000007ab100000)
  to   space 512K, 0% used [0x00000007ab000000,0x00000007ab000000,0x00000007ab080000)
 ParOldGen       total 1947648K, used 1947433K [0x0000000700000000, 0x0000000776e00000, 0x00000007aab00000)
  object space 1947648K, 99% used [0x0000000700000000,0x0000000776dca700,0x0000000776e00000)
 Metaspace       used 90336K, committed 92224K, reserved 1179648K
  class space    used 11727K, committed 12608K, reserved 1048576K
}
Event: 407.294 GC heap after
{Heap after GC invocations=2732 (full 3):
 PSYoungGen      total 5120K, used 224K [0x00000007aab00000, 0x00000007ab100000, 0x0000000800000000)
  eden space 4608K, 0% used [0x00000007aab00000,0x00000007aab00000,0x00000007aaf80000)
  from space 512K, 43% used [0x00000007ab000000,0x00000007ab038000,0x00000007ab080000)
  to   space 512K, 0% used [0x00000007ab080000,0x00000007ab080000,0x00000007ab100000)
 ParOldGen       total 1947648K, used 1947433K [0x0000000700000000, 0x0000000776e00000, 0x00000007aab00000)
  object space 1947648K, 99% used [0x0000000700000000,0x0000000776dca700,0x0000000776e00000)
 Metaspace       used 90336K, committed 92224K, reserved 1179648K
  class space    used 11727K, committed 12608K, reserved 1048576K
}
Event: 407.354 GC heap before
{Heap before GC invocations=2733 (full 3):
 PSYoungGen      total 5120K, used 4832K [0x00000007aab00000, 0x00000007ab100000, 0x0000000800000000)
  eden space 4608K, 100% used [0x00000007aab00000,0x00000007aaf80000,0x00000007aaf80000)
  from space 512K, 43% used [0x00000007ab000000,0x00000007ab038000,0x00000007ab080000)
  to   space 512K, 0% used [0x00000007ab080000,0x00000007ab080000,0x00000007ab100000)
 ParOldGen       total 1947648K, used 1947433K [0x0000000700000000, 0x0000000776e00000, 0x00000007aab00000)
  object space 1947648K, 99% used [0x0000000700000000,0x0000000776dca700,0x0000000776e00000)
 Metaspace       used 90336K, committed 92224K, reserved 1179648K
  class space    used 11727K, committed 12608K, reserved 1048576K
}
Event: 407.368 GC heap after
{Heap after GC invocations=2733 (full 3):
 PSYoungGen      total 5120K, used 160K [0x00000007aab00000, 0x00000007ab100000, 0x0000000800000000)
  eden space 4608K, 0% used [0x00000007aab00000,0x00000007aab00000,0x00000007aaf80000)
  from space 512K, 31% used [0x00000007ab080000,0x00000007ab0a8000,0x00000007ab100000)
  to   space 512K, 0% used [0x00000007ab000000,0x00000007ab000000,0x00000007ab080000)
 ParOldGen       total 1947648K, used 1947433K [0x0000000700000000, 0x0000000776e00000, 0x00000007aab00000)
  object space 1947648K, 99% used [0x0000000700000000,0x0000000776dca700,0x0000000776e00000)
 Metaspace       used 90336K, committed 92224K, reserved 1179648K
  class space    used 11727K, committed 12608K, reserved 1048576K
}
Event: 407.452 GC heap before
{Heap before GC invocations=2734 (full 3):
 PSYoungGen      total 5120K, used 4768K [0x00000007aab00000, 0x00000007ab100000, 0x0000000800000000)
  eden space 4608K, 100% used [0x00000007aab00000,0x00000007aaf80000,0x00000007aaf80000)
  from space 512K, 31% used [0x00000007ab080000,0x00000007ab0a8000,0x00000007ab100000)
  to   space 512K, 0% used [0x00000007ab000000,0x00000007ab000000,0x00000007ab080000)
 ParOldGen       total 1947648K, used 1947433K [0x0000000700000000, 0x0000000776e00000, 0x00000007aab00000)
  object space 1947648K, 99% used [0x0000000700000000,0x0000000776dca700,0x0000000776e00000)
 Metaspace       used 90336K, committed 92224K, reserved 1179648K
  class space    used 11727K, committed 12608K, reserved 1048576K
}
Event: 407.477 GC heap after
{Heap after GC invocations=2734 (full 3):
 PSYoungGen      total 5120K, used 192K [0x00000007aab00000, 0x00000007ab100000, 0x0000000800000000)
  eden space 4608K, 0% used [0x00000007aab00000,0x00000007aab00000,0x00000007aaf80000)
  from space 512K, 37% used [0x00000007ab000000,0x00000007ab030000,0x00000007ab080000)
  to   space 512K, 0% used [0x00000007ab080000,0x00000007ab080000,0x00000007ab100000)
 ParOldGen       total 1947648K, used 1947441K [0x0000000700000000, 0x0000000776e00000, 0x00000007aab00000)
  object space 1947648K, 99% used [0x0000000700000000,0x0000000776dcc700,0x0000000776e00000)
 Metaspace       used 90336K, committed 92224K, reserved 1179648K
  class space    used 11727K, committed 12608K, reserved 1048576K
}
Event: 410.278 GC heap before
{Heap before GC invocations=2735 (full 3):
 PSYoungGen      total 5120K, used 4800K [0x00000007aab00000, 0x00000007ab100000, 0x0000000800000000)
  eden space 4608K, 100% used [0x00000007aab00000,0x00000007aaf80000,0x00000007aaf80000)
  from space 512K, 37% used [0x00000007ab000000,0x00000007ab030000,0x00000007ab080000)
  to   space 512K, 0% used [0x00000007ab080000,0x00000007ab080000,0x00000007ab100000)
 ParOldGen       total 1947648K, used 1947441K [0x0000000700000000, 0x0000000776e00000, 0x00000007aab00000)
  object space 1947648K, 99% used [0x0000000700000000,0x0000000776dcc700,0x0000000776e00000)
 Metaspace       used 90336K, committed 92224K, reserved 1179648K
  class space    used 11727K, committed 12608K, reserved 1048576K
}
Event: 410.289 GC heap after
{Heap after GC invocations=2735 (full 3):
 PSYoungGen      total 5120K, used 224K [0x00000007aab00000, 0x00000007ab100000, 0x0000000800000000)
  eden space 4608K, 0% used [0x00000007aab00000,0x00000007aab00000,0x00000007aaf80000)
  from space 512K, 43% used [0x00000007ab080000,0x00000007ab0b8000,0x00000007ab100000)
  to   space 512K, 0% used [0x00000007ab000000,0x00000007ab000000,0x00000007ab080000)
 ParOldGen       total 1947648K, used 1947441K [0x0000000700000000, 0x0000000776e00000, 0x00000007aab00000)
  object space 1947648K, 99% used [0x0000000700000000,0x0000000776dcc700,0x0000000776e00000)
 Metaspace       used 90336K, committed 92224K, reserved 1179648K
  class space    used 11727K, committed 12608K, reserved 1048576K
}
Event: 417.553 GC heap before
{Heap before GC invocations=2736 (full 3):
 PSYoungGen      total 5120K, used 4832K [0x00000007aab00000, 0x00000007ab100000, 0x0000000800000000)
  eden space 4608K, 100% used [0x00000007aab00000,0x00000007aaf80000,0x00000007aaf80000)
  from space 512K, 43% used [0x00000007ab080000,0x00000007ab0b8000,0x00000007ab100000)
  to   space 512K, 0% used [0x00000007ab000000,0x00000007ab000000,0x00000007ab080000)
 ParOldGen       total 1947648K, used 1947441K [0x0000000700000000, 0x0000000776e00000, 0x00000007aab00000)
  object space 1947648K, 99% used [0x0000000700000000,0x0000000776dcc700,0x0000000776e00000)
 Metaspace       used 90337K, committed 92224K, reserved 1179648K
  class space    used 11727K, committed 12608K, reserved 1048576K
}
Event: 417.557 GC heap after
{Heap after GC invocations=2736 (full 3):
 PSYoungGen      total 5120K, used 288K [0x00000007aab00000, 0x00000007ab100000, 0x0000000800000000)
  eden space 4608K, 0% used [0x00000007aab00000,0x00000007aab00000,0x00000007aaf80000)
  from space 512K, 56% used [0x00000007ab000000,0x00000007ab048000,0x00000007ab080000)
  to   space 512K, 0% used [0x00000007ab080000,0x00000007ab080000,0x00000007ab100000)
 ParOldGen       total 1947648K, used 1947497K [0x0000000700000000, 0x0000000776e00000, 0x00000007aab00000)
  object space 1947648K, 99% used [0x0000000700000000,0x0000000776dda700,0x0000000776e00000)
 Metaspace       used 90337K, committed 92224K, reserved 1179648K
  class space    used 11727K, committed 12608K, reserved 1048576K
}
Event: 419.781 GC heap before
{Heap before GC invocations=2737 (full 3):
 PSYoungGen      total 5120K, used 4896K [0x00000007aab00000, 0x00000007ab100000, 0x0000000800000000)
  eden space 4608K, 100% used [0x00000007aab00000,0x00000007aaf80000,0x00000007aaf80000)
  from space 512K, 56% used [0x00000007ab000000,0x00000007ab048000,0x00000007ab080000)
  to   space 512K, 0% used [0x00000007ab080000,0x00000007ab080000,0x00000007ab100000)
 ParOldGen       total 1947648K, used 1947497K [0x0000000700000000, 0x0000000776e00000, 0x00000007aab00000)
  object space 1947648K, 99% used [0x0000000700000000,0x0000000776dda700,0x0000000776e00000)
 Metaspace       used 90337K, committed 92224K, reserved 1179648K
  class space    used 11727K, committed 12608K, reserved 1048576K
}
Event: 419.782 GC heap after
{Heap after GC invocations=2737 (full 3):
 PSYoungGen      total 5120K, used 160K [0x00000007aab00000, 0x00000007ab100000, 0x0000000800000000)
  eden space 4608K, 0% used [0x00000007aab00000,0x00000007aab00000,0x00000007aaf80000)
  from space 512K, 31% used [0x00000007ab080000,0x00000007ab0a8000,0x00000007ab100000)
  to   space 512K, 0% used [0x00000007ab000000,0x00000007ab000000,0x00000007ab080000)
 ParOldGen       total 1947648K, used 1947553K [0x0000000700000000, 0x0000000776e00000, 0x00000007aab00000)
  object space 1947648K, 99% used [0x0000000700000000,0x0000000776de8700,0x0000000776e00000)
 Metaspace       used 90337K, committed 92224K, reserved 1179648K
  class space    used 11727K, committed 12608K, reserved 1048576K
}
Event: 419.975 GC heap before
{Heap before GC invocations=2738 (full 3):
 PSYoungGen      total 5120K, used 4768K [0x00000007aab00000, 0x00000007ab100000, 0x0000000800000000)
  eden space 4608K, 100% used [0x00000007aab00000,0x00000007aaf80000,0x00000007aaf80000)
  from space 512K, 31% used [0x00000007ab080000,0x00000007ab0a8000,0x00000007ab100000)
  to   space 512K, 0% used [0x00000007ab000000,0x00000007ab000000,0x00000007ab080000)
 ParOldGen       total 1947648K, used 1947553K [0x0000000700000000, 0x0000000776e00000, 0x00000007aab00000)
  object space 1947648K, 99% used [0x0000000700000000,0x0000000776de8700,0x0000000776e00000)
 Metaspace       used 90337K, committed 92224K, reserved 1179648K
  class space    used 11727K, committed 12608K, reserved 1048576K
}
Event: 419.980 GC heap after
{Heap after GC invocations=2738 (full 3):
 PSYoungGen      total 5120K, used 128K [0x00000007aab00000, 0x00000007ab100000, 0x0000000800000000)
  eden space 4608K, 0% used [0x00000007aab00000,0x00000007aab00000,0x00000007aaf80000)
  from space 512K, 25% used [0x00000007ab000000,0x00000007ab020000,0x00000007ab080000)
  to   space 512K, 0% used [0x00000007ab080000,0x00000007ab080000,0x00000007ab100000)
 ParOldGen       total 1947648K, used 1947569K [0x0000000700000000, 0x0000000776e00000, 0x00000007aab00000)
  object space 1947648K, 99% used [0x0000000700000000,0x0000000776dec700,0x0000000776e00000)
 Metaspace       used 90337K, committed 92224K, reserved 1179648K
  class space    used 11727K, committed 12608K, reserved 1048576K
}
Event: 420.264 GC heap before
{Heap before GC invocations=2739 (full 3):
 PSYoungGen      total 5120K, used 4702K [0x00000007aab00000, 0x00000007ab100000, 0x0000000800000000)
  eden space 4608K, 99% used [0x00000007aab00000,0x00000007aaf77828,0x00000007aaf80000)
  from space 512K, 25% used [0x00000007ab000000,0x00000007ab020000,0x00000007ab080000)
  to   space 512K, 0% used [0x00000007ab080000,0x00000007ab080000,0x00000007ab100000)
 ParOldGen       total 1947648K, used 1947569K [0x0000000700000000, 0x0000000776e00000, 0x00000007aab00000)
  object space 1947648K, 99% used [0x0000000700000000,0x0000000776dec700,0x0000000776e00000)
 Metaspace       used 90337K, committed 92224K, reserved 1179648K
  class space    used 11727K, committed 12608K, reserved 1048576K
}
Event: 420.272 GC heap after
{Heap after GC invocations=2739 (full 3):
 PSYoungGen      total 5120K, used 428K [0x00000007aab00000, 0x00000007ab100000, 0x0000000800000000)
  eden space 4608K, 0% used [0x00000007aab00000,0x00000007aab00000,0x00000007aaf80000)
  from space 512K, 83% used [0x00000007ab080000,0x00000007ab0eb260,0x00000007ab100000)
  to   space 512K, 0% used [0x00000007ab000000,0x00000007ab000000,0x00000007ab080000)
 ParOldGen       total 1947648K, used 1947569K [0x0000000700000000, 0x0000000776e00000, 0x00000007aab00000)
  object space 1947648K, 99% used [0x0000000700000000,0x0000000776dec700,0x0000000776e00000)
 Metaspace       used 90337K, committed 92224K, reserved 1179648K
  class space    used 11727K, committed 12608K, reserved 1048576K
}

Dll operation events (18 events):
Event: 0.025 Loaded shared library c:\Users\Lucas&Matheus\.vscode\extensions\redhat.java-1.43.1-win32-x64\jre\21.0.7-win32-x86_64\bin\java.dll
Event: 0.119 Loaded shared library c:\Users\Lucas&Matheus\.vscode\extensions\redhat.java-1.43.1-win32-x64\jre\21.0.7-win32-x86_64\bin\zip.dll
Event: 0.141 Loaded shared library C:\Users\Lucas&Matheus\.vscode\extensions\redhat.java-1.43.1-win32-x64\jre\21.0.7-win32-x86_64\bin\instrument.dll
Event: 0.147 Loaded shared library C:\Users\Lucas&Matheus\.vscode\extensions\redhat.java-1.43.1-win32-x64\jre\21.0.7-win32-x86_64\bin\net.dll
Event: 0.150 Loaded shared library C:\Users\Lucas&Matheus\.vscode\extensions\redhat.java-1.43.1-win32-x64\jre\21.0.7-win32-x86_64\bin\nio.dll
Event: 0.154 Loaded shared library C:\Users\Lucas&Matheus\.vscode\extensions\redhat.java-1.43.1-win32-x64\jre\21.0.7-win32-x86_64\bin\zip.dll
Event: 0.172 Loaded shared library C:\Users\Lucas&Matheus\.vscode\extensions\redhat.java-1.43.1-win32-x64\jre\21.0.7-win32-x86_64\bin\jimage.dll
Event: 0.268 Loaded shared library c:\Users\Lucas&Matheus\.vscode\extensions\redhat.java-1.43.1-win32-x64\jre\21.0.7-win32-x86_64\bin\verify.dll
Event: 1.654 Loaded shared library C:\Users\Lucas&Matheus\AppData\Roaming\Code\User\globalStorage\redhat.java\1.43.1\config_win\org.eclipse.equinox.launcher\org.eclipse.equinox.launcher.win32.win32.x86_64_1.2.1300.v20250331-1702\eclipse_11911.dll
Event: 3.595 Loaded shared library C:\Users\Lucas&Matheus\AppData\Local\Temp\jna-73771404\jna8236375244232730563.dll
Event: 6.749 Loaded shared library C:\Users\Lucas&Matheus\.gradle\native\c067742578af261105cb4f569cf0c3c89f3d7b1fecec35dd04571415982c5e48\windows-amd64\native-platform.dll
Event: 8.288 Loaded shared library C:\Users\Lucas&Matheus\.vscode\extensions\redhat.java-1.43.1-win32-x64\jre\21.0.7-win32-x86_64\bin\management.dll
Event: 8.358 Loaded shared library C:\Users\Lucas&Matheus\.vscode\extensions\redhat.java-1.43.1-win32-x64\jre\21.0.7-win32-x86_64\bin\management_ext.dll
Event: 9.530 Loaded shared library C:\Users\Lucas&Matheus\.gradle\native\c067742578af261105cb4f569cf0c3c89f3d7b1fecec35dd04571415982c5e48\windows-amd64-min\native-platform.dll
Event: 11.636 Loaded shared library C:\Users\Lucas&Matheus\.gradle\native\68d5fa5c4cc2d200863cafc0d521ce42e7d3e7ee720ec0a83991735586a16f82\windows-amd64\native-platform.dll
Event: 13.611 Loaded shared library C:\Users\Lucas&Matheus\.gradle\native\1def1411415f61bf3af743bc5b6707747c0891f09f0c88961ee8f79bc544acac\windows-amd64\native-platform.dll
Event: 17.611 Loaded shared library C:\Users\Lucas&Matheus\.vscode\extensions\redhat.java-1.43.1-win32-x64\jre\21.0.7-win32-x86_64\bin\extnet.dll
Event: 17.717 Loaded shared library C:\Users\Lucas&Matheus\.vscode\extensions\redhat.java-1.43.1-win32-x64\jre\21.0.7-win32-x86_64\bin\sunmscapi.dll

Deoptimization events (20 events):
Event: 318.414 Thread 0x000001628575acc0 Uncommon trap: trap_request=0xffffffe4 fr.pc=0x00000162ad416550 relative=0x0000000000000230
Event: 318.417 Thread 0x000001628575acc0 Uncommon trap: reason=range_check action=make_not_entrant pc=0x00000162ad416550 method=java.util.LinkedHashMap.keysToArray([Ljava/lang/Object;Z)[Ljava/lang/Object; @ 67 c2
Event: 318.417 Thread 0x000001628575acc0 DEOPT PACKING pc=0x00000162ad416550 sp=0x00000016635feb30
Event: 318.420 Thread 0x000001628575acc0 DEOPT UNPACKING pc=0x00000162ac363aa2 sp=0x00000016635feab0 mode 2
Event: 399.483 Thread 0x00000162964ec440 Uncommon trap: trap_request=0xffffff45 fr.pc=0x00000162ad3ad89c relative=0x0000000000002cdc
Event: 399.490 Thread 0x00000162964ec440 Uncommon trap: reason=unstable_if action=reinterpret pc=0x00000162ad3ad89c method=com.esotericsoftware.kryo.io.Input.require(I)I @ 65 c2
Event: 399.498 Thread 0x00000162964ec440 DEOPT PACKING pc=0x00000162ad3ad89c sp=0x00000016640fe0f0
Event: 399.499 Thread 0x00000162964ec440 DEOPT UNPACKING pc=0x00000162ac363aa2 sp=0x00000016640fe140 mode 2
Event: 399.509 Thread 0x00000162964ec440 Uncommon trap: trap_request=0xffffff45 fr.pc=0x00000162ad3d8844 relative=0x00000000000023a4
Event: 399.510 Thread 0x00000162964ec440 Uncommon trap: reason=unstable_if action=reinterpret pc=0x00000162ad3d8844 method=org.gradle.internal.remote.internal.inet.SocketConnection$SocketInputStream.read([BII)I @ 13 c2
Event: 399.511 Thread 0x00000162964ec440 DEOPT PACKING pc=0x00000162ad3d8844 sp=0x00000016640fe100
Event: 399.511 Thread 0x00000162964ec440 DEOPT UNPACKING pc=0x00000162ac363aa2 sp=0x00000016640fe130 mode 2
Event: 399.511 Thread 0x00000162964ec440 Uncommon trap: trap_request=0xffffff76 fr.pc=0x00000162ad1068cc relative=0x00000000000004ec
Event: 399.516 Thread 0x00000162964ec440 Uncommon trap: reason=predicate action=maybe_recompile pc=0x00000162ad1068cc method=java.nio.ByteBuffer.getArray(I[BII)Ljava/nio/ByteBuffer; @ 97 c2
Event: 399.516 Thread 0x00000162964ec440 DEOPT PACKING pc=0x00000162ad1068cc sp=0x00000016640fe0b0
Event: 399.516 Thread 0x00000162964ec440 DEOPT UNPACKING pc=0x00000162ac363aa2 sp=0x00000016640fdfe8 mode 2
Event: 399.519 Thread 0x00000162964ec440 Uncommon trap: trap_request=0xffffff45 fr.pc=0x00000162ad41c06c relative=0x000000000000026c
Event: 399.519 Thread 0x00000162964ec440 Uncommon trap: reason=unstable_if action=reinterpret pc=0x00000162ad41c06c method=com.esotericsoftware.kryo.io.Input.optional(I)I @ 154 c2
Event: 399.519 Thread 0x00000162964ec440 DEOPT PACKING pc=0x00000162ad41c06c sp=0x00000016640fe1f0
Event: 399.519 Thread 0x00000162964ec440 DEOPT UNPACKING pc=0x00000162ac363aa2 sp=0x00000016640fe198 mode 2

Classes loaded (20 events):
Event: 22.207 Loading class java/lang/ProcessBuilder$NullInputStream
Event: 22.208 Loading class java/lang/ProcessBuilder$NullInputStream done
Event: 22.210 Loading class java/util/Scanner
Event: 22.214 Loading class java/util/Scanner done
Event: 22.215 Loading class java/util/Scanner$PatternLRUCache
Event: 22.216 Loading class java/util/Scanner$PatternLRUCache done
Event: 24.782 Loading class java/util/regex/Matcher$ImmutableMatchResult
Event: 24.783 Loading class java/util/regex/Matcher$ImmutableMatchResult done
Event: 24.969 Loading class java/util/concurrent/Executors$AutoShutdownDelegatedExecutorService
Event: 24.969 Loading class java/util/concurrent/Executors$AutoShutdownDelegatedExecutorService done
Event: 31.512 Loading class sun/nio/cs/ISO_8859_1$Encoder
Event: 31.513 Loading class sun/nio/cs/ISO_8859_1$Encoder done
Event: 31.513 Loading class sun/nio/cs/Surrogate$Parser
Event: 31.514 Loading class sun/nio/cs/Surrogate$Parser done
Event: 31.514 Loading class sun/nio/cs/Surrogate
Event: 31.514 Loading class sun/nio/cs/Surrogate done
Event: 35.786 Loading class java/time/Ser
Event: 35.788 Loading class java/time/Ser done
Event: 99.383 Loading class java/util/concurrent/ConcurrentLinkedQueue$Itr
Event: 99.384 Loading class java/util/concurrent/ConcurrentLinkedQueue$Itr done

Classes unloaded (7 events):
Event: 4.434 Thread 0x00000162bcfd23c0 Unloading class 0x00000162be1a7000 'java/lang/invoke/LambdaForm$MH+0x00000162be1a7000'
Event: 4.434 Thread 0x00000162bcfd23c0 Unloading class 0x00000162be1a6c00 'java/lang/invoke/LambdaForm$MH+0x00000162be1a6c00'
Event: 4.434 Thread 0x00000162bcfd23c0 Unloading class 0x00000162be1a6800 'java/lang/invoke/LambdaForm$MH+0x00000162be1a6800'
Event: 4.434 Thread 0x00000162bcfd23c0 Unloading class 0x00000162be1a6400 'java/lang/invoke/LambdaForm$MH+0x00000162be1a6400'
Event: 4.434 Thread 0x00000162bcfd23c0 Unloading class 0x00000162be1a6000 'java/lang/invoke/LambdaForm$BMH+0x00000162be1a6000'
Event: 4.434 Thread 0x00000162bcfd23c0 Unloading class 0x00000162be1a5c00 'java/lang/invoke/LambdaForm$DMH+0x00000162be1a5c00'
Event: 4.434 Thread 0x00000162bcfd23c0 Unloading class 0x00000162be1a4800 'java/lang/invoke/LambdaForm$DMH+0x00000162be1a4800'

Classes redefined (0 events):
No events

Internal exceptions (20 events):
Event: 99.377 Thread 0x0000016294236520 Exception <a 'java/lang/NoSuchMethodError'{0x00000007aab1f0b0}: static Lorg/gradle/internal/classloader/ClassLoaderSpec;.<clinit>()V> (0x00000007aab1f0b0) 
thrown [s\src\hotspot\share\prims\jni.cpp, line 1111]
Event: 99.378 Thread 0x0000016294236520 Exception <a 'java/lang/NoSuchMethodError'{0x00000007aab301e8}: static Lorg/gradle/internal/classloader/VisitableURLClassLoader$Spec;.<clinit>()V> (0x00000007aab301e8) 
thrown [s\src\hotspot\share\prims\jni.cpp, line 1111]
Event: 99.449 Thread 0x0000016294236520 Exception <a 'java/lang/NoSuchMethodError'{0x00000007aab615c0}: static Lorg/gradle/api/GradleException;.<clinit>()V> (0x00000007aab615c0) 
thrown [s\src\hotspot\share\prims\jni.cpp, line 1111]
Event: 99.449 Thread 0x0000016294236520 Exception <a 'java/lang/NoSuchMethodError'{0x00000007aab62940}: static Lorg/gradle/api/GradleScriptException;.<clinit>()V> (0x00000007aab62940) 
thrown [s\src\hotspot\share\prims\jni.cpp, line 1111]
Event: 99.526 Thread 0x0000016289b3d0c0 Exception <a 'sun/nio/fs/WindowsException'{0x00000007aadbe740}> (0x00000007aadbe740) 
thrown [s\src\hotspot\share\prims\jni.cpp, line 520]
Event: 103.786 Thread 0x0000016289b3d0c0 Exception <a 'sun/nio/fs/WindowsException'{0x00000007aac51d50}> (0x00000007aac51d50) 
thrown [s\src\hotspot\share\prims\jni.cpp, line 520]
Event: 206.435 Thread 0x0000016286fc36c0 Exception <a 'java/lang/NoSuchMethodError'{0x00000007aac60a08}: static Lcom/android/builder/errors/EvalIssueException;.<clinit>()V> (0x00000007aac60a08) 
thrown [s\src\hotspot\share\prims\jni.cpp, line 1111]
Event: 206.852 Thread 0x0000016289b3d0c0 Exception <a 'sun/nio/fs/WindowsException'{0x00000007aacd75f0}> (0x00000007aacd75f0) 
thrown [s\src\hotspot\share\prims\jni.cpp, line 520]
Event: 219.850 Thread 0x0000016289b3c3a0 Exception <a 'java/lang/NoSuchMethodError'{0x00000007aacee000}: static Lcom/android/builder/errors/EvalIssueException;.<clinit>()V> (0x00000007aacee000) 
thrown [s\src\hotspot\share\prims\jni.cpp, line 1111]
Event: 219.960 Thread 0x0000016289b3d0c0 Exception <a 'sun/nio/fs/WindowsException'{0x00000007aab75ce0}> (0x00000007aab75ce0) 
thrown [s\src\hotspot\share\prims\jni.cpp, line 520]
Event: 307.349 Thread 0x000001629423c790 Exception <a 'java/lang/NoSuchMethodError'{0x00000007aac768c0}: static Lcom/android/builder/errors/EvalIssueException;.<clinit>()V> (0x00000007aac768c0) 
thrown [s\src\hotspot\share\prims\jni.cpp, line 1111]
Event: 313.810 Thread 0x000001629423c790 Exception <a 'java/lang/NoSuchMethodError'{0x00000007aae6fd30}: static Lorg/gradle/api/GradleException;.<clinit>()V> (0x00000007aae6fd30) 
thrown [s\src\hotspot\share\prims\jni.cpp, line 1111]
Event: 313.810 Thread 0x000001629423c790 Exception <a 'java/lang/NoSuchMethodError'{0x00000007aae71c40}: static Lorg/gradle/internal/exceptions/DefaultMultiCauseException;.<clinit>()V> (0x00000007aae71c40) 
thrown [s\src\hotspot\share\prims\jni.cpp, line 1111]
Event: 313.810 Thread 0x000001629423c790 Exception <a 'java/lang/NoSuchMethodError'{0x00000007aae76298}: static Lorg/gradle/api/ProjectConfigurationException;.<clinit>()V> (0x00000007aae76298) 
thrown [s\src\hotspot\share\prims\jni.cpp, line 1111]
Event: 313.933 Thread 0x000001629423c790 Exception <a 'java/lang/NoSuchMethodError'{0x00000007aaf0a700}: static Lorg/gradle/internal/exceptions/ContextAwareException;.<clinit>()V> (0x00000007aaf0a700) 
thrown [s\src\hotspot\share\prims\jni.cpp, line 1111]
Event: 313.933 Thread 0x000001629423c790 Exception <a 'java/lang/NoSuchMethodError'{0x00000007aaf0cad0}: static Lorg/gradle/internal/exceptions/LocationAwareException;.<clinit>()V> (0x00000007aaf0cad0) 
thrown [s\src\hotspot\share\prims\jni.cpp, line 1111]
Event: 319.635 Thread 0x0000016289b3d0c0 Exception <a 'sun/nio/fs/WindowsException'{0x00000007aaf391b0}> (0x00000007aaf391b0) 
thrown [s\src\hotspot\share\prims\jni.cpp, line 520]
Event: 362.559 Thread 0x00000162964ed160 Exception <a 'java/lang/NoSuchMethodError'{0x00000007aac917e8}: static Lcom/android/builder/errors/EvalIssueException;.<clinit>()V> (0x00000007aac917e8) 
thrown [s\src\hotspot\share\prims\jni.cpp, line 1111]
Event: 362.643 Thread 0x00000162964ed160 Exception <a 'java/lang/NoSuchMethodError'{0x00000007aacf46e0}: static Lorg/gradle/api/GradleScriptException;.<clinit>()V> (0x00000007aacf46e0) 
thrown [s\src\hotspot\share\prims\jni.cpp, line 1111]
Event: 366.535 Thread 0x0000016289b3d0c0 Exception <a 'sun/nio/fs/WindowsException'{0x00000007aab49838}> (0x00000007aab49838) 
thrown [s\src\hotspot\share\prims\jni.cpp, line 520]

ZGC Phase Switch (0 events):
No events

VM Operations (20 events):
Event: 407.094 Executing VM operation: ParallelGCFailedAllocation (Allocation Failure)
Event: 407.100 Executing VM operation: ParallelGCFailedAllocation (Allocation Failure) done
Event: 407.192 Executing VM operation: ParallelGCFailedAllocation (Allocation Failure)
Event: 407.195 Executing VM operation: ParallelGCFailedAllocation (Allocation Failure) done
Event: 407.290 Executing VM operation: ParallelGCFailedAllocation (Allocation Failure)
Event: 407.294 Executing VM operation: ParallelGCFailedAllocation (Allocation Failure) done
Event: 407.354 Executing VM operation: ParallelGCFailedAllocation (Allocation Failure)
Event: 407.368 Executing VM operation: ParallelGCFailedAllocation (Allocation Failure) done
Event: 407.452 Executing VM operation: ParallelGCFailedAllocation (Allocation Failure)
Event: 407.477 Executing VM operation: ParallelGCFailedAllocation (Allocation Failure) done
Event: 410.278 Executing VM operation: ParallelGCFailedAllocation (Allocation Failure)
Event: 410.289 Executing VM operation: ParallelGCFailedAllocation (Allocation Failure) done
Event: 417.553 Executing VM operation: ParallelGCFailedAllocation (Allocation Failure)
Event: 417.557 Executing VM operation: ParallelGCFailedAllocation (Allocation Failure) done
Event: 419.781 Executing VM operation: ParallelGCFailedAllocation (Allocation Failure)
Event: 419.782 Executing VM operation: ParallelGCFailedAllocation (Allocation Failure) done
Event: 419.975 Executing VM operation: ParallelGCFailedAllocation (Allocation Failure)
Event: 419.981 Executing VM operation: ParallelGCFailedAllocation (Allocation Failure) done
Event: 420.263 Executing VM operation: ParallelGCFailedAllocation (Allocation Failure)
Event: 420.272 Executing VM operation: ParallelGCFailedAllocation (Allocation Failure) done

Memory protections (0 events):
No events

Nmethod flushes (20 events):
Event: 9.139 Thread 0x00000162bcfd23c0 flushing  nmethod 0x00000162a5694a90
Event: 9.139 Thread 0x00000162bcfd23c0 flushing  nmethod 0x00000162a56a4a90
Event: 9.139 Thread 0x00000162bcfd23c0 flushing  nmethod 0x00000162a56b4210
Event: 9.139 Thread 0x00000162bcfd23c0 flushing  nmethod 0x00000162a56be810
Event: 9.139 Thread 0x00000162bcfd23c0 flushing  nmethod 0x00000162a56d5a90
Event: 9.139 Thread 0x00000162bcfd23c0 flushing  nmethod 0x00000162a56d7010
Event: 9.139 Thread 0x00000162bcfd23c0 flushing  nmethod 0x00000162a56d7390
Event: 9.139 Thread 0x00000162bcfd23c0 flushing  nmethod 0x00000162a56dc810
Event: 9.139 Thread 0x00000162bcfd23c0 flushing  nmethod 0x00000162a56e8d90
Event: 9.139 Thread 0x00000162bcfd23c0 flushing  nmethod 0x00000162a56f0290
Event: 9.139 Thread 0x00000162bcfd23c0 flushing  nmethod 0x00000162a573eb90
Event: 9.139 Thread 0x00000162bcfd23c0 flushing  nmethod 0x00000162a5741190
Event: 9.139 Thread 0x00000162bcfd23c0 flushing  nmethod 0x00000162a5741710
Event: 9.139 Thread 0x00000162bcfd23c0 flushing  nmethod 0x00000162a5742210
Event: 9.139 Thread 0x00000162bcfd23c0 flushing  nmethod 0x00000162a574a490
Event: 9.139 Thread 0x00000162bcfd23c0 flushing  nmethod 0x00000162a5751b90
Event: 9.139 Thread 0x00000162bcfd23c0 flushing  nmethod 0x00000162a5755310
Event: 9.139 Thread 0x00000162bcfd23c0 flushing  nmethod 0x00000162a5765e10
Event: 9.139 Thread 0x00000162bcfd23c0 flushing  nmethod 0x00000162a5767e90
Event: 9.139 Thread 0x00000162bcfd23c0 flushing  nmethod 0x00000162a5769090

Events (20 events):
Event: 320.508 Thread 0x0000016289b3d0c0 Thread added: 0x00000162964eb720
Event: 320.524 Thread 0x0000016289b3d0c0 Thread added: 0x00000162964ed160
Event: 321.058 Thread 0x00000162964ed160 Thread added: 0x00000162964ecad0
Event: 362.232 Thread 0x00000162964ecad0 Thread exited: 0x00000162964ecad0
Event: 362.695 Thread 0x00000162964ed160 Thread exited: 0x00000162964ed160
Event: 363.603 Thread 0x0000016289b3d0c0 Thread added: 0x00000162964ea370
Event: 364.118 Thread 0x0000016289b3d0c0 Thread added: 0x00000162964ecad0
Event: 366.130 Thread 0x00000162964ecad0 Thread exited: 0x00000162964ecad0
Event: 366.918 Thread 0x0000016289b3d0c0 Thread added: 0x00000162964ecad0
Event: 366.945 Thread 0x0000016289b3d0c0 Thread added: 0x00000162964ed7f0
Event: 366.998 Thread 0x00000162964ed7f0 Thread exited: 0x00000162964ed7f0
Event: 367.074 Thread 0x0000016289b3d0c0 Thread added: 0x00000162964ed160
Event: 368.054 Thread 0x0000016289b3d0c0 Thread added: 0x00000162964ebdb0
Event: 368.068 Thread 0x00000162a1ca7150 Thread added: 0x0000016289b154c0
Event: 368.073 Thread 0x0000016289b3d0c0 Thread added: 0x00000162964ede80
Event: 368.094 Thread 0x00000162964ede80 Thread exited: 0x00000162964ede80
Event: 368.110 Thread 0x0000016289b3d0c0 Thread added: 0x00000162964eaa00
Event: 368.116 Thread 0x0000016289b3d0c0 Thread added: 0x00000162964ec440
Event: 368.469 Thread 0x0000016289b154c0 Thread exited: 0x0000016289b154c0
Event: 369.446 Thread 0x00000162964ec440 Thread added: 0x00000162964eb090


Dynamic libraries:
0x00007ff74e6b0000 - 0x00007ff74e6be000 	c:\Users\Lucas&Matheus\.vscode\extensions\redhat.java-1.43.1-win32-x64\jre\21.0.7-win32-x86_64\bin\java.exe
0x00007ff982b00000 - 0x00007ff982d68000 	C:\Windows\SYSTEM32\ntdll.dll
0x00007ff980970000 - 0x00007ff980a39000 	C:\Windows\System32\KERNEL32.DLL
0x00007ff97fe20000 - 0x00007ff98020d000 	C:\Windows\System32\KERNELBASE.dll
0x00007ff980510000 - 0x00007ff98065b000 	C:\Windows\System32\ucrtbase.dll
0x00007ff96acc0000 - 0x00007ff96acd8000 	c:\Users\Lucas&Matheus\.vscode\extensions\redhat.java-1.43.1-win32-x64\jre\21.0.7-win32-x86_64\bin\jli.dll
0x00007ff9821c0000 - 0x00007ff98238c000 	C:\Windows\System32\USER32.dll
0x00007ff980420000 - 0x00007ff980447000 	C:\Windows\System32\win32u.dll
0x00007ff982810000 - 0x00007ff98283b000 	C:\Windows\System32\GDI32.dll
0x00007ff97fc30000 - 0x00007ff97fd67000 	C:\Windows\System32\gdi32full.dll
0x00007ff97fd70000 - 0x00007ff97fe13000 	C:\Windows\System32\msvcp_win.dll
0x00007ff96ac90000 - 0x00007ff96acae000 	c:\Users\Lucas&Matheus\.vscode\extensions\redhat.java-1.43.1-win32-x64\jre\21.0.7-win32-x86_64\bin\VCRUNTIME140.dll
0x00007ff96aec0000 - 0x00007ff96b15a000 	C:\Windows\WinSxS\amd64_microsoft.windows.common-controls_6595b64144ccf1df_6.0.26100.4441_none_3e0ab07ce3324174\COMCTL32.dll
0x00007ff982840000 - 0x00007ff9828e9000 	C:\Windows\System32\msvcrt.dll
0x00007ff9813b0000 - 0x00007ff9813df000 	C:\Windows\System32\IMM32.DLL
0x00007ff9795f0000 - 0x00007ff9795fc000 	c:\Users\Lucas&Matheus\.vscode\extensions\redhat.java-1.43.1-win32-x64\jre\21.0.7-win32-x86_64\bin\vcruntime140_1.dll
0x00007ff94e690000 - 0x00007ff94e71d000 	c:\Users\Lucas&Matheus\.vscode\extensions\redhat.java-1.43.1-win32-x64\jre\21.0.7-win32-x86_64\bin\msvcp140.dll
0x00007ff91ceb0000 - 0x00007ff91dc40000 	c:\Users\Lucas&Matheus\.vscode\extensions\redhat.java-1.43.1-win32-x64\jre\21.0.7-win32-x86_64\bin\server\jvm.dll
0x00007ff9812f0000 - 0x00007ff9813a4000 	C:\Windows\System32\ADVAPI32.dll
0x00007ff9813f0000 - 0x00007ff981496000 	C:\Windows\System32\sechost.dll
0x00007ff9829a0000 - 0x00007ff982ab8000 	C:\Windows\System32\RPCRT4.dll
0x00007ff980b50000 - 0x00007ff980bc4000 	C:\Windows\System32\WS2_32.dll
0x00007ff97fa80000 - 0x00007ff97fade000 	C:\Windows\SYSTEM32\POWRPROF.dll
0x00007ff970780000 - 0x00007ff9707b5000 	C:\Windows\SYSTEM32\WINMM.dll
0x00007ff9764e0000 - 0x00007ff9764eb000 	C:\Windows\SYSTEM32\VERSION.dll
0x00007ff97f9b0000 - 0x00007ff97f9c4000 	C:\Windows\SYSTEM32\UMPDC.dll
0x00007ff97e9e0000 - 0x00007ff97e9fb000 	C:\Windows\SYSTEM32\kernel.appcore.dll
0x00007ff979520000 - 0x00007ff97952a000 	c:\Users\Lucas&Matheus\.vscode\extensions\redhat.java-1.43.1-win32-x64\jre\21.0.7-win32-x86_64\bin\jimage.dll
0x00007ff979920000 - 0x00007ff979b61000 	C:\Windows\SYSTEM32\DBGHELP.DLL
0x00007ff982410000 - 0x00007ff982796000 	C:\Windows\System32\combase.dll
0x00007ff982040000 - 0x00007ff982120000 	C:\Windows\System32\OLEAUT32.dll
0x00007ff969730000 - 0x00007ff969773000 	C:\Windows\SYSTEM32\dbgcore.DLL
0x00007ff9807e0000 - 0x00007ff980879000 	C:\Windows\System32\bcryptPrimitives.dll
0x00007ff978fc0000 - 0x00007ff978fcf000 	c:\Users\Lucas&Matheus\.vscode\extensions\redhat.java-1.43.1-win32-x64\jre\21.0.7-win32-x86_64\bin\instrument.dll
0x00007ff9658a0000 - 0x00007ff9658bf000 	c:\Users\Lucas&Matheus\.vscode\extensions\redhat.java-1.43.1-win32-x64\jre\21.0.7-win32-x86_64\bin\java.dll
0x00007ff9814a0000 - 0x00007ff981bee000 	C:\Windows\System32\SHELL32.dll
0x00007ff980210000 - 0x00007ff980384000 	C:\Windows\System32\wintypes.dll
0x00007ff97d8b0000 - 0x00007ff97e10f000 	C:\Windows\SYSTEM32\windows.storage.dll
0x00007ff980a40000 - 0x00007ff980b35000 	C:\Windows\System32\SHCORE.dll
0x00007ff9827a0000 - 0x00007ff98280a000 	C:\Windows\System32\shlwapi.dll
0x00007ff97fb40000 - 0x00007ff97fb6f000 	C:\Windows\SYSTEM32\profapi.dll
0x00007ff964f70000 - 0x00007ff964f88000 	c:\Users\Lucas&Matheus\.vscode\extensions\redhat.java-1.43.1-win32-x64\jre\21.0.7-win32-x86_64\bin\zip.dll
0x00007ff973a40000 - 0x00007ff973a50000 	C:\Users\Lucas&Matheus\.vscode\extensions\redhat.java-1.43.1-win32-x64\jre\21.0.7-win32-x86_64\bin\net.dll
0x00007ff979c90000 - 0x00007ff979dae000 	C:\Windows\SYSTEM32\WINHTTP.dll
0x00007ff97ef60000 - 0x00007ff97efca000 	C:\Windows\system32\mswsock.dll
0x00007ff9658e0000 - 0x00007ff9658f6000 	C:\Users\Lucas&Matheus\.vscode\extensions\redhat.java-1.43.1-win32-x64\jre\21.0.7-win32-x86_64\bin\nio.dll
0x00007ff9731c0000 - 0x00007ff9731d0000 	c:\Users\Lucas&Matheus\.vscode\extensions\redhat.java-1.43.1-win32-x64\jre\21.0.7-win32-x86_64\bin\verify.dll
0x00007ff964000000 - 0x00007ff964045000 	C:\Users\Lucas&Matheus\AppData\Roaming\Code\User\globalStorage\redhat.java\1.43.1\config_win\org.eclipse.equinox.launcher\org.eclipse.equinox.launcher.win32.win32.x86_64_1.2.1300.v20250331-1702\eclipse_11911.dll
0x00007ff981e40000 - 0x00007ff981fde000 	C:\Windows\System32\ole32.dll
0x00007ff97f210000 - 0x00007ff97f22b000 	C:\Windows\SYSTEM32\CRYPTSP.dll
0x00007ff97e940000 - 0x00007ff97e97a000 	C:\Windows\system32\rsaenh.dll
0x00007ff97f000000 - 0x00007ff97f02b000 	C:\Windows\SYSTEM32\USERENV.dll
0x00007ff97fb10000 - 0x00007ff97fb36000 	C:\Windows\SYSTEM32\bcrypt.dll
0x00007ff97f230000 - 0x00007ff97f23c000 	C:\Windows\SYSTEM32\CRYPTBASE.dll
0x00007ff97e410000 - 0x00007ff97e443000 	C:\Windows\SYSTEM32\IPHLPAPI.DLL
0x00007ff9811d0000 - 0x00007ff9811da000 	C:\Windows\System32\NSI.dll
0x00007ff9610f0000 - 0x00007ff961139000 	C:\Users\Lucas&Matheus\AppData\Local\Temp\jna-73771404\jna8236375244232730563.dll
0x00007ff980880000 - 0x00007ff980888000 	C:\Windows\System32\PSAPI.DLL
0x00007ff97ab20000 - 0x00007ff97ab3f000 	C:\Windows\SYSTEM32\dhcpcsvc6.DLL
0x00007ff97a770000 - 0x00007ff97a795000 	C:\Windows\SYSTEM32\dhcpcsvc.DLL
0x00007ff965910000 - 0x00007ff965937000 	C:\Users\Lucas&Matheus\.gradle\native\c067742578af261105cb4f569cf0c3c89f3d7b1fecec35dd04571415982c5e48\windows-amd64\native-platform.dll
0x00007ff979670000 - 0x00007ff97967a000 	C:\Users\Lucas&Matheus\.vscode\extensions\redhat.java-1.43.1-win32-x64\jre\21.0.7-win32-x86_64\bin\management.dll
0x00007ff979660000 - 0x00007ff97966b000 	C:\Users\Lucas&Matheus\.vscode\extensions\redhat.java-1.43.1-win32-x64\jre\21.0.7-win32-x86_64\bin\management_ext.dll
0x00007ff96bb00000 - 0x00007ff96bb27000 	C:\Users\Lucas&Matheus\.gradle\native\c067742578af261105cb4f569cf0c3c89f3d7b1fecec35dd04571415982c5e48\windows-amd64-min\native-platform.dll
0x00007ff945d10000 - 0x00007ff945d37000 	C:\Users\Lucas&Matheus\.gradle\native\68d5fa5c4cc2d200863cafc0d521ce42e7d3e7ee720ec0a83991735586a16f82\windows-amd64\native-platform.dll
0x00007ff95e740000 - 0x00007ff95e767000 	C:\Users\Lucas&Matheus\.gradle\native\1def1411415f61bf3af743bc5b6707747c0891f09f0c88961ee8f79bc544acac\windows-amd64\native-platform.dll
0x00007ff979650000 - 0x00007ff979659000 	C:\Users\Lucas&Matheus\.vscode\extensions\redhat.java-1.43.1-win32-x64\jre\21.0.7-win32-x86_64\bin\extnet.dll
0x00007ff979640000 - 0x00007ff97964e000 	C:\Users\Lucas&Matheus\.vscode\extensions\redhat.java-1.43.1-win32-x64\jre\21.0.7-win32-x86_64\bin\sunmscapi.dll
0x00007ff980660000 - 0x00007ff9807d7000 	C:\Windows\System32\CRYPT32.dll
0x00007ff97f430000 - 0x00007ff97f460000 	C:\Windows\SYSTEM32\ncrypt.dll
0x00007ff97f3e0000 - 0x00007ff97f41f000 	C:\Windows\SYSTEM32\NTASN1.dll
0x00007ff9162f0000 - 0x00007ff9162f8000 	C:\Windows\system32\wshunix.dll

dbghelp: loaded successfully - version: 4.0.5 - missing functions: none
symbol engine: initialized successfully - sym options: 0x614 - pdb path: .;c:\Users\Lucas&Matheus\.vscode\extensions\redhat.java-1.43.1-win32-x64\jre\21.0.7-win32-x86_64\bin;C:\Windows\SYSTEM32;C:\Windows\WinSxS\amd64_microsoft.windows.common-controls_6595b64144ccf1df_6.0.26100.4441_none_3e0ab07ce3324174;c:\Users\Lucas&Matheus\.vscode\extensions\redhat.java-1.43.1-win32-x64\jre\21.0.7-win32-x86_64\bin\server;C:\Users\Lucas&Matheus\AppData\Roaming\Code\User\globalStorage\redhat.java\1.43.1\config_win\org.eclipse.equinox.launcher\org.eclipse.equinox.launcher.win32.win32.x86_64_1.2.1300.v20250331-1702;C:\Users\Lucas&Matheus\AppData\Local\Temp\jna-73771404;C:\Users\Lucas&Matheus\.gradle\native\c067742578af261105cb4f569cf0c3c89f3d7b1fecec35dd04571415982c5e48\windows-amd64;C:\Users\Lucas&Matheus\.gradle\native\c067742578af261105cb4f569cf0c3c89f3d7b1fecec35dd04571415982c5e48\windows-amd64-min;C:\Users\Lucas&Matheus\.gradle\native\68d5fa5c4cc2d200863cafc0d521ce42e7d3e7ee720ec0a83991735586a16f82\windows-amd64;C:\Users\Lucas&Matheus\.gradle\native\1def1411415f61bf3af743bc5b6707747c0891f09f0c88961ee8f79bc544acac\windows-amd64

VM Arguments:
jvm_args: --add-modules=ALL-SYSTEM --add-opens=java.base/java.util=ALL-UNNAMED --add-opens=java.base/java.lang=ALL-UNNAMED --add-opens=java.base/sun.nio.fs=ALL-UNNAMED -Declipse.application=org.eclipse.jdt.ls.core.id1 -Dosgi.bundles.defaultStartLevel=4 -Declipse.product=org.eclipse.jdt.ls.core.product -Djava.import.generatesMetadataFilesAtProjectRoot=false -DDetectVMInstallationsJob.disabled=true -Dfile.encoding=utf8 -XX:+UseParallelGC -XX:GCTimeRatio=4 -XX:AdaptiveSizePolicyWeight=90 -Dsun.zip.disableMemoryMapping=true -Xmx4G -Xms100m -Xlog:disable -javaagent:c:\Users\Lucas&Matheus\.vscode\extensions\redhat.java-1.43.1-win32-x64\lombok\lombok-1.18.39-4050.jar -XX:+HeapDumpOnOutOfMemoryError -XX:HeapDumpPath=c:\Users\Lucas&Matheus\AppData\Roaming\Code\User\workspaceStorage\43840fc305b14c407294d896764d075f\redhat.java -Daether.dependencyCollector.impl=bf 
java_command: c:\Users\Lucas&Matheus\.vscode\extensions\redhat.java-1.43.1-win32-x64\server\plugins\org.eclipse.equinox.launcher_1.7.0.v20250519-0528.jar -configuration c:\Users\Lucas&Matheus\AppData\Roaming\Code\User\globalStorage\redhat.java\1.43.1\config_win -data c:\Users\Lucas&Matheus\AppData\Roaming\Code\User\workspaceStorage\43840fc305b14c407294d896764d075f\redhat.java\jdt_ws --pipe=\\.\pipe\lsp-dc3f18d171550a90af70a6f02574fd95-sock
java_class_path (initial): c:\Users\Lucas&Matheus\.vscode\extensions\redhat.java-1.43.1-win32-x64\server\plugins\org.eclipse.equinox.launcher_1.7.0.v20250519-0528.jar
Launcher Type: SUN_STANDARD

[Global flags]
    uintx AdaptiveSizePolicyWeight                 = 90                                        {product} {command line}
     intx CICompilerCount                          = 4                                         {product} {ergonomic}
    uintx GCTimeRatio                              = 4                                         {product} {command line}
     bool HeapDumpOnOutOfMemoryError               = true                                   {manageable} {command line}
    ccstr HeapDumpPath                             = c:\Users\Lucas&Matheus\AppData\Roaming\Code\User\workspaceStorage\43840fc305b14c407294d896764d075f\redhat.java         {manageable} {command line}
   size_t InitialHeapSize                          = 104857600                                 {product} {command line}
   size_t MaxHeapSize                              = 4294967296                                {product} {command line}
   size_t MaxNewSize                               = 1431306240                                {product} {ergonomic}
   size_t MinHeapDeltaBytes                        = 524288                                    {product} {ergonomic}
   size_t MinHeapSize                              = 104857600                                 {product} {command line}
   size_t NewSize                                  = 34603008                                  {product} {ergonomic}
    uintx NonNMethodCodeHeapSize                   = 5839372                                {pd product} {ergonomic}
    uintx NonProfiledCodeHeapSize                  = 122909434                              {pd product} {ergonomic}
   size_t OldSize                                  = 70254592                                  {product} {ergonomic}
    uintx ProfiledCodeHeapSize                     = 122909434                              {pd product} {ergonomic}
    uintx ReservedCodeCacheSize                    = 251658240                              {pd product} {ergonomic}
     bool SegmentedCodeCache                       = true                                      {product} {ergonomic}
   size_t SoftMaxHeapSize                          = 4294967296                             {manageable} {ergonomic}
     bool UseCompressedOops                        = true                           {product lp64_product} {ergonomic}
     bool UseLargePagesIndividualAllocation        = false                                  {pd product} {ergonomic}
     bool UseParallelGC                            = true                                      {product} {command line}

Logging:
Log output configuration:
 #0: stdout all=off uptime,level,tags foldmultilines=false
 #1: stderr all=off uptime,level,tags foldmultilines=false

Environment Variables:
JAVA_HOME=C:\Program Files\OpenJDK\jdk-22.0.2
PATH=C:\Program Files\Common Files\Oracle\Java\javapath;C:\Windows\system32;C:\Windows;C:\Windows\System32\Wbem;C:\Windows\System32\WindowsPowerShell\v1.0\;C:\Windows\System32\OpenSSH\;C:\ProgramData\chocolatey\bin;C:\Program Files\OpenJDK\jdk-22.0.2\bin;C:\Program Files\Git\cmd;C:\Windows\system32;C:\Windows;C:\Windows\System32\Wbem;C:\Windows\System32\WindowsPowerShell\v1.0\;C:\Windows\System32\OpenSSH\;C:\Program Files\MySQL\MySQL Shell 8.0\bin\;C:\Users\Lucas&Matheus\AppData\Local\Microsoft\WindowsApps;C:\Users\Lucas&Matheus\AppData\Local\Programs\Microsoft VS Code\bin;C:\Users\Lucas&Matheus\Music\flutter\bin;D:\flutter\bin
USERNAME=Lucas
OS=Windows_NT
PROCESSOR_IDENTIFIER=AMD64 Family 25 Model 80 Stepping 0, AuthenticAMD
TMP=C:\Users\LUCAS&~1\AppData\Local\Temp
TEMP=C:\Users\LUCAS&~1\AppData\Local\Temp




Periodic native trim disabled

---------------  S Y S T E M  ---------------

OS:
 Windows 11 , 64 bit Build 26100 (10.0.26100.4441)
OS uptime: 0 days 1:25 hours

CPU: total 12 (initial active 12) (12 cores per cpu, 2 threads per core) family 25 model 80 stepping 0 microcode 0xa50000c, cx8, cmov, fxsr, ht, mmx, 3dnowpref, sse, sse2, sse3, ssse3, sse4a, sse4.1, sse4.2, popcnt, lzcnt, tsc, tscinvbit, avx, avx2, aes, erms, clmul, bmi1, bmi2, adx, sha, fma, vzeroupper, clflush, clflushopt, rdtscp, rdpid, fsrm, f16c, pku, cet_ss
Processor Information for the first 12 processors :
  Max Mhz: 3901, Current Mhz: 3901, Mhz Limit: 3901

Memory: 4k page, system-wide physical 6964M (1034M free)
TotalPageFile size 28468M (AvailPageFile size 2M)
current process WorkingSet (physical memory assigned to process): 184M, peak: 1105M
current process commit charge ("private bytes"): 2384M, peak: 2385M

vm_info: OpenJDK 64-Bit Server VM (21.0.7+6-LTS) for windows-amd64 JRE (21.0.7+6-LTS), built on 2025-04-15T00:00:00Z by "admin" with MS VC++ 17.7 (VS2022)

END.
